<?xml version="1.0" encoding="utf-8"?>
<TestRun id="f798e35c-7b72-48f1-a534-de33d3bb7ac0" name="@mac 2026-01-11 21:43:25" xmlns="http://microsoft.com/schemas/VisualStudio/TeamTest/2010">
  <Times creation="2026-01-11T21:43:25.8555050-05:00" queuing="2026-01-11T21:43:25.8555050-05:00" start="2026-01-11T21:43:25.5021610-05:00" finish="2026-01-11T21:43:25.9387370-05:00" />
  <TestSettings name="default" id="97fd5d53-b6da-491e-8468-510d3a6fb63f">
    <Deployment runDeploymentRoot="_mac_2026-01-11_21_43_25" />
  </TestSettings>
  <Results>
    <UnitTestResult executionId="bdc705de-3288-484c-9ba0-dad49d4511a5" testId="b1b474a2-22b0-995f-5ec1-c528e21ab605" testName="Sharpy.Core.Tests.Set_Tests.Set_Difference_Left_Empty" computerName="mac" duration="00:00:00.0000402" startTime="2026-01-11T21:43:25.8969630-05:00" endTime="2026-01-11T21:43:25.8970190-05:00" testType="13cdc9d9-ddb5-4fa4-a97d-d965ccfc6d4b" outcome="Passed" testListId="8c84fa94-04c1-424b-9868-57a2d4851a1d" relativeResultsDirectory="bdc705de-3288-484c-9ba0-dad49d4511a5" />
    <UnitTestResult executionId="428fd9e5-0e9f-4406-b486-82975f92a521" testId="c9d55c11-7295-e083-3955-29aec3feefbc" testName="Sharpy.Core.Tests.SetConversionTests.Set_FromIterable_ReturnsSet" computerName="mac" duration="00:00:00.0005854" startTime="2026-01-11T21:43:25.8854840-05:00" endTime="2026-01-11T21:43:25.8860580-05:00" testType="13cdc9d9-ddb5-4fa4-a97d-d965ccfc6d4b" outcome="Passed" testListId="8c84fa94-04c1-424b-9868-57a2d4851a1d" relativeResultsDirectory="428fd9e5-0e9f-4406-b486-82975f92a521" />
    <UnitTestResult executionId="8f109aa2-95a7-4def-8646-3f9f3d2f4296" testId="6d593232-7845-a772-726a-73c4ed339d28" testName="Sharpy.Core.Tests.Range_Tests.Range_TwoArguments_GeneratesStartToStop" computerName="mac" duration="00:00:00.0129719" startTime="2026-01-11T21:43:25.8262100-05:00" endTime="2026-01-11T21:43:25.8541110-05:00" testType="13cdc9d9-ddb5-4fa4-a97d-d965ccfc6d4b" outcome="Passed" testListId="8c84fa94-04c1-424b-9868-57a2d4851a1d" relativeResultsDirectory="8f109aa2-95a7-4def-8646-3f9f3d2f4296" />
    <UnitTestResult executionId="9243a12a-0c11-46af-9aba-3bc669de312b" testId="7bce6995-6fcd-5e30-2514-c0fb38f1b13a" testName="Sharpy.Core.Tests.List_Tests.List_Implements_Addition_Interfaces" computerName="mac" duration="00:00:00.0001733" startTime="2026-01-11T21:43:25.9026100-05:00" endTime="2026-01-11T21:43:25.9030100-05:00" testType="13cdc9d9-ddb5-4fa4-a97d-d965ccfc6d4b" outcome="Passed" testListId="8c84fa94-04c1-424b-9868-57a2d4851a1d" relativeResultsDirectory="9243a12a-0c11-46af-9aba-3bc669de312b" />
    <UnitTestResult executionId="0f9a8a9a-d0d6-4eca-97a7-dfe77680c557" testId="2bc15baa-4797-f68a-d023-29f6da7cc8e4" testName="Sharpy.Core.Tests.List_Tests.List_Dunder_Replace_Slice_Not_Single_Step_Same_Start_And_End_Same_Num_Elems" computerName="mac" duration="00:00:00.0000707" startTime="2026-01-11T21:43:25.9143500-05:00" endTime="2026-01-11T21:43:25.9143640-05:00" testType="13cdc9d9-ddb5-4fa4-a97d-d965ccfc6d4b" outcome="Passed" testListId="8c84fa94-04c1-424b-9868-57a2d4851a1d" relativeResultsDirectory="0f9a8a9a-d0d6-4eca-97a7-dfe77680c557" />
    <UnitTestResult executionId="433384a0-f1ed-46aa-8477-f0a76000d7b8" testId="faf0da51-c6ca-f72b-3fda-8a0ef80d7825" testName="Sharpy.Core.Tests.Issubclass_Tests.Issubclass_NullClass_ThrowsTypeError" computerName="mac" duration="00:00:00.0033435" startTime="2026-01-11T21:43:25.8389730-05:00" endTime="2026-01-11T21:43:25.8545500-05:00" testType="13cdc9d9-ddb5-4fa4-a97d-d965ccfc6d4b" outcome="Passed" testListId="8c84fa94-04c1-424b-9868-57a2d4851a1d" relativeResultsDirectory="433384a0-f1ed-46aa-8477-f0a76000d7b8" />
    <UnitTestResult executionId="61455754-651b-4a84-829c-81282142af63" testId="a0e5934c-7cec-2cc2-d36b-56738167e4d4" testName="Sharpy.Core.Tests.DoubleConversionTests.Double_FromInt_ReturnsDouble" computerName="mac" duration="00:00:00.0002938" startTime="2026-01-11T21:43:25.8748780-05:00" endTime="2026-01-11T21:43:25.8750340-05:00" testType="13cdc9d9-ddb5-4fa4-a97d-d965ccfc6d4b" outcome="Passed" testListId="8c84fa94-04c1-424b-9868-57a2d4851a1d" relativeResultsDirectory="61455754-651b-4a84-829c-81282142af63" />
    <UnitTestResult executionId="a8a37a24-1669-4939-8a45-ce7e97e8fe8c" testId="bc727573-1410-bdad-d1af-1a520a00b8a5" testName="Sharpy.Core.Tests.Range_Tests.Range_EmptyRange_ReturnsEmptyIterator" computerName="mac" duration="00:00:00.0002704" startTime="2026-01-11T21:43:25.8544440-05:00" endTime="2026-01-11T21:43:25.8550930-05:00" testType="13cdc9d9-ddb5-4fa4-a97d-d965ccfc6d4b" outcome="Passed" testListId="8c84fa94-04c1-424b-9868-57a2d4851a1d" relativeResultsDirectory="a8a37a24-1669-4939-8a45-ce7e97e8fe8c" />
    <UnitTestResult executionId="a3240aaf-0d28-4356-8da3-2c75c25ba717" testId="e3b494ff-26bf-74ce-5f76-9ade8a3a53c3" testName="Sharpy.Core.Tests.StrMethods_Tests.RemovePrefix_WithEmptyPrefix_ReturnsOriginal" computerName="mac" duration="00:00:00.0000417" startTime="2026-01-11T21:43:25.8978910-05:00" endTime="2026-01-11T21:43:25.8979860-05:00" testType="13cdc9d9-ddb5-4fa4-a97d-d965ccfc6d4b" outcome="Passed" testListId="8c84fa94-04c1-424b-9868-57a2d4851a1d" relativeResultsDirectory="a3240aaf-0d28-4356-8da3-2c75c25ba717" />
    <UnitTestResult executionId="1bc92eda-409a-4ecf-bcc7-de1cc33d00f1" testId="7a75ff23-b129-8739-bcca-18ee8669ade0" testName="Sharpy.Core.Tests.Set_Tests.Set_IsSubset_TrueSubset_ReturnsTrue" computerName="mac" duration="00:00:00.0001600" startTime="2026-01-11T21:43:25.8746680-05:00" endTime="2026-01-11T21:43:25.8748940-05:00" testType="13cdc9d9-ddb5-4fa4-a97d-d965ccfc6d4b" outcome="Passed" testListId="8c84fa94-04c1-424b-9868-57a2d4851a1d" relativeResultsDirectory="1bc92eda-409a-4ecf-bcc7-de1cc33d00f1" />
    <UnitTestResult executionId="b82fbc55-d382-4961-be8b-0792e3699a9e" testId="b1cca5dc-215c-3055-db6f-b460307e64be" testName="Sharpy.Core.Tests.List_Tests.List_Delete_Slice_Zero_Step" computerName="mac" duration="00:00:00.0001314" startTime="2026-01-11T21:43:25.9143000-05:00" endTime="2026-01-11T21:43:25.9143150-05:00" testType="13cdc9d9-ddb5-4fa4-a97d-d965ccfc6d4b" outcome="Passed" testListId="8c84fa94-04c1-424b-9868-57a2d4851a1d" relativeResultsDirectory="b82fbc55-d382-4961-be8b-0792e3699a9e" />
    <UnitTestResult executionId="52350232-2e55-4756-bb35-57391d8bc2a2" testId="8e19a2f0-4c1f-95a2-3846-736f54c538de" testName="Sharpy.Core.Tests.Print_Tests.Print_MultipleArgs_SeparatesWithSpace" computerName="mac" duration="00:00:00.0000779" startTime="2026-01-11T21:43:25.8935640-05:00" endTime="2026-01-11T21:43:25.8939070-05:00" testType="13cdc9d9-ddb5-4fa4-a97d-d965ccfc6d4b" outcome="Passed" testListId="8c84fa94-04c1-424b-9868-57a2d4851a1d" relativeResultsDirectory="52350232-2e55-4756-bb35-57391d8bc2a2" />
    <UnitTestResult executionId="77aa6c81-1e50-46ac-82c2-d94d8cb182a3" testId="24dad697-fa56-556b-ddb4-c6013f8f30a6" testName="Sharpy.Core.Tests.List_Tests.List_Dunder_Replace_Slice_Not_Single_Step_Not_Same_Num_Elems" computerName="mac" duration="00:00:00.0001899" startTime="2026-01-11T21:43:25.9047690-05:00" endTime="2026-01-11T21:43:25.9048340-05:00" testType="13cdc9d9-ddb5-4fa4-a97d-d965ccfc6d4b" outcome="Passed" testListId="8c84fa94-04c1-424b-9868-57a2d4851a1d" relativeResultsDirectory="77aa6c81-1e50-46ac-82c2-d94d8cb182a3" />
    <UnitTestResult executionId="54691f29-c158-4be9-94dc-f3e97dab0fd4" testId="9e43d7a0-51a0-9036-3e89-411749b77256" testName="Sharpy.Core.Tests.IteratorInteropTests.SharpyList_CanBeUsedInCSharpForeach" computerName="mac" duration="00:00:00.0000769" startTime="2026-01-11T21:43:25.9096690-05:00" endTime="2026-01-11T21:43:25.9097350-05:00" testType="13cdc9d9-ddb5-4fa4-a97d-d965ccfc6d4b" outcome="Passed" testListId="8c84fa94-04c1-424b-9868-57a2d4851a1d" relativeResultsDirectory="54691f29-c158-4be9-94dc-f3e97dab0fd4" />
    <UnitTestResult executionId="06f4dafc-3438-4782-ae95-2824e2ab30bb" testId="c5722520-692c-842d-a451-0fca0f3a44a1" testName="Sharpy.Core.Tests.Set_Tests.Set_SymmetricDifference_SingleElementOverlap_ReturnsCorrectResult" computerName="mac" duration="00:00:00.0002071" startTime="2026-01-11T21:43:25.8859620-05:00" endTime="2026-01-11T21:43:25.8860250-05:00" testType="13cdc9d9-ddb5-4fa4-a97d-d965ccfc6d4b" outcome="Passed" testListId="8c84fa94-04c1-424b-9868-57a2d4851a1d" relativeResultsDirectory="06f4dafc-3438-4782-ae95-2824e2ab30bb" />
    <UnitTestResult executionId="af2df936-edb7-47c9-9f3f-570390b8c952" testId="62235736-aaea-f839-73f5-40a40ee5b5a4" testName="Sharpy.Core.Tests.Str_Tests.Lower_ConvertsToLowercase" computerName="mac" duration="00:00:00.0000574" startTime="2026-01-11T21:43:25.8719540-05:00" endTime="2026-01-11T21:43:25.8719770-05:00" testType="13cdc9d9-ddb5-4fa4-a97d-d965ccfc6d4b" outcome="Passed" testListId="8c84fa94-04c1-424b-9868-57a2d4851a1d" relativeResultsDirectory="af2df936-edb7-47c9-9f3f-570390b8c952" />
    <UnitTestResult executionId="d2de18df-c9b3-479a-9e69-79253d4beaa6" testId="54534595-6f2f-9ad2-592d-c6ab9f45d5e1" testName="Sharpy.Core.Tests.ListTests+Comparison.GreaterThanOrEqual_NonEmptyVsEmpty_ReturnsTrue" computerName="mac" duration="00:00:00.0000409" startTime="2026-01-11T21:43:25.8659060-05:00" endTime="2026-01-11T21:43:25.8660050-05:00" testType="13cdc9d9-ddb5-4fa4-a97d-d965ccfc6d4b" outcome="Passed" testListId="8c84fa94-04c1-424b-9868-57a2d4851a1d" relativeResultsDirectory="d2de18df-c9b3-479a-9e69-79253d4beaa6" />
    <UnitTestResult executionId="25d1d029-904d-41fe-8f4a-4d9815a4b9f5" testId="a939e6ba-7bc0-1c0b-f6dc-8081aff19daa" testName="Sharpy.Core.Tests.List_Tests.List_Set_By_Out_Of_Bounds" computerName="mac" duration="00:00:00.0020064" startTime="2026-01-11T21:43:25.8682040-05:00" endTime="2026-01-11T21:43:25.8727180-05:00" testType="13cdc9d9-ddb5-4fa4-a97d-d965ccfc6d4b" outcome="Passed" testListId="8c84fa94-04c1-424b-9868-57a2d4851a1d" relativeResultsDirectory="25d1d029-904d-41fe-8f4a-4d9815a4b9f5" />
    <UnitTestResult executionId="ec9ab6b2-b947-4bad-b9f9-62aff388c668" testId="fdca7df2-a0a7-f021-8888-2f3181e98bc4" testName="Sharpy.Core.Tests.List_Tests.List_Dunder_Replace_Slice_Not_Single_Step_Same_Start_And_End_Not_Same_Num_Elems" computerName="mac" duration="00:00:00.0004467" startTime="2026-01-11T21:43:25.8832560-05:00" endTime="2026-01-11T21:43:25.8833690-05:00" testType="13cdc9d9-ddb5-4fa4-a97d-d965ccfc6d4b" outcome="Passed" testListId="8c84fa94-04c1-424b-9868-57a2d4851a1d" relativeResultsDirectory="ec9ab6b2-b947-4bad-b9f9-62aff388c668" />
    <UnitTestResult executionId="12ede0d1-446a-4e40-a1eb-5cc133614fdf" testId="ffdbf91d-2d35-41fc-883e-4bcf487e3fa7" testName="Sharpy.Core.Tests.Str_Tests.Index_FindsSubstring" computerName="mac" duration="00:00:00.0001910" startTime="2026-01-11T21:43:25.8725530-05:00" endTime="2026-01-11T21:43:25.8726690-05:00" testType="13cdc9d9-ddb5-4fa4-a97d-d965ccfc6d4b" outcome="Passed" testListId="8c84fa94-04c1-424b-9868-57a2d4851a1d" relativeResultsDirectory="12ede0d1-446a-4e40-a1eb-5cc133614fdf" />
    <UnitTestResult executionId="392a18b6-c9c7-4046-bec3-e0fecea4fb0d" testId="ba733e4a-0a7a-2c70-e57c-7606e42a7a37" testName="Sharpy.Core.Tests.IntConversionTests.Int_FromDecimal_Truncates" computerName="mac" duration="00:00:00.0001584" startTime="2026-01-11T21:43:25.8490610-05:00" endTime="2026-01-11T21:43:25.8490760-05:00" testType="13cdc9d9-ddb5-4fa4-a97d-d965ccfc6d4b" outcome="Passed" testListId="8c84fa94-04c1-424b-9868-57a2d4851a1d" relativeResultsDirectory="392a18b6-c9c7-4046-bec3-e0fecea4fb0d" />
    <UnitTestResult executionId="dd4b07de-298d-4756-aad2-aca2b7e16f88" testId="e529772c-a100-d971-c3e9-9fc231eddf44" testName="Sharpy.Core.Tests.Any_Tests.Any_OneNonZeroInteger_ReturnsTrue" computerName="mac" duration="00:00:00.0002067" startTime="2026-01-11T21:43:25.8773300-05:00" endTime="2026-01-11T21:43:25.8775210-05:00" testType="13cdc9d9-ddb5-4fa4-a97d-d965ccfc6d4b" outcome="Passed" testListId="8c84fa94-04c1-424b-9868-57a2d4851a1d" relativeResultsDirectory="dd4b07de-298d-4756-aad2-aca2b7e16f88" />
    <UnitTestResult executionId="e8a7bac2-4709-4547-93af-b492e9c5b79a" testId="bbe7f777-5e8e-c1f2-c780-83f26752bd2e" testName="Sharpy.Core.Tests.List_Tests.List_Extend_Non_Empty_And_Non_Empty_Other" computerName="mac" duration="00:00:00.0000754" startTime="2026-01-11T21:43:25.9138280-05:00" endTime="2026-01-11T21:43:25.9138430-05:00" testType="13cdc9d9-ddb5-4fa4-a97d-d965ccfc6d4b" outcome="Passed" testListId="8c84fa94-04c1-424b-9868-57a2d4851a1d" relativeResultsDirectory="e8a7bac2-4709-4547-93af-b492e9c5b79a" />
    <UnitTestResult executionId="bf4b5e6a-42a8-42e8-9903-4c03f2760f4e" testId="1f7c62e6-fbbf-2943-9197-e0f2c757e058" testName="Sharpy.Core.Tests.List_Tests.List_Inequality_Null_Reverse" computerName="mac" duration="00:00:00.0002614" startTime="2026-01-11T21:43:25.8868970-05:00" endTime="2026-01-11T21:43:25.8870890-05:00" testType="13cdc9d9-ddb5-4fa4-a97d-d965ccfc6d4b" outcome="Passed" testListId="8c84fa94-04c1-424b-9868-57a2d4851a1d" relativeResultsDirectory="bf4b5e6a-42a8-42e8-9903-4c03f2760f4e" />
    <UnitTestResult executionId="33ef445f-d8b5-4aef-907c-441cd30ff1bc" testId="e1f4dd0b-f6ec-dafc-47ff-0238c6cae4dd" testName="Sharpy.Core.Tests.Set_Tests.Set_Bool_Empty" computerName="mac" duration="00:00:00.0002014" startTime="2026-01-11T21:43:25.8826830-05:00" endTime="2026-01-11T21:43:25.8827500-05:00" testType="13cdc9d9-ddb5-4fa4-a97d-d965ccfc6d4b" outcome="Passed" testListId="8c84fa94-04c1-424b-9868-57a2d4851a1d" relativeResultsDirectory="33ef445f-d8b5-4aef-907c-441cd30ff1bc" />
    <UnitTestResult executionId="06d42486-0ed1-45ed-ae0a-c302f054d0e8" testId="5add9fb0-6c78-f553-446e-9e630e7be0ab" testName="Sharpy.Core.Tests.DoubleConversionTests.Double_FromBool_True_Returns1" computerName="mac" duration="00:00:00.0000426" startTime="2026-01-11T21:43:25.8744520-05:00" endTime="2026-01-11T21:43:25.8745380-05:00" testType="13cdc9d9-ddb5-4fa4-a97d-d965ccfc6d4b" outcome="Passed" testListId="8c84fa94-04c1-424b-9868-57a2d4851a1d" relativeResultsDirectory="06d42486-0ed1-45ed-ae0a-c302f054d0e8" />
    <UnitTestResult executionId="67452fbf-d734-45c2-9cb7-4ed96af692fb" testId="9d6fe832-a5ae-851e-17d5-1f9be61eb641" testName="Sharpy.Core.Tests.Str_Tests.StartsWith_WithStartParameter" computerName="mac" duration="00:00:00.0002567" startTime="2026-01-11T21:43:25.8598070-05:00" endTime="2026-01-11T21:43:25.8598760-05:00" testType="13cdc9d9-ddb5-4fa4-a97d-d965ccfc6d4b" outcome="Passed" testListId="8c84fa94-04c1-424b-9868-57a2d4851a1d" relativeResultsDirectory="67452fbf-d734-45c2-9cb7-4ed96af692fb" />
    <UnitTestResult executionId="e08f3966-12e8-4436-8f8f-d39125ef047b" testId="d2639e8c-3189-bcb0-c1b9-2ba1393bf91f" testName="Sharpy.Core.Tests.Str_Tests.Count_NonOverlapping" computerName="mac" duration="00:00:00.0000411" startTime="2026-01-11T21:43:25.8630360-05:00" endTime="2026-01-11T21:43:25.8632960-05:00" testType="13cdc9d9-ddb5-4fa4-a97d-d965ccfc6d4b" outcome="Passed" testListId="8c84fa94-04c1-424b-9868-57a2d4851a1d" relativeResultsDirectory="e08f3966-12e8-4436-8f8f-d39125ef047b" />
    <UnitTestResult executionId="09f5bf0c-5a79-42f3-af33-0845e94f2180" testId="f9e24434-763e-d9f3-f78b-fbcc01034c3b" testName="Sharpy.Core.Tests.Min_Tests.Min_List_Empty" computerName="mac" duration="00:00:00.0003304" startTime="2026-01-11T21:43:25.8688680-05:00" endTime="2026-01-11T21:43:25.8694250-05:00" testType="13cdc9d9-ddb5-4fa4-a97d-d965ccfc6d4b" outcome="Passed" testListId="8c84fa94-04c1-424b-9868-57a2d4851a1d" relativeResultsDirectory="09f5bf0c-5a79-42f3-af33-0845e94f2180" />
    <UnitTestResult executionId="c657a757-e6a1-46cb-9b46-74f66eedb6b9" testId="73d681aa-d0f5-bb3d-15b7-4a187b9d5f1e" testName="Sharpy.Core.Tests.List_Tests.List_Sort_Reverse" computerName="mac" duration="00:00:00.0000638" startTime="2026-01-11T21:43:25.9136800-05:00" endTime="2026-01-11T21:43:25.9136950-05:00" testType="13cdc9d9-ddb5-4fa4-a97d-d965ccfc6d4b" outcome="Passed" testListId="8c84fa94-04c1-424b-9868-57a2d4851a1d" relativeResultsDirectory="c657a757-e6a1-46cb-9b46-74f66eedb6b9" />
    <UnitTestResult executionId="9b897d78-18f5-45bd-969e-a6472dbed4c4" testId="75034e84-bf23-7c14-3d04-4143c3b0c55a" testName="Sharpy.Core.Tests.StrMethods_Tests.SplitLines_WithNewlines_SplitsCorrectly" computerName="mac" duration="00:00:00.0002332" startTime="2026-01-11T21:43:25.8870750-05:00" endTime="2026-01-11T21:43:25.8871930-05:00" testType="13cdc9d9-ddb5-4fa4-a97d-d965ccfc6d4b" outcome="Passed" testListId="8c84fa94-04c1-424b-9868-57a2d4851a1d" relativeResultsDirectory="9b897d78-18f5-45bd-969e-a6472dbed4c4" />
    <UnitTestResult executionId="818b8daa-a16c-4334-be68-416c44aaf6e8" testId="22a9c565-55e3-62a9-6746-0b371a960903" testName="Sharpy.Core.Tests.Enumerate_Tests.Enumerate_WithStartIndex_StartsFromGivenIndex" computerName="mac" duration="00:00:00.0001633" startTime="2026-01-11T21:43:25.8817850-05:00" endTime="2026-01-11T21:43:25.8817990-05:00" testType="13cdc9d9-ddb5-4fa4-a97d-d965ccfc6d4b" outcome="Passed" testListId="8c84fa94-04c1-424b-9868-57a2d4851a1d" relativeResultsDirectory="818b8daa-a16c-4334-be68-416c44aaf6e8" />
    <UnitTestResult executionId="790d5b40-4feb-4d1b-a30b-545f15388dcc" testId="ddbeb4d1-1dbf-4333-8a4f-742ea445b429" testName="Sharpy.Core.Tests.List_Tests.List_Addition_Assignment_Operator" computerName="mac" duration="00:00:00.0001458" startTime="2026-01-11T21:43:25.8895160-05:00" endTime="2026-01-11T21:43:25.8899800-05:00" testType="13cdc9d9-ddb5-4fa4-a97d-d965ccfc6d4b" outcome="Passed" testListId="8c84fa94-04c1-424b-9868-57a2d4851a1d" relativeResultsDirectory="790d5b40-4feb-4d1b-a30b-545f15388dcc" />
    <UnitTestResult executionId="ae9a9122-2e09-4feb-87d7-3f061cc67e6e" testId="658fa7b9-e240-a6c6-08ce-0c0131b6f211" testName="Sharpy.Core.Tests.Set_Tests.Set_Union_WithIdenticalSets_ReturnsSetWithSameElements" computerName="mac" duration="00:00:00.0001116" startTime="2026-01-11T21:43:25.8988310-05:00" endTime="2026-01-11T21:43:25.8989830-05:00" testType="13cdc9d9-ddb5-4fa4-a97d-d965ccfc6d4b" outcome="Passed" testListId="8c84fa94-04c1-424b-9868-57a2d4851a1d" relativeResultsDirectory="ae9a9122-2e09-4feb-87d7-3f061cc67e6e" />
    <UnitTestResult executionId="f96f394b-16f3-4eb6-b4b2-98070d174136" testId="fe9d2fff-bb73-b235-1553-cd5e15ce7312" testName="Sharpy.Core.Tests.List_Tests.List_Extend_Empty_And_Empty_Other" computerName="mac" duration="00:00:00.0000549" startTime="2026-01-11T21:43:25.8871270-05:00" endTime="2026-01-11T21:43:25.8871420-05:00" testType="13cdc9d9-ddb5-4fa4-a97d-d965ccfc6d4b" outcome="Passed" testListId="8c84fa94-04c1-424b-9868-57a2d4851a1d" relativeResultsDirectory="f96f394b-16f3-4eb6-b4b2-98070d174136" />
    <UnitTestResult executionId="07df8b77-9a8e-4950-820d-8a5dca9a816c" testId="dbd1e6dc-722f-3e0c-dc14-80613ba84e97" testName="Sharpy.Core.Tests.List_Tests.List_Equality_Null_Reverse" computerName="mac" duration="00:00:00.0000581" startTime="2026-01-11T21:43:25.9119380-05:00" endTime="2026-01-11T21:43:25.9119530-05:00" testType="13cdc9d9-ddb5-4fa4-a97d-d965ccfc6d4b" outcome="Passed" testListId="8c84fa94-04c1-424b-9868-57a2d4851a1d" relativeResultsDirectory="07df8b77-9a8e-4950-820d-8a5dca9a816c" />
    <UnitTestResult executionId="e52b54e8-6ec1-4062-b88a-cb8a90498879" testId="984f777c-e48a-807d-4362-f5e3de33de93" testName="Sharpy.Core.Tests.Set_Tests.Set_Union_WithEmptySet_ReturnsOriginalSet" computerName="mac" duration="00:00:00.0000945" startTime="2026-01-11T21:43:25.8940310-05:00" endTime="2026-01-11T21:43:25.8944000-05:00" testType="13cdc9d9-ddb5-4fa4-a97d-d965ccfc6d4b" outcome="Passed" testListId="8c84fa94-04c1-424b-9868-57a2d4851a1d" relativeResultsDirectory="e52b54e8-6ec1-4062-b88a-cb8a90498879" />
    <UnitTestResult executionId="0f34fbe0-e11b-408a-b562-76e5e0aa738c" testId="df443d19-4a82-2567-412b-7652bfa0762d" testName="Sharpy.Core.Tests.StrMethods_Tests.RSplit_WithSeparator_SplitsCorrectly" computerName="mac" duration="00:00:00.0001310" startTime="2026-01-11T21:43:25.8806060-05:00" endTime="2026-01-11T21:43:25.8809130-05:00" testType="13cdc9d9-ddb5-4fa4-a97d-d965ccfc6d4b" outcome="Passed" testListId="8c84fa94-04c1-424b-9868-57a2d4851a1d" relativeResultsDirectory="0f34fbe0-e11b-408a-b562-76e5e0aa738c" />
    <UnitTestResult executionId="d651654b-dccc-4959-b48b-9ae71c6fe8de" testId="cd15b22b-1700-c869-6a7e-f3106f810dec" testName="Sharpy.Core.Tests.List_Tests.List_Right_Addition_Dunder" computerName="mac" duration="00:00:00.0002126" startTime="2026-01-11T21:43:25.8974960-05:00" endTime="2026-01-11T21:43:25.8977620-05:00" testType="13cdc9d9-ddb5-4fa4-a97d-d965ccfc6d4b" outcome="Passed" testListId="8c84fa94-04c1-424b-9868-57a2d4851a1d" relativeResultsDirectory="d651654b-dccc-4959-b48b-9ae71c6fe8de" />
    <UnitTestResult executionId="5bd397b2-b6d4-4f70-bbd5-66809ddb8385" testId="4b722451-1575-ffad-c99f-d075b3f738dd" testName="Sharpy.Core.Tests.Set_Tests.Set_SymmetricDifference_WithIdenticalSets_ReturnsEmptySet" computerName="mac" duration="00:00:00.0000537" startTime="2026-01-11T21:43:25.8935420-05:00" endTime="2026-01-11T21:43:25.8936280-05:00" testType="13cdc9d9-ddb5-4fa4-a97d-d965ccfc6d4b" outcome="Passed" testListId="8c84fa94-04c1-424b-9868-57a2d4851a1d" relativeResultsDirectory="5bd397b2-b6d4-4f70-bbd5-66809ddb8385" />
    <UnitTestResult executionId="5aaf1807-0a2f-40e4-94e7-76c476a0e1fc" testId="576bbef2-2ae5-e2d0-3242-1b7557f0ea0b" testName="Sharpy.Core.Tests.Str_Tests.Center_PadsString" computerName="mac" duration="00:00:00.0001131" startTime="2026-01-11T21:43:25.8592080-05:00" endTime="2026-01-11T21:43:25.8592530-05:00" testType="13cdc9d9-ddb5-4fa4-a97d-d965ccfc6d4b" outcome="Passed" testListId="8c84fa94-04c1-424b-9868-57a2d4851a1d" relativeResultsDirectory="5aaf1807-0a2f-40e4-94e7-76c476a0e1fc" />
    <UnitTestResult executionId="df99d240-efd3-4a71-ada8-ac90279b38ca" testId="3439234c-c1d2-6ebf-9373-f59f784248b6" testName="Sharpy.Core.Tests.List_Tests.List_Delete_Slice_Same_Start_And_End" computerName="mac" duration="00:00:00.0002335" startTime="2026-01-11T21:43:25.8824710-05:00" endTime="2026-01-11T21:43:25.8826980-05:00" testType="13cdc9d9-ddb5-4fa4-a97d-d965ccfc6d4b" outcome="Passed" testListId="8c84fa94-04c1-424b-9868-57a2d4851a1d" relativeResultsDirectory="df99d240-efd3-4a71-ada8-ac90279b38ca" />
    <UnitTestResult executionId="9dae8c9f-9b67-4eff-9c2c-3332f404d693" testId="83c8d725-eff4-3278-0d6f-6c5e2907e9ac" testName="Sharpy.Core.Tests.List_Tests.List_DotNet_Remove_At_End" computerName="mac" duration="00:00:00.0000910" startTime="2026-01-11T21:43:25.9065750-05:00" endTime="2026-01-11T21:43:25.9066190-05:00" testType="13cdc9d9-ddb5-4fa4-a97d-d965ccfc6d4b" outcome="Passed" testListId="8c84fa94-04c1-424b-9868-57a2d4851a1d" relativeResultsDirectory="9dae8c9f-9b67-4eff-9c2c-3332f404d693" />
    <UnitTestResult executionId="dd3bb375-63e2-4a95-a830-8b896ee6a3d0" testId="cc331cc4-9e43-557a-cfb9-f2ab6f42aa0c" testName="Sharpy.Core.Tests.IteratorInteropTests.Skip_MoreThanAvailable_ReturnsEmpty" computerName="mac" duration="00:00:00.0001692" startTime="2026-01-11T21:43:25.9066020-05:00" endTime="2026-01-11T21:43:25.9066680-05:00" testType="13cdc9d9-ddb5-4fa4-a97d-d965ccfc6d4b" outcome="Passed" testListId="8c84fa94-04c1-424b-9868-57a2d4851a1d" relativeResultsDirectory="dd3bb375-63e2-4a95-a830-8b896ee6a3d0" />
    <UnitTestResult executionId="147f0dc2-2680-4246-9e4b-f8bcb1da9dd2" testId="a5b1c575-3f48-4516-2dbe-b846ce5b310e" testName="Sharpy.Core.Tests.Sorted_Tests.Sorted_EmptyList_ReturnsEmptyList" computerName="mac" duration="00:00:00.0000830" startTime="2026-01-11T21:43:25.8753840-05:00" endTime="2026-01-11T21:43:25.8753980-05:00" testType="13cdc9d9-ddb5-4fa4-a97d-d965ccfc6d4b" outcome="Passed" testListId="8c84fa94-04c1-424b-9868-57a2d4851a1d" relativeResultsDirectory="147f0dc2-2680-4246-9e4b-f8bcb1da9dd2" />
    <UnitTestResult executionId="8b020e16-1b77-4d80-ac88-80562fa1202f" testId="32c7b297-3c6e-8f49-f90f-42f8a009b844" testName="Sharpy.Core.Tests.Filter_Tests.Filter_EmptyList_ReturnsEmptyIterator" computerName="mac" duration="00:00:00.0004570" startTime="2026-01-11T21:43:25.8545990-05:00" endTime="2026-01-11T21:43:25.8553350-05:00" testType="13cdc9d9-ddb5-4fa4-a97d-d965ccfc6d4b" outcome="Passed" testListId="8c84fa94-04c1-424b-9868-57a2d4851a1d" relativeResultsDirectory="8b020e16-1b77-4d80-ac88-80562fa1202f" />
    <UnitTestResult executionId="2cfee63e-e2eb-47b8-adde-e674980aeedd" testId="07be4fe7-1441-1173-c6f1-fc8aedb82aec" testName="Sharpy.Core.Tests.DivMod_Tests.DivMod_PositiveIntegers_ReturnsQuotientAndRemainder" computerName="mac" duration="00:00:00.0000457" startTime="2026-01-11T21:43:25.8568200-05:00" endTime="2026-01-11T21:43:25.8571080-05:00" testType="13cdc9d9-ddb5-4fa4-a97d-d965ccfc6d4b" outcome="Passed" testListId="8c84fa94-04c1-424b-9868-57a2d4851a1d" relativeResultsDirectory="2cfee63e-e2eb-47b8-adde-e674980aeedd" />
    <UnitTestResult executionId="6f1fec06-6c21-433f-9b88-0e3381cc7257" testId="da9ff6d0-6c7f-73a9-a43d-f34f7724a33b" testName="Sharpy.Core.Tests.StrMethods_Tests.RFind_WithNullSubstring_ThrowsArgumentNullException" computerName="mac" duration="00:00:00.0001406" startTime="2026-01-11T21:43:25.8963780-05:00" endTime="2026-01-11T21:43:25.8964400-05:00" testType="13cdc9d9-ddb5-4fa4-a97d-d965ccfc6d4b" outcome="Passed" testListId="8c84fa94-04c1-424b-9868-57a2d4851a1d" relativeResultsDirectory="6f1fec06-6c21-433f-9b88-0e3381cc7257" />
    <UnitTestResult executionId="389b43a0-ef1f-40cf-92f8-e74b777a28a0" testId="2aeb60a6-1220-728c-c50b-978d184b3875" testName="Sharpy.Core.Tests.IntConversionTests.Int_FromString_ValidInteger_ReturnsInt" computerName="mac" duration="00:00:00.0000941" startTime="2026-01-11T21:43:25.8488890-05:00" endTime="2026-01-11T21:43:25.8489080-05:00" testType="13cdc9d9-ddb5-4fa4-a97d-d965ccfc6d4b" outcome="Passed" testListId="8c84fa94-04c1-424b-9868-57a2d4851a1d" relativeResultsDirectory="389b43a0-ef1f-40cf-92f8-e74b777a28a0" />
    <UnitTestResult executionId="c6db9619-73ec-421c-8115-6c688e3cb067" testId="2b430ca3-72a1-d55c-f33d-ab2ea7b9a698" testName="Sharpy.Core.Tests.IntConversionTests.Int_FromUInt_ValidValue_ReturnsInt" computerName="mac" duration="00:00:00.0000757" startTime="2026-01-11T21:43:25.8492230-05:00" endTime="2026-01-11T21:43:25.8492960-05:00" testType="13cdc9d9-ddb5-4fa4-a97d-d965ccfc6d4b" outcome="Passed" testListId="8c84fa94-04c1-424b-9868-57a2d4851a1d" relativeResultsDirectory="c6db9619-73ec-421c-8115-6c688e3cb067" />
    <UnitTestResult executionId="ddf45687-6c97-46a0-a1c1-0138f89c40f5" testId="33aead49-c982-02a4-0212-0f7670598f4e" testName="Sharpy.Core.Tests.Round_Tests.Round_DecimalNoDecimals_RoundsToNearestInteger" computerName="mac" duration="00:00:00.0000879" startTime="2026-01-11T21:43:25.8477700-05:00" endTime="2026-01-11T21:43:25.8482060-05:00" testType="13cdc9d9-ddb5-4fa4-a97d-d965ccfc6d4b" outcome="Passed" testListId="8c84fa94-04c1-424b-9868-57a2d4851a1d" relativeResultsDirectory="ddf45687-6c97-46a0-a1c1-0138f89c40f5" />
    <UnitTestResult executionId="a61aea32-a8ca-4f08-9a97-7570af1a5c49" testId="d887d914-c90a-c3dd-7a0d-65dddb1c854c" testName="Sharpy.Core.Tests.Set_Tests.Set_Bool_Non_Empty" computerName="mac" duration="00:00:00.0000485" startTime="2026-01-11T21:43:25.8968240-05:00" endTime="2026-01-11T21:43:25.8969330-05:00" testType="13cdc9d9-ddb5-4fa4-a97d-d965ccfc6d4b" outcome="Passed" testListId="8c84fa94-04c1-424b-9868-57a2d4851a1d" relativeResultsDirectory="a61aea32-a8ca-4f08-9a97-7570af1a5c49" />
    <UnitTestResult executionId="2a49e531-f9c4-48d0-b084-ba24cf6de2d8" testId="d9443031-510c-292b-fede-383607e7f1d6" testName="Sharpy.Core.Tests.Set_Tests.Set_Native_Equality_Different_Object_Reverse" computerName="mac" duration="00:00:00.0008593" startTime="2026-01-11T21:43:25.8669440-05:00" endTime="2026-01-11T21:43:25.8684460-05:00" testType="13cdc9d9-ddb5-4fa4-a97d-d965ccfc6d4b" outcome="Passed" testListId="8c84fa94-04c1-424b-9868-57a2d4851a1d" relativeResultsDirectory="2a49e531-f9c4-48d0-b084-ba24cf6de2d8" />
    <UnitTestResult executionId="a1b1821c-6f21-4a88-9406-2b334407d026" testId="ef368721-a25f-6973-6dc8-22fa8fa0b5a2" testName="Sharpy.Core.Tests.List_Tests.List_Append_One_Element" computerName="mac" duration="00:00:00.0000798" startTime="2026-01-11T21:43:25.9104380-05:00" endTime="2026-01-11T21:43:25.9104520-05:00" testType="13cdc9d9-ddb5-4fa4-a97d-d965ccfc6d4b" outcome="Passed" testListId="8c84fa94-04c1-424b-9868-57a2d4851a1d" relativeResultsDirectory="a1b1821c-6f21-4a88-9406-2b334407d026" />
    <UnitTestResult executionId="56b1f5a9-83da-4a92-83ca-201f810f2eea" testId="dd98b079-1db2-4f49-f316-72ecdf45990d" testName="Sharpy.Core.Tests.Set_Tests.Set_Repr_Empty" computerName="mac" duration="00:00:00.0001335" startTime="2026-01-11T21:43:25.8629310-05:00" endTime="2026-01-11T21:43:25.8630510-05:00" testType="13cdc9d9-ddb5-4fa4-a97d-d965ccfc6d4b" outcome="Passed" testListId="8c84fa94-04c1-424b-9868-57a2d4851a1d" relativeResultsDirectory="56b1f5a9-83da-4a92-83ca-201f810f2eea" />
    <UnitTestResult executionId="8ddba135-2ad9-4fa3-bcb2-126f2b4f5f23" testId="5068cbcd-90fd-8f61-c6ee-c9ce331a05ff" testName="Sharpy.Core.Tests.List_Tests.List_Remove_Present_Once" computerName="mac" duration="00:00:00.0000602" startTime="2026-01-11T21:43:25.9047160-05:00" endTime="2026-01-11T21:43:25.9047310-05:00" testType="13cdc9d9-ddb5-4fa4-a97d-d965ccfc6d4b" outcome="Passed" testListId="8c84fa94-04c1-424b-9868-57a2d4851a1d" relativeResultsDirectory="8ddba135-2ad9-4fa3-bcb2-126f2b4f5f23" />
    <UnitTestResult executionId="ab4fba3d-f40b-4969-9b58-3abfca12f5a4" testId="c9dfe210-3077-28cf-8f86-5fe03a3c58d3" testName="Sharpy.Core.Tests.Set_Tests.Set_Empty_Iterable_Constructor" computerName="mac" duration="00:00:00.0000889" startTime="2026-01-11T21:43:25.8979390-05:00" endTime="2026-01-11T21:43:25.8983040-05:00" testType="13cdc9d9-ddb5-4fa4-a97d-d965ccfc6d4b" outcome="Passed" testListId="8c84fa94-04c1-424b-9868-57a2d4851a1d" relativeResultsDirectory="ab4fba3d-f40b-4969-9b58-3abfca12f5a4" />
    <UnitTestResult executionId="95d224e4-1c64-47c9-a27b-33941877b8db" testId="3f034ff1-4446-4ef4-fa28-487da29d4b2f" testName="Sharpy.Core.Tests.Str_Tests.Mul_ReplicatesString" computerName="mac" duration="00:00:00.0000531" startTime="2026-01-11T21:43:25.8722680-05:00" endTime="2026-01-11T21:43:25.8722830-05:00" testType="13cdc9d9-ddb5-4fa4-a97d-d965ccfc6d4b" outcome="Passed" testListId="8c84fa94-04c1-424b-9868-57a2d4851a1d" relativeResultsDirectory="95d224e4-1c64-47c9-a27b-33941877b8db" />
    <UnitTestResult executionId="c447c9bf-0295-42af-a2bd-7a3666e6e9fa" testId="2104fd58-e4f0-8a13-7b6b-a4e47ff27f1a" testName="Sharpy.Core.Tests.StrMethods_Tests.SplitLines_WithKeepEnds_KeepsNewlines" computerName="mac" duration="00:00:00.0000687" startTime="2026-01-11T21:43:25.9019750-05:00" endTime="2026-01-11T21:43:25.9023120-05:00" testType="13cdc9d9-ddb5-4fa4-a97d-d965ccfc6d4b" outcome="Passed" testListId="8c84fa94-04c1-424b-9868-57a2d4851a1d" relativeResultsDirectory="c447c9bf-0295-42af-a2bd-7a3666e6e9fa" />
    <UnitTestResult executionId="725590d4-dcb0-4728-b698-283a74a40f6b" testId="9e25af07-b0dd-663e-f15a-0d43d3490137" testName="Sharpy.Core.Tests.Str_Tests.Contains_FindsSubstring" computerName="mac" duration="00:00:00.0001390" startTime="2026-01-11T21:43:25.8561410-05:00" endTime="2026-01-11T21:43:25.8561560-05:00" testType="13cdc9d9-ddb5-4fa4-a97d-d965ccfc6d4b" outcome="Passed" testListId="8c84fa94-04c1-424b-9868-57a2d4851a1d" relativeResultsDirectory="725590d4-dcb0-4728-b698-283a74a40f6b" />
    <UnitTestResult executionId="7077543e-d001-4e3d-ad42-16e1ae3ba81f" testId="906f11ac-26ea-cbc7-3729-ebec69ae06d6" testName="Sharpy.Core.Tests.StrMethods_Tests.RSplit_WithMaxSplit_SplitsFromRight" computerName="mac" duration="00:00:00.0001053" startTime="2026-01-11T21:43:25.8866170-05:00" endTime="2026-01-11T21:43:25.8869190-05:00" testType="13cdc9d9-ddb5-4fa4-a97d-d965ccfc6d4b" outcome="Passed" testListId="8c84fa94-04c1-424b-9868-57a2d4851a1d" relativeResultsDirectory="7077543e-d001-4e3d-ad42-16e1ae3ba81f" />
    <UnitTestResult executionId="bec96b16-7998-49a3-bebe-8213b219a789" testId="98ed5deb-2882-13c2-310b-b3143b8a90f7" testName="Sharpy.Core.Tests.List_Tests.List_Iterator_Iteration_Dunder" computerName="mac" duration="00:00:00.0000771" startTime="2026-01-11T21:43:25.9103430-05:00" endTime="2026-01-11T21:43:25.9103570-05:00" testType="13cdc9d9-ddb5-4fa4-a97d-d965ccfc6d4b" outcome="Passed" testListId="8c84fa94-04c1-424b-9868-57a2d4851a1d" relativeResultsDirectory="bec96b16-7998-49a3-bebe-8213b219a789" />
    <UnitTestResult executionId="cd61ed7c-c959-45a5-ac0f-3e0d332b5ed2" testId="bc896318-ddc4-9f3f-3be2-3bb5f0a515d3" testName="Sharpy.Core.Tests.List_Tests.List_Sort_Empty_With_Key_And_Reverse" computerName="mac" duration="00:00:00.0005508" startTime="2026-01-11T21:43:25.8661690-05:00" endTime="2026-01-11T21:43:25.8677090-05:00" testType="13cdc9d9-ddb5-4fa4-a97d-d965ccfc6d4b" outcome="Passed" testListId="8c84fa94-04c1-424b-9868-57a2d4851a1d" relativeResultsDirectory="cd61ed7c-c959-45a5-ac0f-3e0d332b5ed2" />
    <UnitTestResult executionId="c4d4a582-cab4-4758-af19-12d8798686db" testId="c343af2f-c7e5-b37b-e2a2-7d100355543b" testName="Sharpy.Core.Tests.List_Tests.List_Inplace_Multiplication_Operator_Zero_Dunder" computerName="mac" duration="00:00:00.0000587" startTime="2026-01-11T21:43:25.8944930-05:00" endTime="2026-01-11T21:43:25.8945940-05:00" testType="13cdc9d9-ddb5-4fa4-a97d-d965ccfc6d4b" outcome="Passed" testListId="8c84fa94-04c1-424b-9868-57a2d4851a1d" relativeResultsDirectory="c4d4a582-cab4-4758-af19-12d8798686db" />
    <UnitTestResult executionId="31da0e41-c589-4ca4-a5db-4514f44fcdcd" testId="0e37067f-8619-2b1a-95e4-b082a34815ae" testName="Sharpy.Core.Tests.Dict_Tests.Contains_ReturnsFalseForMissingKey" computerName="mac" duration="00:00:00.0000391" startTime="2026-01-11T21:43:25.8735350-05:00" endTime="2026-01-11T21:43:25.8735490-05:00" testType="13cdc9d9-ddb5-4fa4-a97d-d965ccfc6d4b" outcome="Passed" testListId="8c84fa94-04c1-424b-9868-57a2d4851a1d" relativeResultsDirectory="31da0e41-c589-4ca4-a5db-4514f44fcdcd" />
    <UnitTestResult executionId="40aaadbb-0532-460f-9634-04257ea285d4" testId="27e9279d-5321-8dfa-1485-62ee62e6a2bf" testName="Sharpy.Core.Tests.List_Tests.List_Addition_Assignment_Operator_Null" computerName="mac" duration="00:00:00.0001710" startTime="2026-01-11T21:43:25.9061190-05:00" endTime="2026-01-11T21:43:25.9061970-05:00" testType="13cdc9d9-ddb5-4fa4-a97d-d965ccfc6d4b" outcome="Passed" testListId="8c84fa94-04c1-424b-9868-57a2d4851a1d" relativeResultsDirectory="40aaadbb-0532-460f-9634-04257ea285d4" />
    <UnitTestResult executionId="5c98a438-a46c-4dd7-b0b0-970bcbd740d6" testId="2d218c2a-c19d-4252-69fc-e291b6628668" testName="Sharpy.Core.Tests.IteratorInteropTests.Iter_SharpyIterable_ReturnsSameIterator" computerName="mac" duration="00:00:00.0001159" startTime="2026-01-11T21:43:25.9093270-05:00" endTime="2026-01-11T21:43:25.9096280-05:00" testType="13cdc9d9-ddb5-4fa4-a97d-d965ccfc6d4b" outcome="Passed" testListId="8c84fa94-04c1-424b-9868-57a2d4851a1d" relativeResultsDirectory="5c98a438-a46c-4dd7-b0b0-970bcbd740d6" />
    <UnitTestResult executionId="74c3fbad-a707-4c11-82bd-e9e8acaa2d10" testId="8640a81f-df0d-e087-1670-fb38422b34cc" testName="Sharpy.Core.Tests.ListTests+Comparison.LessThan_NonEmptyVsEmpty_ReturnsFalse" computerName="mac" duration="00:00:00.0000491" startTime="2026-01-11T21:43:25.8663970-05:00" endTime="2026-01-11T21:43:25.8665350-05:00" testType="13cdc9d9-ddb5-4fa4-a97d-d965ccfc6d4b" outcome="Passed" testListId="8c84fa94-04c1-424b-9868-57a2d4851a1d" relativeResultsDirectory="74c3fbad-a707-4c11-82bd-e9e8acaa2d10" />
    <UnitTestResult executionId="af2baea9-aa84-4a04-a6a6-73d1320896c8" testId="b56e9193-a58e-8d2f-26ff-3d67531d5974" testName="Sharpy.Core.Tests.Dict_Tests.Indexer_Set_UpdatesExistingKey" computerName="mac" duration="00:00:00.0000705" startTime="2026-01-11T21:43:25.8767670-05:00" endTime="2026-01-11T21:43:25.8768320-05:00" testType="13cdc9d9-ddb5-4fa4-a97d-d965ccfc6d4b" outcome="Passed" testListId="8c84fa94-04c1-424b-9868-57a2d4851a1d" relativeResultsDirectory="af2baea9-aa84-4a04-a6a6-73d1320896c8" />
    <UnitTestResult executionId="10a8934e-ffee-409f-8097-16f2e14ae4cd" testId="f7732a70-dd6d-f27b-720a-b9b150a606e0" testName="Sharpy.Core.Tests.List_Tests.List_Dunder_Slice_Out_Of_Bounds_Left" computerName="mac" duration="00:00:00.0000705" startTime="2026-01-11T21:43:25.9025140-05:00" endTime="2026-01-11T21:43:25.9025500-05:00" testType="13cdc9d9-ddb5-4fa4-a97d-d965ccfc6d4b" outcome="Passed" testListId="8c84fa94-04c1-424b-9868-57a2d4851a1d" relativeResultsDirectory="10a8934e-ffee-409f-8097-16f2e14ae4cd" />
    <UnitTestResult executionId="ea11efbc-2443-4a9b-a2d2-40e0ea2761e9" testId="a0b0f8cb-d6f7-2fd4-647a-6eea4be8b2d3" testName="Sharpy.Core.Tests.Set_Tests.Set_Difference_No_Overlap" computerName="mac" duration="00:00:00.0094889" startTime="2026-01-11T21:43:25.8514880-05:00" endTime="2026-01-11T21:43:25.8607610-05:00" testType="13cdc9d9-ddb5-4fa4-a97d-d965ccfc6d4b" outcome="Passed" testListId="8c84fa94-04c1-424b-9868-57a2d4851a1d" relativeResultsDirectory="ea11efbc-2443-4a9b-a2d2-40e0ea2761e9" />
    <UnitTestResult executionId="30191c5c-b970-473d-8de7-5a7aac549485" testId="31f673ef-4c77-13f9-f866-d1fbb1c14b52" testName="Sharpy.Core.Tests.Str_Tests.Split_WithSeparator_SplitsCorrectly" computerName="mac" duration="00:00:00.0007080" startTime="2026-01-11T21:43:25.8572520-05:00" endTime="2026-01-11T21:43:25.8577910-05:00" testType="13cdc9d9-ddb5-4fa4-a97d-d965ccfc6d4b" outcome="Passed" testListId="8c84fa94-04c1-424b-9868-57a2d4851a1d" relativeResultsDirectory="30191c5c-b970-473d-8de7-5a7aac549485" />
    <UnitTestResult executionId="7cb92779-1c4d-4e7a-9934-73ad23a73342" testId="745a516d-8236-b544-6851-1e91ca6b04ab" testName="Sharpy.Core.Tests.ModuleIntegrationTests.CollectionsModule_Counter_WorksCorrectly" computerName="mac" duration="00:00:00.0107565" startTime="2026-01-11T21:43:25.8601410-05:00" endTime="2026-01-11T21:43:25.8800220-05:00" testType="13cdc9d9-ddb5-4fa4-a97d-d965ccfc6d4b" outcome="Passed" testListId="8c84fa94-04c1-424b-9868-57a2d4851a1d" relativeResultsDirectory="7cb92779-1c4d-4e7a-9934-73ad23a73342" />
    <UnitTestResult executionId="7f5112fa-9575-4191-8201-8ef27a22e74c" testId="34b52d4c-c3b2-53be-5377-28119681f29e" testName="Sharpy.Core.Tests.StrMethods_Tests.ExpandTabs_WithCustomTabSize_ExpandsCorrectly" computerName="mac" duration="00:00:00.0001116" startTime="2026-01-11T21:43:25.8913320-05:00" endTime="2026-01-11T21:43:25.8916180-05:00" testType="13cdc9d9-ddb5-4fa4-a97d-d965ccfc6d4b" outcome="Passed" testListId="8c84fa94-04c1-424b-9868-57a2d4851a1d" relativeResultsDirectory="7f5112fa-9575-4191-8201-8ef27a22e74c" />
    <UnitTestResult executionId="53e90ce2-dccc-4f47-a8ca-96942b90e848" testId="5b18a957-b779-55a7-30ae-7f2ba3c05483" testName="Sharpy.Core.Tests.StrMethods_Tests.IsIdentifier_WithUnderscore_ReturnsTrue" computerName="mac" duration="00:00:00.0000321" startTime="2026-01-11T21:43:25.8813530-05:00" endTime="2026-01-11T21:43:25.8813890-05:00" testType="13cdc9d9-ddb5-4fa4-a97d-d965ccfc6d4b" outcome="Passed" testListId="8c84fa94-04c1-424b-9868-57a2d4851a1d" relativeResultsDirectory="53e90ce2-dccc-4f47-a8ca-96942b90e848" />
    <UnitTestResult executionId="4f97d68f-d134-4185-a618-44a4232ffbdb" testId="81399829-2518-5870-8189-34808b2368aa" testName="Sharpy.Core.Tests.List_Tests.List_Remove_At_End_Object_Equality_Not_Same" computerName="mac" duration="00:00:00.0000888" startTime="2026-01-11T21:43:25.9036460-05:00" endTime="2026-01-11T21:43:25.9037500-05:00" testType="13cdc9d9-ddb5-4fa4-a97d-d965ccfc6d4b" outcome="Passed" testListId="8c84fa94-04c1-424b-9868-57a2d4851a1d" relativeResultsDirectory="4f97d68f-d134-4185-a618-44a4232ffbdb" />
    <UnitTestResult executionId="f4239392-2df2-4bee-8aa3-e290c7290df9" testId="5b933261-7beb-21f5-b433-ea1d72d645ee" testName="Sharpy.Core.Tests.List_Tests.List_Remove_Present_Once_Object_Not_Equal" computerName="mac" duration="00:00:00.0002323" startTime="2026-01-11T21:43:25.9105320-05:00" endTime="2026-01-11T21:43:25.9105460-05:00" testType="13cdc9d9-ddb5-4fa4-a97d-d965ccfc6d4b" outcome="Passed" testListId="8c84fa94-04c1-424b-9868-57a2d4851a1d" relativeResultsDirectory="f4239392-2df2-4bee-8aa3-e290c7290df9" />
    <UnitTestResult executionId="c634177c-defd-403a-b005-611c508cfe88" testId="539b34ee-2170-25c3-f3c7-e5f9f11da12b" testName="Sharpy.Core.Tests.IteratorInteropTests.SharpyIterable_First_WithPredicate_Works" computerName="mac" duration="00:00:00.0002384" startTime="2026-01-11T21:43:25.9048190-05:00" endTime="2026-01-11T21:43:25.9048820-05:00" testType="13cdc9d9-ddb5-4fa4-a97d-d965ccfc6d4b" outcome="Passed" testListId="8c84fa94-04c1-424b-9868-57a2d4851a1d" relativeResultsDirectory="c634177c-defd-403a-b005-611c508cfe88" />
    <UnitTestResult executionId="4d9c3c53-d922-4ace-9b7c-37603784ccef" testId="70674c96-fcfa-4bed-8778-bd8c6028bf2c" testName="Sharpy.Core.Tests.ListTests+Comparison.LessThanOrEqual_LexicographicallyLess_ReturnsTrue" computerName="mac" duration="00:00:00.0000496" startTime="2026-01-11T21:43:25.8639310-05:00" endTime="2026-01-11T21:43:25.8639450-05:00" testType="13cdc9d9-ddb5-4fa4-a97d-d965ccfc6d4b" outcome="Passed" testListId="8c84fa94-04c1-424b-9868-57a2d4851a1d" relativeResultsDirectory="4d9c3c53-d922-4ace-9b7c-37603784ccef" />
    <UnitTestResult executionId="c9da6259-37d8-4c0d-8ce7-34047362a805" testId="ed574ea1-4060-80e4-7b90-fcd6c464db58" testName="Sharpy.Core.Tests.IteratorInteropTests.SharpySet_LinqWhere_Works" computerName="mac" duration="00:00:00.0002347" startTime="2026-01-11T21:43:25.9054040-05:00" endTime="2026-01-11T21:43:25.9055860-05:00" testType="13cdc9d9-ddb5-4fa4-a97d-d965ccfc6d4b" outcome="Passed" testListId="8c84fa94-04c1-424b-9868-57a2d4851a1d" relativeResultsDirectory="c9da6259-37d8-4c0d-8ce7-34047362a805" />
    <UnitTestResult executionId="2c60875a-83a8-495a-9868-5d4c33a9a49f" testId="88cc37ae-7cab-556f-7178-b0386e3ac837" testName="Sharpy.Core.Tests.List_Tests.List_Dunder_Slice_Negative_Step" computerName="mac" duration="00:00:00.0000646" startTime="2026-01-11T21:43:25.9012630-05:00" endTime="2026-01-11T21:43:25.9012920-05:00" testType="13cdc9d9-ddb5-4fa4-a97d-d965ccfc6d4b" outcome="Passed" testListId="8c84fa94-04c1-424b-9868-57a2d4851a1d" relativeResultsDirectory="2c60875a-83a8-495a-9868-5d4c33a9a49f" />
    <UnitTestResult executionId="3adfc273-edaa-4e44-a992-475766e66e04" testId="526cc2fa-e7bd-fbb7-317a-cc118e35a49f" testName="Sharpy.Core.Tests.List_Tests.List_Delete_Slice_Out_Of_Bounds_Left" computerName="mac" duration="00:00:00.0001019" startTime="2026-01-11T21:43:25.8983920-05:00" endTime="2026-01-11T21:43:25.8985790-05:00" testType="13cdc9d9-ddb5-4fa4-a97d-d965ccfc6d4b" outcome="Passed" testListId="8c84fa94-04c1-424b-9868-57a2d4851a1d" relativeResultsDirectory="3adfc273-edaa-4e44-a992-475766e66e04" />
    <UnitTestResult executionId="98a09a07-5dc2-452d-ba3a-cb5173e54d7f" testId="aa786155-8394-8b73-ca1d-baacda71ef0f" testName="Sharpy.Core.Tests.TupleConversionTests.Tuple_ThreeElementsMixedTypes_ReturnsTuple" computerName="mac" duration="00:00:00.0004594" startTime="2026-01-11T21:43:25.8782970-05:00" endTime="2026-01-11T21:43:25.8784240-05:00" testType="13cdc9d9-ddb5-4fa4-a97d-d965ccfc6d4b" outcome="Passed" testListId="8c84fa94-04c1-424b-9868-57a2d4851a1d" relativeResultsDirectory="98a09a07-5dc2-452d-ba3a-cb5173e54d7f" />
    <UnitTestResult executionId="4210a777-3fd9-4e4a-ab7e-cad2ae10aa43" testId="c67b46ba-57f1-a41d-ec48-86d1e0c33f13" testName="Sharpy.Core.Tests.Issubclass_Tests.Issubclass_NullClassInfo_ThrowsTypeError" computerName="mac" duration="00:00:00.0001564" startTime="2026-01-11T21:43:25.8551840-05:00" endTime="2026-01-11T21:43:25.8552540-05:00" testType="13cdc9d9-ddb5-4fa4-a97d-d965ccfc6d4b" outcome="Passed" testListId="8c84fa94-04c1-424b-9868-57a2d4851a1d" relativeResultsDirectory="4210a777-3fd9-4e4a-ab7e-cad2ae10aa43" />
    <UnitTestResult executionId="889ece67-34cf-4fa5-aac1-c589f3c0787b" testId="307afd0b-2998-6329-0233-d3b14d8aae2b" testName="Sharpy.Core.Tests.DictViews_Tests.Values_IteratesCorrectly" computerName="mac" duration="00:00:00.0027696" startTime="2026-01-11T21:43:25.8587820-05:00" endTime="2026-01-11T21:43:25.8634730-05:00" testType="13cdc9d9-ddb5-4fa4-a97d-d965ccfc6d4b" outcome="Passed" testListId="8c84fa94-04c1-424b-9868-57a2d4851a1d" relativeResultsDirectory="889ece67-34cf-4fa5-aac1-c589f3c0787b" />
    <UnitTestResult executionId="b054aa15-f9b0-4191-98e5-d8191341078a" testId="7293fe44-b9e5-d155-79f2-2a4474552850" testName="Sharpy.Core.Tests.Dict_Tests.Indexer_Get_ReturnsValue" computerName="mac" duration="00:00:00.0001148" startTime="2026-01-11T21:43:25.8716250-05:00" endTime="2026-01-11T21:43:25.8716910-05:00" testType="13cdc9d9-ddb5-4fa4-a97d-d965ccfc6d4b" outcome="Passed" testListId="8c84fa94-04c1-424b-9868-57a2d4851a1d" relativeResultsDirectory="b054aa15-f9b0-4191-98e5-d8191341078a" />
    <UnitTestResult executionId="0701e47d-8dab-474a-8a6a-fb5d438a4c9f" testId="ebf7bf98-b1d2-0385-c350-484bfbe020b3" testName="Sharpy.Core.Tests.Range_Tests.Range_NegativeStep_GeneratesDescending" computerName="mac" duration="00:00:00.0002582" startTime="2026-01-11T21:43:25.8650870-05:00" endTime="2026-01-11T21:43:25.8659320-05:00" testType="13cdc9d9-ddb5-4fa4-a97d-d965ccfc6d4b" outcome="Passed" testListId="8c84fa94-04c1-424b-9868-57a2d4851a1d" relativeResultsDirectory="0701e47d-8dab-474a-8a6a-fb5d438a4c9f" />
    <UnitTestResult executionId="a35eba82-a8d2-4892-a526-7c16848255e4" testId="ad1129a7-521d-783a-992e-cd06bfb1e2f7" testName="Sharpy.Core.Tests.StrMethods_Tests.LJust_WithWidthSmallerThanString_ReturnsOriginal" computerName="mac" duration="00:00:00.0000300" startTime="2026-01-11T21:43:25.9025950-05:00" endTime="2026-01-11T21:43:25.9026250-05:00" testType="13cdc9d9-ddb5-4fa4-a97d-d965ccfc6d4b" outcome="Passed" testListId="8c84fa94-04c1-424b-9868-57a2d4851a1d" relativeResultsDirectory="a35eba82-a8d2-4892-a526-7c16848255e4" />
    <UnitTestResult executionId="98f36e7a-c40a-4ffe-aec6-8df65c46120f" testId="2bc06121-e352-64b0-de8d-6535c94a30dd" testName="Sharpy.Core.Tests.List_Tests.List_Inplace_Multiplication_Operator_Negative_Dunder" computerName="mac" duration="00:00:00.0000530" startTime="2026-01-11T21:43:25.9022920-05:00" endTime="2026-01-11T21:43:25.9023730-05:00" testType="13cdc9d9-ddb5-4fa4-a97d-d965ccfc6d4b" outcome="Passed" testListId="8c84fa94-04c1-424b-9868-57a2d4851a1d" relativeResultsDirectory="98f36e7a-c40a-4ffe-aec6-8df65c46120f" />
    <UnitTestResult executionId="8b5c4a33-2e33-4065-9d2b-b5c4ec3b0af0" testId="0096a5ba-08c9-4b7e-eb20-1bdb403f329e" testName="Sharpy.Core.Tests.Wrapper_Tests.Wrapper_IEquatable" computerName="mac" duration="00:00:00.0004400" startTime="2026-01-11T21:43:25.8746200-05:00" endTime="2026-01-11T21:43:25.8749880-05:00" testType="13cdc9d9-ddb5-4fa4-a97d-d965ccfc6d4b" outcome="Passed" testListId="8c84fa94-04c1-424b-9868-57a2d4851a1d" relativeResultsDirectory="8b5c4a33-2e33-4065-9d2b-b5c4ec3b0af0" />
    <UnitTestResult executionId="b58c35c2-3f2c-435e-9fd7-9214ece5bcb5" testId="0108a6e5-1e7d-90d0-9ca5-12bb68652dd6" testName="Sharpy.Core.Tests.List_Tests.List_Index_Empty" computerName="mac" duration="00:00:00.0001291" startTime="2026-01-11T21:43:25.9138810-05:00" endTime="2026-01-11T21:43:25.9138950-05:00" testType="13cdc9d9-ddb5-4fa4-a97d-d965ccfc6d4b" outcome="Passed" testListId="8c84fa94-04c1-424b-9868-57a2d4851a1d" relativeResultsDirectory="b58c35c2-3f2c-435e-9fd7-9214ece5bcb5" />
    <UnitTestResult executionId="23c029ea-5ecf-45a7-aecb-76f86374d734" testId="4537fc6e-ad82-42ba-1082-9175c94307a0" testName="Sharpy.Core.Tests.StrMethods_Tests.Translate_WithDeletions_RemovesChars" computerName="mac" duration="00:00:00.0000603" startTime="2026-01-11T21:43:25.8998560-05:00" endTime="2026-01-11T21:43:25.8998700-05:00" testType="13cdc9d9-ddb5-4fa4-a97d-d965ccfc6d4b" outcome="Passed" testListId="8c84fa94-04c1-424b-9868-57a2d4851a1d" relativeResultsDirectory="23c029ea-5ecf-45a7-aecb-76f86374d734" />
    <UnitTestResult executionId="7fa60612-d5c5-4c27-8cad-10fd95966eb5" testId="188dc0a4-113f-dab7-4d17-6f39da15a348" testName="Sharpy.Core.Tests.All_Tests.All_AllTrue_ReturnsTrue" computerName="mac" duration="00:00:00.0004742" startTime="2026-01-11T21:43:25.8784100-05:00" endTime="2026-01-11T21:43:25.8787350-05:00" testType="13cdc9d9-ddb5-4fa4-a97d-d965ccfc6d4b" outcome="Passed" testListId="8c84fa94-04c1-424b-9868-57a2d4851a1d" relativeResultsDirectory="7fa60612-d5c5-4c27-8cad-10fd95966eb5" />
    <UnitTestResult executionId="b1f8fe3d-0785-437a-8e1a-d09c8c0d7b44" testId="5e054baa-ca81-0cc2-ffb8-efe5e232e3ac" testName="Sharpy.Core.Tests.Str_Tests.EndsWith_WithStartParameter" computerName="mac" duration="00:00:00.0002196" startTime="2026-01-11T21:43:25.8570930-05:00" endTime="2026-01-11T21:43:25.8572150-05:00" testType="13cdc9d9-ddb5-4fa4-a97d-d965ccfc6d4b" outcome="Passed" testListId="8c84fa94-04c1-424b-9868-57a2d4851a1d" relativeResultsDirectory="b1f8fe3d-0785-437a-8e1a-d09c8c0d7b44" />
    <UnitTestResult executionId="c03ea5c2-e426-465e-bf95-34d1ac9aaba5" testId="33292f40-bcdd-d914-fa03-370ebbfa8f61" testName="Sharpy.Core.Tests.Map_Tests.Map_NullIterable_ThrowsTypeError" computerName="mac" duration="00:00:00.0003583" startTime="2026-01-11T21:43:25.8808710-05:00" endTime="2026-01-11T21:43:25.8811020-05:00" testType="13cdc9d9-ddb5-4fa4-a97d-d965ccfc6d4b" outcome="Passed" testListId="8c84fa94-04c1-424b-9868-57a2d4851a1d" relativeResultsDirectory="c03ea5c2-e426-465e-bf95-34d1ac9aaba5" />
    <UnitTestResult executionId="55b48d15-f0cb-43a6-ab1c-3ce963ddedc1" testId="746c0fe4-acb8-264c-e134-aab838c90307" testName="Sharpy.Core.Tests.Set_Tests.Set_Union_EmptyWithNonEmpty_ReturnsSecondSet" computerName="mac" duration="00:00:00.0001166" startTime="2026-01-11T21:43:25.8874690-05:00" endTime="2026-01-11T21:43:25.8876340-05:00" testType="13cdc9d9-ddb5-4fa4-a97d-d965ccfc6d4b" outcome="Passed" testListId="8c84fa94-04c1-424b-9868-57a2d4851a1d" relativeResultsDirectory="55b48d15-f0cb-43a6-ab1c-3ce963ddedc1" />
    <UnitTestResult executionId="1e322e9d-67d1-4ed8-9f8d-4c6936fdd2b2" testId="7260c6c8-0114-dc25-12e5-99db93c92562" testName="Sharpy.Core.Tests.Set_Tests.Set_IsSubset_WithStrings_WorksCorrectly" computerName="mac" duration="00:00:00.0001156" startTime="2026-01-11T21:43:25.8963480-05:00" endTime="2026-01-11T21:43:25.8963920-05:00" testType="13cdc9d9-ddb5-4fa4-a97d-d965ccfc6d4b" outcome="Passed" testListId="8c84fa94-04c1-424b-9868-57a2d4851a1d" relativeResultsDirectory="1e322e9d-67d1-4ed8-9f8d-4c6936fdd2b2" />
    <UnitTestResult executionId="610b7ce8-0655-47b1-b765-6876353d3813" testId="a77566eb-707c-76d3-b63c-ccc922f153d9" testName="Sharpy.Core.Tests.Set_Tests.Set_Inequality_Different_Type" computerName="mac" duration="00:00:00.0011097" startTime="2026-01-11T21:43:25.8830790-05:00" endTime="2026-01-11T21:43:25.8832840-05:00" testType="13cdc9d9-ddb5-4fa4-a97d-d965ccfc6d4b" outcome="Passed" testListId="8c84fa94-04c1-424b-9868-57a2d4851a1d" relativeResultsDirectory="610b7ce8-0655-47b1-b765-6876353d3813" />
    <UnitTestResult executionId="6f40c2e0-d655-48f9-b489-c64c2e53984c" testId="4d358b55-a8ad-b0bb-a061-3583888ebfe2" testName="Sharpy.Core.Tests.StrMethods_Tests.MakeTrans_WithNullMapping_ThrowsArgumentNullException" computerName="mac" duration="00:00:00.0003041" startTime="2026-01-11T21:43:25.8875190-05:00" endTime="2026-01-11T21:43:25.8879510-05:00" testType="13cdc9d9-ddb5-4fa4-a97d-d965ccfc6d4b" outcome="Passed" testListId="8c84fa94-04c1-424b-9868-57a2d4851a1d" relativeResultsDirectory="6f40c2e0-d655-48f9-b489-c64c2e53984c" />
    <UnitTestResult executionId="63a03cd9-fc9b-4fa5-a69c-297d51870300" testId="f624b5b2-9929-7de6-d0a8-9c6c7f9ad647" testName="Sharpy.Core.Tests.StrMethods_Tests.IsIdentifier_WithValidIdentifier_ReturnsTrue" computerName="mac" duration="00:00:00.0000283" startTime="2026-01-11T21:43:25.9031950-05:00" endTime="2026-01-11T21:43:25.9035410-05:00" testType="13cdc9d9-ddb5-4fa4-a97d-d965ccfc6d4b" outcome="Passed" testListId="8c84fa94-04c1-424b-9868-57a2d4851a1d" relativeResultsDirectory="63a03cd9-fc9b-4fa5-a69c-297d51870300" />
    <UnitTestResult executionId="bbf7293f-b625-4624-85d3-cc5f6971d117" testId="62f6288d-7184-5dcc-ae22-a263a81305c7" testName="Sharpy.Core.Tests.Set_Tests.Set_IsDisjoint_BothEmpty_ReturnsTrue" computerName="mac" duration="00:00:00.0000413" startTime="2026-01-11T21:43:25.8984760-05:00" endTime="2026-01-11T21:43:25.8985320-05:00" testType="13cdc9d9-ddb5-4fa4-a97d-d965ccfc6d4b" outcome="Passed" testListId="8c84fa94-04c1-424b-9868-57a2d4851a1d" relativeResultsDirectory="bbf7293f-b625-4624-85d3-cc5f6971d117" />
    <UnitTestResult executionId="d4e7f01d-880c-4c0e-afc5-14787b8c2246" testId="150200c1-abce-5e8b-8429-b39c7470957d" testName="Sharpy.Core.Tests.IteratorInteropTests.SharpyIterable_WithNullElements_WorksCorrectly" computerName="mac" duration="00:00:00.0002552" startTime="2026-01-11T21:43:25.9042340-05:00" endTime="2026-01-11T21:43:25.9044310-05:00" testType="13cdc9d9-ddb5-4fa4-a97d-d965ccfc6d4b" outcome="Passed" testListId="8c84fa94-04c1-424b-9868-57a2d4851a1d" relativeResultsDirectory="d4e7f01d-880c-4c0e-afc5-14787b8c2246" />
    <UnitTestResult executionId="367627ca-150f-470b-9334-9421a2b26819" testId="5780165b-1402-61fc-23db-cfc737309689" testName="Sharpy.Core.Tests.StrMethods_Tests.Translate_WithNullTable_ThrowsArgumentNullException" computerName="mac" duration="00:00:00.0001998" startTime="2026-01-11T21:43:25.8949840-05:00" endTime="2026-01-11T21:43:25.8950840-05:00" testType="13cdc9d9-ddb5-4fa4-a97d-d965ccfc6d4b" outcome="Passed" testListId="8c84fa94-04c1-424b-9868-57a2d4851a1d" relativeResultsDirectory="367627ca-150f-470b-9334-9421a2b26819" />
    <UnitTestResult executionId="2de723a0-b415-4932-ab4d-5c58141dbd25" testId="a786b968-30ee-6fc8-e771-e12567778861" testName="Sharpy.Core.Tests.List_Tests.List_Remove_Present_More_Than_Once" computerName="mac" duration="00:00:00.0003908" startTime="2026-01-11T21:43:25.8640330-05:00" endTime="2026-01-11T21:43:25.8646280-05:00" testType="13cdc9d9-ddb5-4fa4-a97d-d965ccfc6d4b" outcome="Passed" testListId="8c84fa94-04c1-424b-9868-57a2d4851a1d" relativeResultsDirectory="2de723a0-b415-4932-ab4d-5c58141dbd25" />
    <UnitTestResult executionId="b9a7ec83-5069-40fa-bb76-0baf9a71f01c" testId="31575412-3c79-ddba-d5d4-d8670460021d" testName="Sharpy.Core.Tests.ModuleIntegrationTests.RandomModule_BasicFunctions_WorkCorrectly" computerName="mac" duration="00:00:00.0007981" startTime="2026-01-11T21:43:25.8824990-05:00" endTime="2026-01-11T21:43:25.8830940-05:00" testType="13cdc9d9-ddb5-4fa4-a97d-d965ccfc6d4b" outcome="Passed" testListId="8c84fa94-04c1-424b-9868-57a2d4851a1d" relativeResultsDirectory="b9a7ec83-5069-40fa-bb76-0baf9a71f01c" />
    <UnitTestResult executionId="827486f3-bde2-4d86-affe-40fc118cd113" testId="54bce90a-0cf3-dd56-50f7-991ef1f9d0fa" testName="Sharpy.Core.Tests.Dict_Tests.Update_MergesAnotherDict" computerName="mac" duration="00:00:00.0001651" startTime="2026-01-11T21:43:25.8623250-05:00" endTime="2026-01-11T21:43:25.8627730-05:00" testType="13cdc9d9-ddb5-4fa4-a97d-d965ccfc6d4b" outcome="Passed" testListId="8c84fa94-04c1-424b-9868-57a2d4851a1d" relativeResultsDirectory="827486f3-bde2-4d86-affe-40fc118cd113" />
    <UnitTestResult executionId="5fe321e8-56e2-49df-a1a4-6b32c2b7f9b2" testId="042efa21-0d18-3670-4a73-464081af9ef3" testName="Sharpy.Core.Tests.StrMethods_Tests.RIndex_FindsSubstringFromRight" computerName="mac" duration="00:00:00.0002741" startTime="2026-01-11T21:43:25.8826560-05:00" endTime="2026-01-11T21:43:25.8829900-05:00" testType="13cdc9d9-ddb5-4fa4-a97d-d965ccfc6d4b" outcome="Passed" testListId="8c84fa94-04c1-424b-9868-57a2d4851a1d" relativeResultsDirectory="5fe321e8-56e2-49df-a1a4-6b32c2b7f9b2" />
    <UnitTestResult executionId="92662c84-6c0a-4498-bffd-543730a4ceea" testId="0469507e-ce49-4b26-5c11-abca6b550685" testName="Sharpy.Core.Tests.Set_Tests.Set_IsSubset_UsingLessOrEqualOperator_WorksCorrectly" computerName="mac" duration="00:00:00.0000762" startTime="2026-01-11T21:43:25.8959350-05:00" endTime="2026-01-11T21:43:25.8959920-05:00" testType="13cdc9d9-ddb5-4fa4-a97d-d965ccfc6d4b" outcome="Passed" testListId="8c84fa94-04c1-424b-9868-57a2d4851a1d" relativeResultsDirectory="92662c84-6c0a-4498-bffd-543730a4ceea" />
    <UnitTestResult executionId="1287c8a8-ca14-4289-942b-fa6c79c38516" testId="43be82b5-ed9f-134c-d86e-115dbfacce3c" testName="Sharpy.Core.Tests.StrMethods_Tests.RFind_FindsSubstringFromRight" computerName="mac" duration="00:00:00.0000855" startTime="2026-01-11T21:43:25.8939870-05:00" endTime="2026-01-11T21:43:25.8941420-05:00" testType="13cdc9d9-ddb5-4fa4-a97d-d965ccfc6d4b" outcome="Passed" testListId="8c84fa94-04c1-424b-9868-57a2d4851a1d" relativeResultsDirectory="1287c8a8-ca14-4289-942b-fa6c79c38516" />
    <UnitTestResult executionId="3f81a1c2-011e-45f6-b395-03a6cc3c6b01" testId="b74bea42-a63d-9595-49c5-61fb6dd2d563" testName="Sharpy.Core.Tests.Isinstance_Tests.IsInstance_Generic_WrongType_ReturnsFalse" computerName="mac" duration="00:00:00.0000540" startTime="2026-01-11T21:43:25.8691760-05:00" endTime="2026-01-11T21:43:25.8691910-05:00" testType="13cdc9d9-ddb5-4fa4-a97d-d965ccfc6d4b" outcome="Passed" testListId="8c84fa94-04c1-424b-9868-57a2d4851a1d" relativeResultsDirectory="3f81a1c2-011e-45f6-b395-03a6cc3c6b01" />
    <UnitTestResult executionId="340bf458-ad36-4765-82f4-91c3a3b4ae12" testId="04bf3578-a5a8-46be-fdb4-a512e4af5e88" testName="Sharpy.Core.Tests.Set_Tests.Set_SymmetricDifference_WithAnotherSet_ReturnsCorrectSymmetricDifference" computerName="mac" duration="00:00:00.0002395" startTime="2026-01-11T21:43:25.8829750-05:00" endTime="2026-01-11T21:43:25.8830430-05:00" testType="13cdc9d9-ddb5-4fa4-a97d-d965ccfc6d4b" outcome="Passed" testListId="8c84fa94-04c1-424b-9868-57a2d4851a1d" relativeResultsDirectory="340bf458-ad36-4765-82f4-91c3a3b4ae12" />
    <UnitTestResult executionId="2b3ed229-37e8-422a-a758-a1810cb5fb5b" testId="4f86c425-6d25-2153-fb9f-ab72da4451ba" testName="Sharpy.Core.Tests.ListTests+Comparison.GreaterThan_EqualLists_ReturnsFalse" computerName="mac" duration="00:00:00.0001261" startTime="2026-01-11T21:43:25.8596540-05:00" endTime="2026-01-11T21:43:25.8596690-05:00" testType="13cdc9d9-ddb5-4fa4-a97d-d965ccfc6d4b" outcome="Passed" testListId="8c84fa94-04c1-424b-9868-57a2d4851a1d" relativeResultsDirectory="2b3ed229-37e8-422a-a758-a1810cb5fb5b" />
    <UnitTestResult executionId="8dbcdf9d-b34b-4f30-a18c-169160719b6b" testId="f4c8241e-5a68-8de7-f57c-8afd313e458d" testName="Sharpy.Core.Tests.StrMethods_Tests.IsAscii_WithAsciiString_ReturnsTrue" computerName="mac" duration="00:00:00.0000370" startTime="2026-01-11T21:43:25.9028950-05:00" endTime="2026-01-11T21:43:25.9029100-05:00" testType="13cdc9d9-ddb5-4fa4-a97d-d965ccfc6d4b" outcome="Passed" testListId="8c84fa94-04c1-424b-9868-57a2d4851a1d" relativeResultsDirectory="8dbcdf9d-b34b-4f30-a18c-169160719b6b" />
    <UnitTestResult executionId="254e6d09-cadf-411a-920c-8447bf6941de" testId="79f24baf-8d37-821c-4fea-fae78dfe5fcc" testName="Sharpy.Core.Tests.List_Tests.List_Indexer_Slice_Object" computerName="mac" duration="00:00:00.0004386" startTime="2026-01-11T21:43:25.8960650-05:00" endTime="2026-01-11T21:43:25.8968450-05:00" testType="13cdc9d9-ddb5-4fa4-a97d-d965ccfc6d4b" outcome="Passed" testListId="8c84fa94-04c1-424b-9868-57a2d4851a1d" relativeResultsDirectory="254e6d09-cadf-411a-920c-8447bf6941de" />
    <UnitTestResult executionId="f2fbd1d8-6a33-4b09-89c8-105f4f3c7194" testId="58388887-1825-e24a-ddb1-0be9a4c3480a" testName="Sharpy.Core.Tests.ListTests+Comparison.LessThan_OtherIsPrefixOfThis_ReturnsFalse" computerName="mac" duration="00:00:00.0001285" startTime="2026-01-11T21:43:25.8634380-05:00" endTime="2026-01-11T21:43:25.8635570-05:00" testType="13cdc9d9-ddb5-4fa4-a97d-d965ccfc6d4b" outcome="Passed" testListId="8c84fa94-04c1-424b-9868-57a2d4851a1d" relativeResultsDirectory="f2fbd1d8-6a33-4b09-89c8-105f4f3c7194" />
    <UnitTestResult executionId="cc8bedab-c289-4894-a2d4-02497a1d0061" testId="1d38c443-aa71-199e-6fab-0d955cd08e0d" testName="Sharpy.Core.Tests.Dict_Tests.Or_WithEmptyDicts_ReturnsEmptyDict" computerName="mac" duration="00:00:00.0000480" startTime="2026-01-11T21:43:25.8575860-05:00" endTime="2026-01-11T21:43:25.8576560-05:00" testType="13cdc9d9-ddb5-4fa4-a97d-d965ccfc6d4b" outcome="Passed" testListId="8c84fa94-04c1-424b-9868-57a2d4851a1d" relativeResultsDirectory="cc8bedab-c289-4894-a2d4-02497a1d0061" />
    <UnitTestResult executionId="3810f99c-01b9-4925-9561-c26693fd7108" testId="8627edae-3260-9e8e-2310-afcd61a006e0" testName="Sharpy.Core.Tests.DoubleConversionTests.Double_FromBool_False_Returns0" computerName="mac" duration="00:00:00.0000244" startTime="2026-01-11T21:43:25.8750680-05:00" endTime="2026-01-11T21:43:25.8750830-05:00" testType="13cdc9d9-ddb5-4fa4-a97d-d965ccfc6d4b" outcome="Passed" testListId="8c84fa94-04c1-424b-9868-57a2d4851a1d" relativeResultsDirectory="3810f99c-01b9-4925-9561-c26693fd7108" />
    <UnitTestResult executionId="98fa965b-9c9f-4bb9-a449-70457886193c" testId="e077e25b-b302-111a-34a4-28a3702235b1" testName="Sharpy.Core.Tests.Dict_Tests.SetDefault_ReturnsExistingValue" computerName="mac" duration="00:00:00.0001867" startTime="2026-01-11T21:43:25.8731270-05:00" endTime="2026-01-11T21:43:25.8735020-05:00" testType="13cdc9d9-ddb5-4fa4-a97d-d965ccfc6d4b" outcome="Passed" testListId="8c84fa94-04c1-424b-9868-57a2d4851a1d" relativeResultsDirectory="98fa965b-9c9f-4bb9-a449-70457886193c" />
    <UnitTestResult executionId="38cd9c5d-b343-4acc-ada1-0ec7b888f0d7" testId="f77a2c55-2354-7f77-6225-d5a2f65b1cd9" testName="Sharpy.Core.Tests.List_Tests.List_Multiplication_Assignment_Operator_Negative" computerName="mac" duration="00:00:00.0000418" startTime="2026-01-11T21:43:25.9100000-05:00" endTime="2026-01-11T21:43:25.9100140-05:00" testType="13cdc9d9-ddb5-4fa4-a97d-d965ccfc6d4b" outcome="Passed" testListId="8c84fa94-04c1-424b-9868-57a2d4851a1d" relativeResultsDirectory="38cd9c5d-b343-4acc-ada1-0ec7b888f0d7" />
    <UnitTestResult executionId="f6b88ce9-b78a-4614-b92d-815296d30724" testId="9178ee42-df65-17b0-8055-8d7d26bb0d30" testName="Sharpy.Core.Tests.StrMethods_Tests.ExpandTabs_WithDefaultTabSize_ExpandsCorrectly" computerName="mac" duration="00:00:00.0000360" startTime="2026-01-11T21:43:25.8869730-05:00" endTime="2026-01-11T21:43:25.8869890-05:00" testType="13cdc9d9-ddb5-4fa4-a97d-d965ccfc6d4b" outcome="Passed" testListId="8c84fa94-04c1-424b-9868-57a2d4851a1d" relativeResultsDirectory="f6b88ce9-b78a-4614-b92d-815296d30724" />
    <UnitTestResult executionId="5576b789-11e4-4eb0-990d-5cedb35ba679" testId="c0456046-2b47-f88d-35bd-c4d6cf3f1c94" testName="Sharpy.Core.Tests.Str_Tests.CaseFold_LowersCaseInsensitive" computerName="mac" duration="00:00:00.0001823" startTime="2026-01-11T21:43:25.8651430-05:00" endTime="2026-01-11T21:43:25.8655930-05:00" testType="13cdc9d9-ddb5-4fa4-a97d-d965ccfc6d4b" outcome="Passed" testListId="8c84fa94-04c1-424b-9868-57a2d4851a1d" relativeResultsDirectory="5576b789-11e4-4eb0-990d-5cedb35ba679" />
    <UnitTestResult executionId="2153715b-25b0-47f5-9bf5-5a7c769ef8c1" testId="8521b1b5-4565-b382-a428-06ea7ec0d39f" testName="Sharpy.Core.Tests.DictViews_Tests.Values_ReflectsChangesToDict" computerName="mac" duration="00:00:00.0016687" startTime="2026-01-11T21:43:25.8577760-05:00" endTime="2026-01-11T21:43:25.8587460-05:00" testType="13cdc9d9-ddb5-4fa4-a97d-d965ccfc6d4b" outcome="Passed" testListId="8c84fa94-04c1-424b-9868-57a2d4851a1d" relativeResultsDirectory="2153715b-25b0-47f5-9bf5-5a7c769ef8c1" />
    <UnitTestResult executionId="cb4e3d97-81d9-471e-b8f9-f7f615e154ce" testId="874ab7eb-d011-03d7-cc0b-1dac284cf25c" testName="Sharpy.Core.Tests.Set_Tests.Set_Intersection_WithIdenticalSets_ReturnsSetWithSameElements" computerName="mac" duration="00:00:00.0001156" startTime="2026-01-11T21:43:25.8833500-05:00" endTime="2026-01-11T21:43:25.8837130-05:00" testType="13cdc9d9-ddb5-4fa4-a97d-d965ccfc6d4b" outcome="Passed" testListId="8c84fa94-04c1-424b-9868-57a2d4851a1d" relativeResultsDirectory="cb4e3d97-81d9-471e-b8f9-f7f615e154ce" />
    <UnitTestResult executionId="3669c28a-dd9c-4dec-9a11-04f14b1f9205" testId="7dde0b08-5a44-7088-26d4-acbde795f50d" testName="Sharpy.Core.Tests.List_Tests.List_Dunder_Slice_Not_Single_Step_Enough" computerName="mac" duration="00:00:00.0000629" startTime="2026-01-11T21:43:25.9103910-05:00" endTime="2026-01-11T21:43:25.9104050-05:00" testType="13cdc9d9-ddb5-4fa4-a97d-d965ccfc6d4b" outcome="Passed" testListId="8c84fa94-04c1-424b-9868-57a2d4851a1d" relativeResultsDirectory="3669c28a-dd9c-4dec-9a11-04f14b1f9205" />
    <UnitTestResult executionId="743cf69a-fabf-455b-94f3-1a4fcfd43092" testId="dc0f6996-7fc3-68c8-2af8-056721f500bf" testName="Sharpy.Core.Tests.IteratorInteropTests.Take_MoreThanAvailable_ReturnAll" computerName="mac" duration="00:00:00.0000583" startTime="2026-01-11T21:43:25.8968980-05:00" endTime="2026-01-11T21:43:25.8969760-05:00" testType="13cdc9d9-ddb5-4fa4-a97d-d965ccfc6d4b" outcome="Passed" testListId="8c84fa94-04c1-424b-9868-57a2d4851a1d" relativeResultsDirectory="743cf69a-fabf-455b-94f3-1a4fcfd43092" />
    <UnitTestResult executionId="654e8c6b-3fce-4d5f-9543-cf14346d47f0" testId="28a073ec-53f0-e18f-92db-ef765af0d6a7" testName="Sharpy.Core.Tests.StrMethods_Tests.RFind_WithNotFoundSubstring_ReturnsMinusOne" computerName="mac" duration="00:00:00.0000415" startTime="2026-01-11T21:43:25.9004240-05:00" endTime="2026-01-11T21:43:25.9004380-05:00" testType="13cdc9d9-ddb5-4fa4-a97d-d965ccfc6d4b" outcome="Passed" testListId="8c84fa94-04c1-424b-9868-57a2d4851a1d" relativeResultsDirectory="654e8c6b-3fce-4d5f-9543-cf14346d47f0" />
    <UnitTestResult executionId="40ec81d6-6147-479d-8f86-c74ddb17a058" testId="ce28f671-042c-a05f-f667-6602b54be3f2" testName="Sharpy.Core.Tests.Dict_Tests.Contains_ReturnsTrueForExistingKey" computerName="mac" duration="00:00:00.0000639" startTime="2026-01-11T21:43:25.8799800-05:00" endTime="2026-01-11T21:43:25.8799940-05:00" testType="13cdc9d9-ddb5-4fa4-a97d-d965ccfc6d4b" outcome="Passed" testListId="8c84fa94-04c1-424b-9868-57a2d4851a1d" relativeResultsDirectory="40ec81d6-6147-479d-8f86-c74ddb17a058" />
    <UnitTestResult executionId="4d09af8a-8b74-4973-bfa3-48ed0b6ff18a" testId="d7762f1c-a2c9-4c03-9327-d0bc1c0e2656" testName="Sharpy.Core.Tests.List_Tests.List_Addition_Operator_Null" computerName="mac" duration="00:00:00.0001562" startTime="2026-01-11T21:43:25.9110040-05:00" endTime="2026-01-11T21:43:25.9110210-05:00" testType="13cdc9d9-ddb5-4fa4-a97d-d965ccfc6d4b" outcome="Passed" testListId="8c84fa94-04c1-424b-9868-57a2d4851a1d" relativeResultsDirectory="4d09af8a-8b74-4973-bfa3-48ed0b6ff18a" />
    <UnitTestResult executionId="4d7ac857-9112-48cd-990f-c0c2b5fdc33c" testId="c6a57b64-9a08-719b-a1bc-c61231d3ec5a" testName="Sharpy.Core.Tests.IntConversionTests.Int_FromShort_ReturnsInt" computerName="mac" duration="00:00:00.0000401" startTime="2026-01-11T21:43:25.8518470-05:00" endTime="2026-01-11T21:43:25.8544620-05:00" testType="13cdc9d9-ddb5-4fa4-a97d-d965ccfc6d4b" outcome="Passed" testListId="8c84fa94-04c1-424b-9868-57a2d4851a1d" relativeResultsDirectory="4d7ac857-9112-48cd-990f-c0c2b5fdc33c" />
    <UnitTestResult executionId="6f9a7f5a-678a-49d7-a37c-ab2c6ba7c5f1" testId="16995c1d-c9ab-1c58-5c62-ab5cc5de7c22" testName="Sharpy.Core.Tests.List_Tests.List_Delete_Slice_Single_Step" computerName="mac" duration="00:00:00.0014645" startTime="2026-01-11T21:43:25.9083660-05:00" endTime="2026-01-11T21:43:25.9083800-05:00" testType="13cdc9d9-ddb5-4fa4-a97d-d965ccfc6d4b" outcome="Passed" testListId="8c84fa94-04c1-424b-9868-57a2d4851a1d" relativeResultsDirectory="6f9a7f5a-678a-49d7-a37c-ab2c6ba7c5f1" />
    <UnitTestResult executionId="e1dc759c-2a91-4441-b8c4-fcbd32d8225f" testId="67fc908a-9a74-1b0d-7db4-f15da326b0e1" testName="Sharpy.Core.Tests.Str_Tests.EndsWith_ReturnsFalseForNonSuffix" computerName="mac" duration="00:00:00.0000400" startTime="2026-01-11T21:43:25.8669780-05:00" endTime="2026-01-11T21:43:25.8670960-05:00" testType="13cdc9d9-ddb5-4fa4-a97d-d965ccfc6d4b" outcome="Passed" testListId="8c84fa94-04c1-424b-9868-57a2d4851a1d" relativeResultsDirectory="e1dc759c-2a91-4441-b8c4-fcbd32d8225f" />
    <UnitTestResult executionId="653f4a4e-a334-41f2-bd51-6b2ae80ccb5a" testId="8bb2b951-5ce6-fa78-75d6-8d03a546d197" testName="Sharpy.Core.Tests.TupleConversionTests.Tuple_FromIEnumerable_ThreeElements_ReturnsTuple" computerName="mac" duration="00:00:00.0013179" startTime="2026-01-11T21:43:25.8737290-05:00" endTime="2026-01-11T21:43:25.8755360-05:00" testType="13cdc9d9-ddb5-4fa4-a97d-d965ccfc6d4b" outcome="Passed" testListId="8c84fa94-04c1-424b-9868-57a2d4851a1d" relativeResultsDirectory="653f4a4e-a334-41f2-bd51-6b2ae80ccb5a" />
    <UnitTestResult executionId="7fec6cab-a745-4413-a638-4eea646daac7" testId="7a410f22-d39d-3d66-e7a1-68fe7c2e007f" testName="Sharpy.Core.Tests.Wrapper_Tests.Wrapper_Representable" computerName="mac" duration="00:00:00.0002910" startTime="2026-01-11T21:43:25.8750200-05:00" endTime="2026-01-11T21:43:25.8754310-05:00" testType="13cdc9d9-ddb5-4fa4-a97d-d965ccfc6d4b" outcome="Passed" testListId="8c84fa94-04c1-424b-9868-57a2d4851a1d" relativeResultsDirectory="7fec6cab-a745-4413-a638-4eea646daac7" />
    <UnitTestResult executionId="a5d8a2a6-a272-4903-8b97-aaca0cb3a633" testId="36d7b22f-a343-0af9-7784-c75f06b0021a" testName="Sharpy.Core.Tests.List_Tests.List_Pop_Out_Of_Bounds_Left" computerName="mac" duration="00:00:00.0001532" startTime="2026-01-11T21:43:25.9071520-05:00" endTime="2026-01-11T21:43:25.9071670-05:00" testType="13cdc9d9-ddb5-4fa4-a97d-d965ccfc6d4b" outcome="Passed" testListId="8c84fa94-04c1-424b-9868-57a2d4851a1d" relativeResultsDirectory="a5d8a2a6-a272-4903-8b97-aaca0cb3a633" />
    <UnitTestResult executionId="24d6fa9f-4634-4560-81a9-4710a2ded2a8" testId="f3ed1dd6-478e-d5ce-a0b1-67dcae559261" testName="Sharpy.Core.Tests.IntConversionTests.Int_FromFloat_NegativeInfinity_ThrowsOverflowException" computerName="mac" duration="00:00:00.0008954" startTime="2026-01-11T21:43:25.8390220-05:00" endTime="2026-01-11T21:43:25.8485560-05:00" testType="13cdc9d9-ddb5-4fa4-a97d-d965ccfc6d4b" outcome="Passed" testListId="8c84fa94-04c1-424b-9868-57a2d4851a1d" relativeResultsDirectory="24d6fa9f-4634-4560-81a9-4710a2ded2a8" />
    <UnitTestResult executionId="ce139765-9bf4-4efd-934c-c830d42f1ab0" testId="3ef1aa02-2a85-8d17-0b9d-a2d4a1ed94b4" testName="Sharpy.Core.Tests.ListTests+Comparison.GreaterThan_NonEmptyVsEmpty_ReturnsTrue" computerName="mac" duration="00:00:00.0000732" startTime="2026-01-11T21:43:25.8623140-05:00" endTime="2026-01-11T21:43:25.8624430-05:00" testType="13cdc9d9-ddb5-4fa4-a97d-d965ccfc6d4b" outcome="Passed" testListId="8c84fa94-04c1-424b-9868-57a2d4851a1d" relativeResultsDirectory="ce139765-9bf4-4efd-934c-c830d42f1ab0" />
    <UnitTestResult executionId="0fe0e70f-bab3-4b34-adce-88ddc25278a3" testId="4dd47c65-1c72-c7de-ea60-0f18be3a99f7" testName="Sharpy.Core.Tests.List_Tests.List_Inplace_Addition_Dunder_Null" computerName="mac" duration="00:00:00.0001915" startTime="2026-01-11T21:43:25.9131530-05:00" endTime="2026-01-11T21:43:25.9131670-05:00" testType="13cdc9d9-ddb5-4fa4-a97d-d965ccfc6d4b" outcome="Passed" testListId="8c84fa94-04c1-424b-9868-57a2d4851a1d" relativeResultsDirectory="0fe0e70f-bab3-4b34-adce-88ddc25278a3" />
    <UnitTestResult executionId="705b1d53-8a5e-4c68-b4b1-4fed0f33d180" testId="d8485f8c-f3e1-dd57-553f-55fa81ff3485" testName="Sharpy.Core.Tests.Any_Tests.Any_EmptyList_ReturnsFalse" computerName="mac" duration="00:00:00.0012255" startTime="2026-01-11T21:43:25.8744770-05:00" endTime="2026-01-11T21:43:25.8760640-05:00" testType="13cdc9d9-ddb5-4fa4-a97d-d965ccfc6d4b" outcome="Passed" testListId="8c84fa94-04c1-424b-9868-57a2d4851a1d" relativeResultsDirectory="705b1d53-8a5e-4c68-b4b1-4fed0f33d180" />
    <UnitTestResult executionId="7d0d8c89-a67a-4ea0-8ee3-8d839f812550" testId="538d58a4-fb91-2534-2035-ba18d29351a2" testName="Sharpy.Core.Tests.IntConversionTests.Int_FromFloat_Truncates" computerName="mac" duration="00:00:00.0000270" startTime="2026-01-11T21:43:25.8490060-05:00" endTime="2026-01-11T21:43:25.8490220-05:00" testType="13cdc9d9-ddb5-4fa4-a97d-d965ccfc6d4b" outcome="Passed" testListId="8c84fa94-04c1-424b-9868-57a2d4851a1d" relativeResultsDirectory="7d0d8c89-a67a-4ea0-8ee3-8d839f812550" />
    <UnitTestResult executionId="8ed39ca1-bc8b-4577-801b-9735379ad305" testId="f344a900-aaa4-e166-3934-d8217d3e4734" testName="Sharpy.Core.Tests.List_Tests.List_Dunder_Replace_Slice_Not_Single_Step_Same_Num_Elems" computerName="mac" duration="00:00:00.0001002" startTime="2026-01-11T21:43:25.8879370-05:00" endTime="2026-01-11T21:43:25.8879970-05:00" testType="13cdc9d9-ddb5-4fa4-a97d-d965ccfc6d4b" outcome="Passed" testListId="8c84fa94-04c1-424b-9868-57a2d4851a1d" relativeResultsDirectory="8ed39ca1-bc8b-4577-801b-9735379ad305" />
    <UnitTestResult executionId="fcc8fd98-4f95-47fd-995c-76668549eb88" testId="516d40ec-f26d-52d8-45e1-38580f92013f" testName="Sharpy.Core.Tests.DoubleConversionTests.Double_FromString_WithWhitespace_ReturnsDouble" computerName="mac" duration="00:00:00.0002621" startTime="2026-01-11T21:43:25.8740920-05:00" endTime="2026-01-11T21:43:25.8742250-05:00" testType="13cdc9d9-ddb5-4fa4-a97d-d965ccfc6d4b" outcome="Passed" testListId="8c84fa94-04c1-424b-9868-57a2d4851a1d" relativeResultsDirectory="fcc8fd98-4f95-47fd-995c-76668549eb88" />
    <UnitTestResult executionId="e9b3d291-fa6f-43ee-a027-aeb711cc4e66" testId="514493be-d522-024c-f2cd-bc768bac49c9" testName="Sharpy.Core.Tests.ListTests+Comparison.GreaterThan_EmptyVsNonEmpty_ReturnsFalse" computerName="mac" duration="00:00:00.0000366" startTime="2026-01-11T21:43:25.8595500-05:00" endTime="2026-01-11T21:43:25.8596180-05:00" testType="13cdc9d9-ddb5-4fa4-a97d-d965ccfc6d4b" outcome="Passed" testListId="8c84fa94-04c1-424b-9868-57a2d4851a1d" relativeResultsDirectory="e9b3d291-fa6f-43ee-a027-aeb711cc4e66" />
    <UnitTestResult executionId="761053da-ec64-4525-b04f-432398b7f5dc" testId="4620ad81-9855-7a6e-2d7c-5dfa4512ba46" testName="Sharpy.Core.Tests.Print_Tests.Print_WithCustomSep_UsesCustomSeparator" computerName="mac" duration="00:00:00.0000551" startTime="2026-01-11T21:43:25.8944230-05:00" endTime="2026-01-11T21:43:25.8945060-05:00" testType="13cdc9d9-ddb5-4fa4-a97d-d965ccfc6d4b" outcome="Passed" testListId="8c84fa94-04c1-424b-9868-57a2d4851a1d" relativeResultsDirectory="761053da-ec64-4525-b04f-432398b7f5dc" />
    <UnitTestResult executionId="db041f83-187e-4157-8094-f094dfe22f34" testId="3e356bbf-6349-29a7-751f-9e239b96edce" testName="Sharpy.Core.Tests.ListTests+Comparison.Comparison_MixedSizes_WorksCorrectly" computerName="mac" duration="00:00:00.0007220" startTime="2026-01-11T21:43:25.8573230-05:00" endTime="2026-01-11T21:43:25.8578430-05:00" testType="13cdc9d9-ddb5-4fa4-a97d-d965ccfc6d4b" outcome="Passed" testListId="8c84fa94-04c1-424b-9868-57a2d4851a1d" relativeResultsDirectory="db041f83-187e-4157-8094-f094dfe22f34" />
    <UnitTestResult executionId="0139f93f-dd06-4419-ac81-4621a8ed1084" testId="ecb08a20-f31f-905c-0875-3d55093bfff6" testName="Sharpy.Core.Tests.List_Tests.List_DotNet_Remove_At_End_Object_Equality_Not_Same" computerName="mac" duration="00:00:00.0052619" startTime="2026-01-11T21:43:25.8727810-05:00" endTime="2026-01-11T21:43:25.8801440-05:00" testType="13cdc9d9-ddb5-4fa4-a97d-d965ccfc6d4b" outcome="Passed" testListId="8c84fa94-04c1-424b-9868-57a2d4851a1d" relativeResultsDirectory="0139f93f-dd06-4419-ac81-4621a8ed1084" />
    <UnitTestResult executionId="0a3f52f0-7f51-494f-843e-a2856166dbba" testId="7589b7a7-a012-acb9-f054-c92db0c3ff13" testName="Sharpy.Core.Tests.IteratorInteropTests.SharpyIterable_OrderBy_Works" computerName="mac" duration="00:00:00.0001738" startTime="2026-01-11T21:43:25.9076800-05:00" endTime="2026-01-11T21:43:25.9077980-05:00" testType="13cdc9d9-ddb5-4fa4-a97d-d965ccfc6d4b" outcome="Passed" testListId="8c84fa94-04c1-424b-9868-57a2d4851a1d" relativeResultsDirectory="0a3f52f0-7f51-494f-843e-a2856166dbba" />
    <UnitTestResult executionId="fd0ecea8-e0cb-4cfa-b4b1-aa8c397aa510" testId="c243cdd1-6717-3cb6-88ad-76f680734a16" testName="Sharpy.Core.Tests.Dict_Tests.MixedOperations_MaintainCorrectState" computerName="mac" duration="00:00:00.0001867" startTime="2026-01-11T21:43:25.8697320-05:00" endTime="2026-01-11T21:43:25.8715040-05:00" testType="13cdc9d9-ddb5-4fa4-a97d-d965ccfc6d4b" outcome="Passed" testListId="8c84fa94-04c1-424b-9868-57a2d4851a1d" relativeResultsDirectory="fd0ecea8-e0cb-4cfa-b4b1-aa8c397aa510" />
    <UnitTestResult executionId="6f0cec50-26be-4b68-a9e6-c25ac22fe958" testId="e9ed15db-dd53-5fc5-618b-81794bffd29f" testName="Sharpy.Core.Tests.List_Tests.List_Addition_Dunder_Null" computerName="mac" duration="00:00:00.0001503" startTime="2026-01-11T21:43:25.9049660-05:00" endTime="2026-01-11T21:43:25.9050300-05:00" testType="13cdc9d9-ddb5-4fa4-a97d-d965ccfc6d4b" outcome="Passed" testListId="8c84fa94-04c1-424b-9868-57a2d4851a1d" relativeResultsDirectory="6f0cec50-26be-4b68-a9e6-c25ac22fe958" />
    <UnitTestResult executionId="1c3b6226-3f1b-40df-b606-933482b67b36" testId="f3c5ea88-535a-6236-5a2e-c9994cb1be9c" testName="Sharpy.Core.Tests.IntConversionTests.Int_FromBool_True_Returns1" computerName="mac" duration="00:00:00.0000356" startTime="2026-01-11T21:43:25.8379770-05:00" endTime="2026-01-11T21:43:25.8380110-05:00" testType="13cdc9d9-ddb5-4fa4-a97d-d965ccfc6d4b" outcome="Passed" testListId="8c84fa94-04c1-424b-9868-57a2d4851a1d" relativeResultsDirectory="1c3b6226-3f1b-40df-b606-933482b67b36" />
    <UnitTestResult executionId="9febd06b-397f-497d-975a-5e1b624d65e7" testId="ff2e558c-acab-5e18-b2c9-feff7d47f0a2" testName="Sharpy.Core.Tests.Set_Tests.Set_Copy_Empty" computerName="mac" duration="00:00:00.0022350" startTime="2026-01-11T21:43:25.8685220-05:00" endTime="2026-01-11T21:43:25.8732400-05:00" testType="13cdc9d9-ddb5-4fa4-a97d-d965ccfc6d4b" outcome="Passed" testListId="8c84fa94-04c1-424b-9868-57a2d4851a1d" relativeResultsDirectory="9febd06b-397f-497d-975a-5e1b624d65e7" />
    <UnitTestResult executionId="357288f5-20fa-49f9-83c5-03733a63de08" testId="fbef4477-611a-98d5-c34c-c350cc6902c3" testName="Sharpy.Core.Tests.DoubleConversionTests.Double_FromDouble_ReturnsIdentity" computerName="mac" duration="00:00:00.0002265" startTime="2026-01-11T21:43:25.8753350-05:00" endTime="2026-01-11T21:43:25.8755860-05:00" testType="13cdc9d9-ddb5-4fa4-a97d-d965ccfc6d4b" outcome="Passed" testListId="8c84fa94-04c1-424b-9868-57a2d4851a1d" relativeResultsDirectory="357288f5-20fa-49f9-83c5-03733a63de08" />
    <UnitTestResult executionId="f2cd84fd-8757-4967-b823-8947f5a82331" testId="c44fc498-107e-d31e-2606-d87bec50bda7" testName="Sharpy.Core.Tests.List_Tests.List_Pop_Middle" computerName="mac" duration="00:00:00.0000610" startTime="2026-01-11T21:43:25.9065060-05:00" endTime="2026-01-11T21:43:25.9065200-05:00" testType="13cdc9d9-ddb5-4fa4-a97d-d965ccfc6d4b" outcome="Passed" testListId="8c84fa94-04c1-424b-9868-57a2d4851a1d" relativeResultsDirectory="f2cd84fd-8757-4967-b823-8947f5a82331" />
    <UnitTestResult executionId="0c6bc541-7b1c-4eab-b0a3-0b1cd2209053" testId="9bc6ba8c-3334-e052-4947-3fb1ddec2663" testName="Sharpy.Core.Tests.List_Tests.List_Remove_Present_More_Than_Once_Object_Identity_Last" computerName="mac" duration="00:00:00.0004262" startTime="2026-01-11T21:43:25.9058730-05:00" endTime="2026-01-11T21:43:25.9060840-05:00" testType="13cdc9d9-ddb5-4fa4-a97d-d965ccfc6d4b" outcome="Passed" testListId="8c84fa94-04c1-424b-9868-57a2d4851a1d" relativeResultsDirectory="0c6bc541-7b1c-4eab-b0a3-0b1cd2209053" />
    <UnitTestResult executionId="e7865a71-7964-405c-8b49-a7aad87d6823" testId="31694ead-0711-07b9-2f29-ede66e596bf2" testName="Sharpy.Core.Tests.Set_Tests.Set_Initializer_Set" computerName="mac" duration="00:00:00.0000983" startTime="2026-01-11T21:43:25.8881570-05:00" endTime="2026-01-11T21:43:25.8884070-05:00" testType="13cdc9d9-ddb5-4fa4-a97d-d965ccfc6d4b" outcome="Passed" testListId="8c84fa94-04c1-424b-9868-57a2d4851a1d" relativeResultsDirectory="e7865a71-7964-405c-8b49-a7aad87d6823" />
[...]
    <TestEntry testId="7b236f2b-5973-c9ce-d125-7a0cc588ee9e" executionId="c88d4631-3f3d-4361-9e71-81dc06c8cace" testListId="8c84fa94-04c1-424b-9868-57a2d4851a1d" />
    <TestEntry testId="b7a1dad9-50cc-3aaa-bb93-c97a91095618" executionId="aec45ad1-2572-466e-82ca-53c27aae4b14" testListId="8c84fa94-04c1-424b-9868-57a2d4851a1d" />
    <TestEntry testId="1ca433d8-935a-398b-57b3-7d8500f1cbed" executionId="279a1ffc-4b0b-4687-be73-deb05c32e641" testListId="8c84fa94-04c1-424b-9868-57a2d4851a1d" />
    <TestEntry testId="96c95e5e-2a2e-4e9e-a6df-59ed144bbfcf" executionId="37a36b9c-d5f6-47e7-9c37-f844deb2f7a8" testListId="8c84fa94-04c1-424b-9868-57a2d4851a1d" />
    <TestEntry testId="77fd6784-2134-e75d-1c35-51c9104c2a5a" executionId="d05b120d-1881-425a-8a6b-d33c61eac125" testListId="8c84fa94-04c1-424b-9868-57a2d4851a1d" />
    <TestEntry testId="54ce373c-433e-6686-4523-b946ab89a282" executionId="184a6c91-2f8f-4fcf-b2d4-696526450eb4" testListId="8c84fa94-04c1-424b-9868-57a2d4851a1d" />
    <TestEntry testId="f6efc6c8-7352-ba8a-539c-bd90d9c54fac" executionId="eee0ad95-12c1-4790-bc0c-950e19239790" testListId="8c84fa94-04c1-424b-9868-57a2d4851a1d" />
    <TestEntry testId="a008db64-072c-f2ab-87eb-77cedf4fc1b4" executionId="2042efd1-1a67-438e-b7ad-80c40ff3be7f" testListId="8c84fa94-04c1-424b-9868-57a2d4851a1d" />
    <TestEntry testId="9ffa6daf-7c5d-e518-d286-48657cc3bcf7" executionId="a89aad0b-f4de-442c-9ba8-2b40d01e9fcc" testListId="8c84fa94-04c1-424b-9868-57a2d4851a1d" />
    <TestEntry testId="4ade44cd-d5b1-880c-06ec-a4447ba00586" executionId="49db505c-f850-42e4-8028-dd95698c274d" testListId="8c84fa94-04c1-424b-9868-57a2d4851a1d" />
    <TestEntry testId="a8559612-13e3-ca2e-b7f1-faf850c4ff66" executionId="d18bd435-1f08-4d15-bf91-243ed5a5a154" testListId="8c84fa94-04c1-424b-9868-57a2d4851a1d" />
    <TestEntry testId="36e63a59-698f-4232-05f6-64131b561e9f" executionId="dfda90bd-3144-4af7-b65e-fc5511544638" testListId="8c84fa94-04c1-424b-9868-57a2d4851a1d" />
    <TestEntry testId="1407a466-12d2-c30a-1cc8-ee602934486a" executionId="85cfbd57-2459-4f69-ba88-2e9c8ce5e79e" testListId="8c84fa94-04c1-424b-9868-57a2d4851a1d" />
    <TestEntry testId="a88369d0-233e-9418-683f-8e7620bcf3ae" executionId="f3324f3d-0559-4531-975c-38769766332d" testListId="8c84fa94-04c1-424b-9868-57a2d4851a1d" />
    <TestEntry testId="99ba19c9-8850-d5cb-bce6-a2fd933aa997" executionId="598702c9-4a9e-4836-a9bf-dc066a7afb68" testListId="8c84fa94-04c1-424b-9868-57a2d4851a1d" />
    <TestEntry testId="2438f6bd-f9e3-dd68-2a12-2d44ab1ff858" executionId="b92c99f2-4b7a-4966-953a-a091223faa25" testListId="8c84fa94-04c1-424b-9868-57a2d4851a1d" />
    <TestEntry testId="7e49bc00-1fea-9ab1-690b-8e7f7415e587" executionId="9a8ebb33-6106-4777-87e0-1b0b628554b9" testListId="8c84fa94-04c1-424b-9868-57a2d4851a1d" />
    <TestEntry testId="fadd553d-4602-02c0-e998-c8ceea18380f" executionId="68d772e0-ea5e-49f9-b701-a852e86471ed" testListId="8c84fa94-04c1-424b-9868-57a2d4851a1d" />
    <TestEntry testId="58a3ce4d-d9ef-16e5-831d-c4868eef6702" executionId="a20ab2aa-e09e-48b7-a7e7-75ec8363b417" testListId="8c84fa94-04c1-424b-9868-57a2d4851a1d" />
    <TestEntry testId="13fd4c35-9afe-a13b-2056-aa49417449b8" executionId="b31a6e53-94ac-402c-ada2-5e7b5ce325e2" testListId="8c84fa94-04c1-424b-9868-57a2d4851a1d" />
    <TestEntry testId="d5b55eb8-7b68-fd18-d84a-da6fb248fb87" executionId="e306dd8f-3766-4540-a531-8e7c9bb67e68" testListId="8c84fa94-04c1-424b-9868-57a2d4851a1d" />
    <TestEntry testId="f4f42564-7dcd-e965-0d33-4d84a301b366" executionId="0851b11a-10da-4b76-9286-d7bb6f69f04d" testListId="8c84fa94-04c1-424b-9868-57a2d4851a1d" />
    <TestEntry testId="ffa8a99a-ee45-7784-ee50-f9b5be3472fe" executionId="214349d7-5744-4894-ae2e-11007b120bdf" testListId="8c84fa94-04c1-424b-9868-57a2d4851a1d" />
    <TestEntry testId="a7729cc4-1575-a1e2-c280-17c85a9ec1d1" executionId="78a4354c-5c0a-49db-8650-18b6a867a1b8" testListId="8c84fa94-04c1-424b-9868-57a2d4851a1d" />
    <TestEntry testId="87245341-f1ad-073b-d43f-7483da965ef8" executionId="6c4db7bc-b9d8-4343-b176-305d731a3c6b" testListId="8c84fa94-04c1-424b-9868-57a2d4851a1d" />
    <TestEntry testId="9f9e2e7d-f854-a7f0-fa13-252a922a3a99" executionId="1eba9e56-b5aa-4b7c-8713-9749ecca6bca" testListId="8c84fa94-04c1-424b-9868-57a2d4851a1d" />
    <TestEntry testId="026bc120-d16a-7adb-29d2-dc6fef5db212" executionId="185dd0b6-aa32-4df7-904b-cd90eb932dc0" testListId="8c84fa94-04c1-424b-9868-57a2d4851a1d" />
    <TestEntry testId="6b8807b4-e530-1dd0-7e2d-bc645dde99c2" executionId="63057e3c-ce36-4a56-8901-836716eec799" testListId="8c84fa94-04c1-424b-9868-57a2d4851a1d" />
    <TestEntry testId="858f7a91-e223-ad76-20f7-1fbd5eaa354a" executionId="ad3e0b54-adf3-46d3-9d07-735738c3b792" testListId="8c84fa94-04c1-424b-9868-57a2d4851a1d" />
    <TestEntry testId="489b1ef9-e057-c5e5-5a5c-faa0108a0a43" executionId="8f23b51d-b97d-43a2-b511-ff53dc2e9e08" testListId="8c84fa94-04c1-424b-9868-57a2d4851a1d" />
    <TestEntry testId="1e65c6e2-4251-dc34-5f48-f871da03a0bf" executionId="aa8ef095-0830-41cb-9990-1473d91a3d4e" testListId="8c84fa94-04c1-424b-9868-57a2d4851a1d" />
    <TestEntry testId="484d8b09-b08e-8106-3901-a8e15af362b1" executionId="c9fcc05a-213a-4436-aba1-043370b6e002" testListId="8c84fa94-04c1-424b-9868-57a2d4851a1d" />
    <TestEntry testId="59add5d9-7dce-aef0-828a-cce2d8f071df" executionId="c04725e6-de04-41e2-8499-6643f3b1b89a" testListId="8c84fa94-04c1-424b-9868-57a2d4851a1d" />
    <TestEntry testId="aee1ad24-d599-e157-ab9e-b25cbba14061" executionId="2d9da0d6-1852-49a4-a886-53ac2f5863aa" testListId="8c84fa94-04c1-424b-9868-57a2d4851a1d" />
    <TestEntry testId="f7fc08f0-0cd4-c47b-2836-a6ace989651c" executionId="2bce7629-dd8e-4e3a-bf72-b42be64a761d" testListId="8c84fa94-04c1-424b-9868-57a2d4851a1d" />
    <TestEntry testId="257ecda5-7a1a-7cce-2842-25fb21f4e0f1" executionId="74159fe8-4909-41ef-b6d4-e145003c12a3" testListId="8c84fa94-04c1-424b-9868-57a2d4851a1d" />
    <TestEntry testId="49787db1-61c2-558b-236b-983a2b665772" executionId="05daa7b3-92ff-4fe8-b354-d97fa933a309" testListId="8c84fa94-04c1-424b-9868-57a2d4851a1d" />
    <TestEntry testId="806367bd-dbe4-2240-fa5f-dd7f321c0587" executionId="74799dc8-e575-4619-a03c-5c934fa17269" testListId="8c84fa94-04c1-424b-9868-57a2d4851a1d" />
    <TestEntry testId="8d7c84fa-9361-5610-121e-9ebb466eb03e" executionId="c8f763ef-72d0-46c4-a08e-c03f0d6875c0" testListId="8c84fa94-04c1-424b-9868-57a2d4851a1d" />
    <TestEntry testId="fc46e167-cff1-ed34-a26a-096fab29020c" executionId="5531af0b-ab80-4f35-bd00-e537b4f40ee4" testListId="8c84fa94-04c1-424b-9868-57a2d4851a1d" />
    <TestEntry testId="94941fe6-e491-588d-cee6-f89c88618fce" executionId="9661644e-1860-4d75-9c20-96d9d295759c" testListId="8c84fa94-04c1-424b-9868-57a2d4851a1d" />
    <TestEntry testId="2e4bf6aa-0d19-d564-468e-382a22ee8b04" executionId="15b35982-34bd-49ac-ad63-3ad4cd6c73f1" testListId="8c84fa94-04c1-424b-9868-57a2d4851a1d" />
    <TestEntry testId="25444e71-f627-a900-1946-9acfe1bef251" executionId="8355b164-ae98-450c-9fc1-cfff4f653ded" testListId="8c84fa94-04c1-424b-9868-57a2d4851a1d" />
    <TestEntry testId="3f022645-3471-c730-b523-0c9aaf2deaee" executionId="1d64c977-df71-4d7e-8a27-641febc16648" testListId="8c84fa94-04c1-424b-9868-57a2d4851a1d" />
    <TestEntry testId="e7439dcb-140c-cf9f-d17c-2b65cbdd5de5" executionId="8bef2f41-d1df-4b06-9ba7-9546c2b82489" testListId="8c84fa94-04c1-424b-9868-57a2d4851a1d" />
    <TestEntry testId="9670ac85-f28b-0cc8-ffe7-02185cd69137" executionId="61c4eeba-6c5d-4347-b4f4-d82bdc8919b6" testListId="8c84fa94-04c1-424b-9868-57a2d4851a1d" />
    <TestEntry testId="30f03f17-f108-638a-1be3-212b7d7990ff" executionId="685e5cbf-b452-47ef-8c48-0d426fa45726" testListId="8c84fa94-04c1-424b-9868-57a2d4851a1d" />
    <TestEntry testId="bc8d3131-1236-b6a6-aef1-e5107d848e7b" executionId="345f492c-b2ec-4777-a7e7-7dc66267fd1d" testListId="8c84fa94-04c1-424b-9868-57a2d4851a1d" />
    <TestEntry testId="3f91c13c-f03a-43b3-ab88-77bc5dd1f305" executionId="0d16a463-a6f1-4e42-b8d8-0cbbfd6005ca" testListId="8c84fa94-04c1-424b-9868-57a2d4851a1d" />
    <TestEntry testId="a3438310-dc36-bbf2-f61f-516ee2c4819c" executionId="38f82b92-539c-4844-88dd-bb036a3d438f" testListId="8c84fa94-04c1-424b-9868-57a2d4851a1d" />
    <TestEntry testId="14ef87e9-07b9-5fac-690d-cbe663411349" executionId="21ee8d2b-e2bc-43c2-ae50-096f3bf1e15e" testListId="8c84fa94-04c1-424b-9868-57a2d4851a1d" />
    <TestEntry testId="8b6cff21-0a5a-db2f-37d6-5c157b0d1e49" executionId="5e37ad88-c431-41b0-9671-753c62cbce29" testListId="8c84fa94-04c1-424b-9868-57a2d4851a1d" />
    <TestEntry testId="4d651e1e-76a4-5ea3-1719-79d453fa9882" executionId="6fe5b416-c10d-45fb-8dca-58c935b0abc8" testListId="8c84fa94-04c1-424b-9868-57a2d4851a1d" />
    <TestEntry testId="1aa874dc-975d-cae4-837f-9729a0d37b21" executionId="616e26e9-161d-4698-b27b-c84a2a4edee1" testListId="8c84fa94-04c1-424b-9868-57a2d4851a1d" />
    <TestEntry testId="19699850-4d65-8c9e-d745-3d57b23474b8" executionId="cdcab2c7-2850-4078-901d-50b517a80299" testListId="8c84fa94-04c1-424b-9868-57a2d4851a1d" />
    <TestEntry testId="e897c74d-0a04-566e-628c-5d3f5532e4df" executionId="99eb2595-454b-4d52-b073-379585baf9d0" testListId="8c84fa94-04c1-424b-9868-57a2d4851a1d" />
    <TestEntry testId="6461d1f0-1b4f-70cd-d200-197239471e0b" executionId="2e6d8e3e-faaf-46ec-811c-2b39da5d64c2" testListId="8c84fa94-04c1-424b-9868-57a2d4851a1d" />
    <TestEntry testId="221e162b-ad0a-e69e-d41a-6508f711b26a" executionId="11544be5-388b-48e8-8032-94a14c66d1cd" testListId="8c84fa94-04c1-424b-9868-57a2d4851a1d" />
    <TestEntry testId="8ff87c71-3a5f-49dd-3e09-fc67973e6840" executionId="830b0224-dc72-45db-948d-5a4a84936673" testListId="8c84fa94-04c1-424b-9868-57a2d4851a1d" />
    <TestEntry testId="d9d6ada9-7061-b9a2-40ac-cdc5533b490e" executionId="e15bbe87-ac48-448b-975c-f55d1b01e6e5" testListId="8c84fa94-04c1-424b-9868-57a2d4851a1d" />
    <TestEntry testId="bf4103c3-0426-be6a-5790-b0cec2610f32" executionId="54b478d8-1e3c-41e8-b35b-7619fa98945f" testListId="8c84fa94-04c1-424b-9868-57a2d4851a1d" />
    <TestEntry testId="faea3125-289d-f0fc-d8d5-0647cca3520c" executionId="e8b794a2-c929-437d-9f38-b666236c6f3c" testListId="8c84fa94-04c1-424b-9868-57a2d4851a1d" />
    <TestEntry testId="ac3d1926-5971-f99f-91bd-cd4f11a464a8" executionId="eeeb2e5f-54a1-4bbf-8689-3b7114a85f52" testListId="8c84fa94-04c1-424b-9868-57a2d4851a1d" />
    <TestEntry testId="ff676462-ffe1-1145-44ee-0c2695b66cc1" executionId="edccfce0-5573-4484-a129-8d4650174675" testListId="8c84fa94-04c1-424b-9868-57a2d4851a1d" />
    <TestEntry testId="962cbfa5-6131-3623-08be-6ed41b8dda5b" executionId="8fea36a4-c842-44bb-a739-9a6d57de3706" testListId="8c84fa94-04c1-424b-9868-57a2d4851a1d" />
    <TestEntry testId="a6c9ae3d-6af6-4507-56f2-2005056a06ea" executionId="8014824c-7cd3-42f9-8a36-f0912fc33044" testListId="8c84fa94-04c1-424b-9868-57a2d4851a1d" />
    <TestEntry testId="b31bf2b1-4d6e-45a7-f239-6207e622b80d" executionId="4b69208a-1e58-4901-8cc9-072ca3cb54f1" testListId="8c84fa94-04c1-424b-9868-57a2d4851a1d" />
    <TestEntry testId="646f3102-050d-6b0a-f325-504ce96ddaa4" executionId="c8b0ba8f-a4a8-4bb3-86a5-31961f02603e" testListId="8c84fa94-04c1-424b-9868-57a2d4851a1d" />
    <TestEntry testId="4c7356fb-6a99-5290-fefc-31800b92dc1d" executionId="6442147b-9fbd-42c7-bf8e-f5965a282231" testListId="8c84fa94-04c1-424b-9868-57a2d4851a1d" />
    <TestEntry testId="84af0189-f0c8-5a6b-ee05-40a4c4c2a4e9" executionId="572ea95b-ba4f-4229-8e58-809685bfdf0c" testListId="8c84fa94-04c1-424b-9868-57a2d4851a1d" />
    <TestEntry testId="1fe900d3-f66b-1c78-122e-a98eb55224c5" executionId="8cf9888c-015c-45ee-a03b-2a7b03507ba5" testListId="8c84fa94-04c1-424b-9868-57a2d4851a1d" />
    <TestEntry testId="138e2189-f603-415c-a7ad-e88549745a8c" executionId="ce74542f-e38e-45fd-93f9-8e80fd98dfe3" testListId="8c84fa94-04c1-424b-9868-57a2d4851a1d" />
    <TestEntry testId="c623079a-b45d-d2a2-ca33-1a69010b467e" executionId="9426e424-fdb0-4661-8dd1-b4a53fce8149" testListId="8c84fa94-04c1-424b-9868-57a2d4851a1d" />
    <TestEntry testId="03b1a952-bbaa-8347-f2cf-91973caabaea" executionId="34e56fa7-a3b1-4e41-9fbf-7e21158b0572" testListId="8c84fa94-04c1-424b-9868-57a2d4851a1d" />
    <TestEntry testId="29e85aab-94a9-5597-bae2-42f98dc6adcc" executionId="aec509a5-433b-42a5-b2db-8fb1df04f230" testListId="8c84fa94-04c1-424b-9868-57a2d4851a1d" />
    <TestEntry testId="30422154-12fb-32d1-0bd1-11f30c5a1266" executionId="55a2adc3-4f33-4cf7-a9af-7c6479241a69" testListId="8c84fa94-04c1-424b-9868-57a2d4851a1d" />
    <TestEntry testId="acc76a42-ec71-9da6-fd38-3e85c5472af7" executionId="fc60e93f-25fd-44cb-86db-8aa7db5ae5b2" testListId="8c84fa94-04c1-424b-9868-57a2d4851a1d" />
    <TestEntry testId="ec6e3da3-d951-6b2a-5cbb-779f78ee86af" executionId="b2e88f48-0f7b-4eef-b0a1-4b9e1f83d2dd" testListId="8c84fa94-04c1-424b-9868-57a2d4851a1d" />
    <TestEntry testId="9e01813e-57d4-23b3-59f0-7bcbc7dbc8c4" executionId="65989977-b427-41db-b3ee-abbfc3a92434" testListId="8c84fa94-04c1-424b-9868-57a2d4851a1d" />
    <TestEntry testId="2863956d-a45e-35e4-738d-1dbe582056ee" executionId="7e9df72a-d1b6-430a-8823-aebc903533dc" testListId="8c84fa94-04c1-424b-9868-57a2d4851a1d" />
    <TestEntry testId="5ecad91e-7640-ac89-bd3a-aa79c8c4c859" executionId="1b88970c-a515-4c73-8ccc-6033f77706d9" testListId="8c84fa94-04c1-424b-9868-57a2d4851a1d" />
    <TestEntry testId="40fee6a8-dc07-b7dc-3ef5-c75ec6e9ba30" executionId="7dc3a3ab-db73-4421-bbd5-d07426c9f427" testListId="8c84fa94-04c1-424b-9868-57a2d4851a1d" />
    <TestEntry testId="93931799-2f94-6b24-f667-eec2dacf0724" executionId="6baf335f-3849-4100-9e01-d6abec589d4b" testListId="8c84fa94-04c1-424b-9868-57a2d4851a1d" />
    <TestEntry testId="a168db15-39ca-416e-fcdb-2bbc5fff7593" executionId="7dade74c-0940-4090-bdb2-48dc15602861" testListId="8c84fa94-04c1-424b-9868-57a2d4851a1d" />
    <TestEntry testId="54c312db-1e52-2982-dd34-29acb6f928f9" executionId="c6bd7fa3-3fb2-4ed2-b375-f7f2b5af3465" testListId="8c84fa94-04c1-424b-9868-57a2d4851a1d" />
    <TestEntry testId="ee530dc8-ddf2-c8ba-5acf-f688a6c4fc3f" executionId="9c395dba-50a5-4a61-8d96-cdd310949953" testListId="8c84fa94-04c1-424b-9868-57a2d4851a1d" />
    <TestEntry testId="b5652a03-86db-5540-9085-5e1ec69ff47a" executionId="7332c7a6-78e4-4458-856b-3e68bc77cbff" testListId="8c84fa94-04c1-424b-9868-57a2d4851a1d" />
    <TestEntry testId="dc34b983-f1f5-f24b-0ae9-03cb323660c8" executionId="4f38590b-d84c-4e10-b6f5-5920c8c39cb9" testListId="8c84fa94-04c1-424b-9868-57a2d4851a1d" />
    <TestEntry testId="30002e0e-3673-6bd3-3e2a-0ded5986e30a" executionId="14eec6a0-d1dd-4c7a-94a3-4600e4a1e3d2" testListId="8c84fa94-04c1-424b-9868-57a2d4851a1d" />
    <TestEntry testId="db6deb9c-3cb3-22f9-35cf-836568290e1d" executionId="748b0857-000e-47ed-b007-20de15e8043b" testListId="8c84fa94-04c1-424b-9868-57a2d4851a1d" />
    <TestEntry testId="92871090-dc6e-ab8d-0237-62983a3fdf9c" executionId="6b588045-950c-42a1-bd99-d0d6eb31e0da" testListId="8c84fa94-04c1-424b-9868-57a2d4851a1d" />
    <TestEntry testId="2678ac7d-a8d8-b6f3-c90e-b7cc0c54de52" executionId="fec7fdf5-71bb-4c20-b228-d6f550f88a65" testListId="8c84fa94-04c1-424b-9868-57a2d4851a1d" />
    <TestEntry testId="fc9b54f0-81e8-f799-737b-8767ef6b3501" executionId="3cd660e3-d50d-409b-9d7d-cecb2eeb0d9d" testListId="8c84fa94-04c1-424b-9868-57a2d4851a1d" />
    <TestEntry testId="1aa962e5-b595-cf7d-2245-18b6c62ee362" executionId="b08b393d-07ec-4456-a722-5611433fb05c" testListId="8c84fa94-04c1-424b-9868-57a2d4851a1d" />
    <TestEntry testId="6fb79a73-a7fd-b056-7521-8f7e964cc34b" executionId="c3fe21a3-9ac5-4651-89a2-61c0d39bb02c" testListId="8c84fa94-04c1-424b-9868-57a2d4851a1d" />
    <TestEntry testId="82c987e3-6b45-6799-5fe9-281d0e0157cf" executionId="2fe90cd1-b147-4474-bd2f-7adfdb5c15a9" testListId="8c84fa94-04c1-424b-9868-57a2d4851a1d" />
    <TestEntry testId="799bbc41-8ce6-4e5d-c21d-1d55d50dc37d" executionId="b2d70784-f467-485c-bd7b-593f65181b38" testListId="8c84fa94-04c1-424b-9868-57a2d4851a1d" />
    <TestEntry testId="459a1e70-8d93-2ada-4ed4-aa8b9a78f64f" executionId="e8d206d6-b10c-465a-943f-8f4f4cf57346" testListId="8c84fa94-04c1-424b-9868-57a2d4851a1d" />
    <TestEntry testId="da93f4d1-8a22-3785-c993-d99d31537567" executionId="d1961f4d-ceff-4186-9583-73c946d22732" testListId="8c84fa94-04c1-424b-9868-57a2d4851a1d" />
    <TestEntry testId="f6c978cf-fee9-411a-b42a-c8a461ad8044" executionId="d4280979-17d3-426d-aab5-5ba6763d2cee" testListId="8c84fa94-04c1-424b-9868-57a2d4851a1d" />
    <TestEntry testId="203187f8-8acc-7cb2-efe5-795f2110901d" executionId="9208944b-08b4-43e7-92b5-8ffcc5b1ae90" testListId="8c84fa94-04c1-424b-9868-57a2d4851a1d" />
    <TestEntry testId="82269baf-e47f-cabb-c81d-f0222985a089" executionId="d5ac2e7d-fdf3-41ae-b852-63109bc9263a" testListId="8c84fa94-04c1-424b-9868-57a2d4851a1d" />
    <TestEntry testId="e607f60a-ff2e-dcde-19fc-461a28d9cda3" executionId="e3b0138a-69f0-4171-b6e4-fe79f1d9065f" testListId="8c84fa94-04c1-424b-9868-57a2d4851a1d" />
    <TestEntry testId="91d8ba31-d641-914b-e9a7-16500afeacb2" executionId="48195c70-0ca9-4c88-adf6-585775a221fe" testListId="8c84fa94-04c1-424b-9868-57a2d4851a1d" />
    <TestEntry testId="94ca85da-2e63-2d5a-dce1-fd386afaf94b" executionId="3cf01f86-9da7-4e4c-9748-1b2a684adc5c" testListId="8c84fa94-04c1-424b-9868-57a2d4851a1d" />
    <TestEntry testId="9c33a8b3-81ef-3ca9-6f08-2b4b6af12a60" executionId="bb33879c-2f7e-4c8f-a3fd-786186405986" testListId="8c84fa94-04c1-424b-9868-57a2d4851a1d" />
    <TestEntry testId="c9b9fc1c-35d9-872e-78b6-61350bf78bc8" executionId="e00433d3-22ce-46de-96eb-8b8f7d18c5a6" testListId="8c84fa94-04c1-424b-9868-57a2d4851a1d" />
    <TestEntry testId="8212dd2e-ebf1-201c-8f8b-0b34240a2e9c" executionId="409f4875-9ab9-4c29-b476-c5d43b7e6409" testListId="8c84fa94-04c1-424b-9868-57a2d4851a1d" />
    <TestEntry testId="839d996f-7ffa-6a19-5015-4210143aafec" executionId="31d65843-d0b6-422f-961d-a4f1ed3bcbb9" testListId="8c84fa94-04c1-424b-9868-57a2d4851a1d" />
    <TestEntry testId="5c2937ae-9550-9d77-dc20-f03a3cd71275" executionId="e1a57a6b-df63-4cf9-a39e-8c6acfe87714" testListId="8c84fa94-04c1-424b-9868-57a2d4851a1d" />
    <TestEntry testId="33caa5ba-1a58-7c68-a503-c630077fa26c" executionId="16502a36-2548-41d8-959b-43cf18772aac" testListId="8c84fa94-04c1-424b-9868-57a2d4851a1d" />
  </TestEntries>
  <TestLists>
    <TestList name="Results Not in a List" id="8c84fa94-04c1-424b-9868-57a2d4851a1d" />
    <TestList name="All Loaded Results" id="19431567-8539-422a-85d7-44ee4e166bda" />
  </TestLists>
  <ResultSummary outcome="Completed">
    <Counters total="735" executed="735" passed="735" failed="0" error="0" timeout="0" aborted="0" inconclusive="0" passedButRunAborted="0" notRunnable="0" notExecuted="0" disconnected="0" warning="0" completed="0" inProgress="0" pending="0" />
    <Output>
      <StdOut>[xUnit.net 00:00:00.00] xUnit.net VSTest Adapter v3.1.5+1b188a7b0a (64-bit .NET 10.0.1)
[xUnit.net 00:00:00.03]   Discovering: Sharpy.Core.Tests
[xUnit.net 00:00:00.07]   Discovered:  Sharpy.Core.Tests
[xUnit.net 00:00:00.09]   Starting:    Sharpy.Core.Tests
     Warning:
     The component "Fluent Assertions" is governed by the rules defined in the Xceed License Agreement and
     the Xceed Fluent Assertions Community License. You may use Fluent Assertions free of charge for
     non-commercial use only. An active subscription is required to use Fluent Assertions for commercial use.
     Please contact Xceed Sales mailto:sales@xceed.com to acquire a subscription at a very low cost.
     A paid commercial license supports the development and continued increasing support of
     Fluent Assertions users under both commercial and community licenses. Help us
     keep Fluent Assertions at the forefront of unit testing.
     For more information, visit https://xceed.com/products/unit-testing/fluent-assertions/
[xUnit.net 00:00:00.20]   Finished:    Sharpy.Core.Tests
</StdOut>
    </Output>
  </ResultSummary>
</TestRun>