<?xml version="1.0" encoding="utf-8"?>
<TestRun id="ffc146a7-8899-422a-a1a5-86beb49ab166" name="@mac 2026-01-11 22:20:35" xmlns="http://microsoft.com/schemas/VisualStudio/TeamTest/2010">
  <Times creation="2026-01-11T22:20:35.5933910-05:00" queuing="2026-01-11T22:20:35.5933910-05:00" start="2026-01-11T22:20:35.2787980-05:00" finish="2026-01-11T22:20:35.5935770-05:00" />
  <TestSettings name="default" id="2af325cc-d8b7-4438-ad12-3e224f379888">
    <Deployment runDeploymentRoot="_mac_2026-01-11_22_20_35" />
  </TestSettings>
  <TestLists>
    <TestList name="Results Not in a List" id="8c84fa94-04c1-424b-9868-57a2d4851a1d" />
    <TestList name="All Loaded Results" id="19431567-8539-422a-85d7-44ee4e166bda" />
  </TestLists>
  <ResultSummary outcome="Completed">
    <Counters total="0" executed="0" passed="0" failed="0" error="0" timeout="0" aborted="0" inconclusive="0" passedButRunAborted="0" notRunnable="0" notExecuted="0" disconnected="0" warning="0" completed="0" inProgress="0" pending="0" />
    <Output>
      <StdOut>[xUnit.net 00:00:00.00] xUnit.net VSTest Adapter v3.1.5+1b188a7b0a (64-bit .NET 10.0.1)
[xUnit.net 00:00:00.03]   Discovering: Sharpy.Core.Tests
[xUnit.net 00:00:00.06]   Discovered:  Sharpy.Core.Tests
</StdOut>
    </Output>
    <RunInfos>
      <RunInfo computerName="mac" outcome="Warning" timestamp="2026-01-11T22:20:35.5650120-05:00">
        <Text>No test matches the given testcase filter `FullyQualifiedName~0.1.0` in /Users/anton/Documents/github/sharpy/src/Sharpy.Core.Tests/bin/Debug/net10.0/Sharpy.Core.Tests.dll</Text>
      </RunInfo>
    </RunInfos>
  </ResultSummary>
</TestRun>