<?xml version="1.0" encoding="utf-8"?>
<TestRun id="e69f18a8-65ae-4e41-9366-0bb4e3148250" name="@mac 2026-01-11 22:07:47" xmlns="http://microsoft.com/schemas/VisualStudio/TeamTest/2010">
  <Times creation="2026-01-11T22:07:47.1106050-05:00" queuing="2026-01-11T22:07:47.1106050-05:00" start="2026-01-11T22:07:46.7862720-05:00" finish="2026-01-11T22:07:47.1925660-05:00" />
  <TestSettings name="default" id="ff33c73b-d4a0-4b45-98ee-a1b8b0e32f7c">
    <Deployment runDeploymentRoot="_mac_2026-01-11_22_07_47" />
  </TestSettings>
  <Results>
    <UnitTestResult executionId="b56d6ecc-90b5-4303-be3a-5d8790c77c98" testId="1ca433d8-935a-398b-57b3-7d8500f1cbed" testName="Sharpy.Core.Tests.StrMethods_Tests.Translate_WithSimpleTable_TranslatesCorrectly" computerName="mac" duration="00:00:00.0002146" startTime="2026-01-11T22:07:47.1352410-05:00" endTime="2026-01-11T22:07:47.1359210-05:00" testType="13cdc9d9-ddb5-4fa4-a97d-d965ccfc6d4b" outcome="Passed" testListId="8c84fa94-04c1-424b-9868-57a2d4851a1d" relativeResultsDirectory="b56d6ecc-90b5-4303-be3a-5d8790c77c98" />
    <UnitTestResult executionId="cefb2f73-618c-43ba-8618-f5b6ebcaf6d8" testId="f6efc6c8-7352-ba8a-539c-bd90d9c54fac" testName="Sharpy.Core.Tests.Print_Tests.Print_NullValue_PrintsNone" computerName="mac" duration="00:00:00.0000737" startTime="2026-01-11T22:07:47.1528840-05:00" endTime="2026-01-11T22:07:47.1529620-05:00" testType="13cdc9d9-ddb5-4fa4-a97d-d965ccfc6d4b" outcome="Passed" testListId="8c84fa94-04c1-424b-9868-57a2d4851a1d" relativeResultsDirectory="cefb2f73-618c-43ba-8618-f5b6ebcaf6d8" />
    <UnitTestResult executionId="e043deba-dcce-49f1-98aa-7b307d1b3577" testId="5cf523c1-82cd-713b-3d19-3bbbf513c5be" testName="Sharpy.Core.Tests.Set_Tests.Set_IsSuperset_UsingGreaterOrEqualOperator_WorksCorrectly" computerName="mac" duration="00:00:00.0000850" startTime="2026-01-11T22:07:47.1481920-05:00" endTime="2026-01-11T22:07:47.1482910-05:00" testType="13cdc9d9-ddb5-4fa4-a97d-d965ccfc6d4b" outcome="Passed" testListId="8c84fa94-04c1-424b-9868-57a2d4851a1d" relativeResultsDirectory="e043deba-dcce-49f1-98aa-7b307d1b3577" />
    <UnitTestResult executionId="c383e38e-66cc-4f84-8ea3-10892dcab048" testId="13e05c41-4a6a-e8ee-d05b-cf3dc8093ce8" testName="Sharpy.Core.Tests.StrMethods_Tests.LJust_WithWidthLargerThanString_PadsWithSpaces" computerName="mac" duration="00:00:00.0002748" startTime="2026-01-11T22:07:47.1379910-05:00" endTime="2026-01-11T22:07:47.1384850-05:00" testType="13cdc9d9-ddb5-4fa4-a97d-d965ccfc6d4b" outcome="Passed" testListId="8c84fa94-04c1-424b-9868-57a2d4851a1d" relativeResultsDirectory="c383e38e-66cc-4f84-8ea3-10892dcab048" />
    <UnitTestResult executionId="41160171-8ecd-4b4c-98b1-056255922dd1" testId="799bbc41-8ce6-4e5d-c21d-1d55d50dc37d" testName="Sharpy.Core.Tests.List_Tests.List_Right_Addition_Dunder_Null" computerName="mac" duration="00:00:00.0001351" startTime="2026-01-11T22:07:47.1668050-05:00" endTime="2026-01-11T22:07:47.1668190-05:00" testType="13cdc9d9-ddb5-4fa4-a97d-d965ccfc6d4b" outcome="Passed" testListId="8c84fa94-04c1-424b-9868-57a2d4851a1d" relativeResultsDirectory="41160171-8ecd-4b4c-98b1-056255922dd1" />
    <UnitTestResult executionId="e2d8a354-fc0f-4dce-b261-96ae32a0456a" testId="d223f179-79fa-d53a-51e9-523b17f1d2ea" testName="Sharpy.Core.Tests.List_Tests.List_Inplace_Multiplication_Operator_More_Than_One_Dunder" computerName="mac" duration="00:00:00.0001698" startTime="2026-01-11T22:07:47.1461650-05:00" endTime="2026-01-11T22:07:47.1466450-05:00" testType="13cdc9d9-ddb5-4fa4-a97d-d965ccfc6d4b" outcome="Passed" testListId="8c84fa94-04c1-424b-9868-57a2d4851a1d" relativeResultsDirectory="e2d8a354-fc0f-4dce-b261-96ae32a0456a" />
    <UnitTestResult executionId="d63dbe2b-19d3-4fd6-b74d-ce0155fa67be" testId="c92b33b2-6b94-90d6-d9bc-8aa2d1e67866" testName="Sharpy.Core.Tests.List_Tests.List_Remove_Present_Once_Object_Equal" computerName="mac" duration="00:00:00.0000857" startTime="2026-01-11T22:07:47.1666610-05:00" endTime="2026-01-11T22:07:47.1666750-05:00" testType="13cdc9d9-ddb5-4fa4-a97d-d965ccfc6d4b" outcome="Passed" testListId="8c84fa94-04c1-424b-9868-57a2d4851a1d" relativeResultsDirectory="d63dbe2b-19d3-4fd6-b74d-ce0155fa67be" />
    <UnitTestResult executionId="675dbd6e-2f71-4e2d-8cb0-3ccdb95159b0" testId="54bce90a-0cf3-dd56-50f7-991ef1f9d0fa" testName="Sharpy.Core.Tests.Dict_Tests.Update_MergesAnotherDict" computerName="mac" duration="00:00:00.0001259" startTime="2026-01-11T22:07:47.1270420-05:00" endTime="2026-01-11T22:07:47.1271710-05:00" testType="13cdc9d9-ddb5-4fa4-a97d-d965ccfc6d4b" outcome="Passed" testListId="8c84fa94-04c1-424b-9868-57a2d4851a1d" relativeResultsDirectory="675dbd6e-2f71-4e2d-8cb0-3ccdb95159b0" />
    <UnitTestResult executionId="916e0e3b-a9b6-46ce-b4d7-9623fcfd66a8" testId="f3ed1dd6-478e-d5ce-a0b1-67dcae559261" testName="Sharpy.Core.Tests.IntConversionTests.Int_FromFloat_NegativeInfinity_ThrowsOverflowException" computerName="mac" duration="00:00:00.0010936" startTime="2026-01-11T22:07:47.1228680-05:00" endTime="2026-01-11T22:07:47.1234970-05:00" testType="13cdc9d9-ddb5-4fa4-a97d-d965ccfc6d4b" outcome="Passed" testListId="8c84fa94-04c1-424b-9868-57a2d4851a1d" relativeResultsDirectory="916e0e3b-a9b6-46ce-b4d7-9623fcfd66a8" />
    <UnitTestResult executionId="b80984dd-6b51-41f8-bbd0-c6b5a3183e81" testId="731470ab-7450-0ef1-7720-b80fdab63c41" testName="Sharpy.Core.Tests.IteratorInteropTests.Take_NegativeCount_ReturnsEmpty" computerName="mac" duration="00:00:00.0000448" startTime="2026-01-11T22:07:47.1627860-05:00" endTime="2026-01-11T22:07:47.1628490-05:00" testType="13cdc9d9-ddb5-4fa4-a97d-d965ccfc6d4b" outcome="Passed" testListId="8c84fa94-04c1-424b-9868-57a2d4851a1d" relativeResultsDirectory="b80984dd-6b51-41f8-bbd0-c6b5a3183e81" />
    <UnitTestResult executionId="4b54b9c4-3477-4d56-9100-c56b20bc67c4" testId="f9e24434-763e-d9f3-f78b-fbcc01034c3b" testName="Sharpy.Core.Tests.Min_Tests.Min_List_Empty" computerName="mac" duration="00:00:00.0002613" startTime="2026-01-11T22:07:47.1126630-05:00" endTime="2026-01-11T22:07:47.1131240-05:00" testType="13cdc9d9-ddb5-4fa4-a97d-d965ccfc6d4b" outcome="Passed" testListId="8c84fa94-04c1-424b-9868-57a2d4851a1d" relativeResultsDirectory="4b54b9c4-3477-4d56-9100-c56b20bc67c4" />
    <UnitTestResult executionId="195157ce-6ad6-497d-8c59-613350e6c0f3" testId="19699850-4d65-8c9e-d745-3d57b23474b8" testName="Sharpy.Core.Tests.Set_Tests.Set_Count_Property_Empty" computerName="mac" duration="00:00:00.0001087" startTime="2026-01-11T22:07:47.1200710-05:00" endTime="2026-01-11T22:07:47.1200860-05:00" testType="13cdc9d9-ddb5-4fa4-a97d-d965ccfc6d4b" outcome="Passed" testListId="8c84fa94-04c1-424b-9868-57a2d4851a1d" relativeResultsDirectory="195157ce-6ad6-497d-8c59-613350e6c0f3" />
    <UnitTestResult executionId="9b6a6463-4916-48e5-860a-31a4aea9a44c" testId="d2a40ad7-4ff2-8199-73ff-7ab48151b2dc" testName="Sharpy.Core.Tests.Set_Tests.Set_Discard" computerName="mac" duration="00:00:00.0000106" startTime="2026-01-11T22:07:47.1488250-05:00" endTime="2026-01-11T22:07:47.1488550-05:00" testType="13cdc9d9-ddb5-4fa4-a97d-d965ccfc6d4b" outcome="Passed" testListId="8c84fa94-04c1-424b-9868-57a2d4851a1d" relativeResultsDirectory="9b6a6463-4916-48e5-860a-31a4aea9a44c" />
    <UnitTestResult executionId="addead30-9be2-47b3-9aed-296b34f84178" testId="3f91e736-8bb8-0801-d18e-425f7afa32dc" testName="Sharpy.Core.Tests.StrMethods_Tests.RemovePrefix_WithoutMatchingPrefix_ReturnsOriginal" computerName="mac" duration="00:00:00.0000355" startTime="2026-01-11T22:07:47.1434930-05:00" endTime="2026-01-11T22:07:47.1435420-05:00" testType="13cdc9d9-ddb5-4fa4-a97d-d965ccfc6d4b" outcome="Passed" testListId="8c84fa94-04c1-424b-9868-57a2d4851a1d" relativeResultsDirectory="addead30-9be2-47b3-9aed-296b34f84178" />
    <UnitTestResult executionId="4edf8a4d-f45c-4b83-83d3-82f2e15e13b9" testId="0996daf3-340c-414e-6ff6-809a938e3127" testName="Sharpy.Core.Tests.Str_Tests.Split_WithMaxSplit_LimitsSplits" computerName="mac" duration="00:00:00.0001095" startTime="2026-01-11T22:07:47.1394370-05:00" endTime="2026-01-11T22:07:47.1397730-05:00" testType="13cdc9d9-ddb5-4fa4-a97d-d965ccfc6d4b" outcome="Passed" testListId="8c84fa94-04c1-424b-9868-57a2d4851a1d" relativeResultsDirectory="4edf8a4d-f45c-4b83-83d3-82f2e15e13b9" />
    <UnitTestResult executionId="97a8d877-8a02-4810-a489-589fe4981123" testId="4c8f2a6d-3551-cec5-daa4-c6cb570db9a3" testName="Sharpy.Core.Tests.DivMod_Tests.DivMod_Doubles_ReturnsQuotientAndRemainder" computerName="mac" duration="00:00:00.0001552" startTime="2026-01-11T22:07:47.1196530-05:00" endTime="2026-01-11T22:07:47.1199150-05:00" testType="13cdc9d9-ddb5-4fa4-a97d-d965ccfc6d4b" outcome="Passed" testListId="8c84fa94-04c1-424b-9868-57a2d4851a1d" relativeResultsDirectory="97a8d877-8a02-4810-a489-589fe4981123" />
    <UnitTestResult executionId="8215dd07-7b6d-46e7-ac03-cc6ab3a5f414" testId="9a01f4db-76a4-0eeb-9ecd-18d8d4ecd0ee" testName="Sharpy.Core.Tests.TupleConversionTests.Tuple_FromRange_TwoElements_ReturnsTuple" computerName="mac" duration="00:00:00.0000693" startTime="2026-01-11T22:07:47.1227380-05:00" endTime="2026-01-11T22:07:47.1227840-05:00" testType="13cdc9d9-ddb5-4fa4-a97d-d965ccfc6d4b" outcome="Passed" testListId="8c84fa94-04c1-424b-9868-57a2d4851a1d" relativeResultsDirectory="8215dd07-7b6d-46e7-ac03-cc6ab3a5f414" />
    <UnitTestResult executionId="1cdd189b-8b77-4245-a777-fb347c874d81" testId="2007c76e-365c-c1f6-bc73-b7460473d536" testName="Sharpy.Core.Tests.IteratorInteropTests.ToIterator_Null_ThrowsTypeError" computerName="mac" duration="00:00:00.0000986" startTime="2026-01-11T22:07:47.1629880-05:00" endTime="2026-01-11T22:07:47.1630500-05:00" testType="13cdc9d9-ddb5-4fa4-a97d-d965ccfc6d4b" outcome="Passed" testListId="8c84fa94-04c1-424b-9868-57a2d4851a1d" relativeResultsDirectory="1cdd189b-8b77-4245-a777-fb347c874d81" />
    <UnitTestResult executionId="0a9fa7ee-9243-4e34-8017-c77e789223ef" testId="4c994152-b27c-89c0-9c76-92577b5a0ba0" testName="Sharpy.Core.Tests.Set_Tests.Set_IsSuperset_WithStrings_WorksCorrectly" computerName="mac" duration="00:00:00.0001113" startTime="2026-01-11T22:07:47.1550400-05:00" endTime="2026-01-11T22:07:47.1551470-05:00" testType="13cdc9d9-ddb5-4fa4-a97d-d965ccfc6d4b" outcome="Passed" testListId="8c84fa94-04c1-424b-9868-57a2d4851a1d" relativeResultsDirectory="0a9fa7ee-9243-4e34-8017-c77e789223ef" />
    <UnitTestResult executionId="2ade892b-7f7c-43b6-a7c0-0011ce621695" testId="99ba19c9-8850-d5cb-bce6-a2fd933aa997" testName="Sharpy.Core.Tests.IteratorInteropTests.SharpySet_CanBeUsedInCSharpForeach" computerName="mac" duration="00:00:00.0003187" startTime="2026-01-11T22:07:47.1469450-05:00" endTime="2026-01-11T22:07:47.1472470-05:00" testType="13cdc9d9-ddb5-4fa4-a97d-d965ccfc6d4b" outcome="Passed" testListId="8c84fa94-04c1-424b-9868-57a2d4851a1d" relativeResultsDirectory="2ade892b-7f7c-43b6-a7c0-0011ce621695" />
    <UnitTestResult executionId="46b8d787-4b8d-4d2b-83bf-e6a4138a73fe" testId="e68336a0-8002-7c06-bfa0-a899aba90717" testName="Sharpy.Core.Tests.StrMethods_Tests.SwapCase_WithAllUpperCase_ReturnsLowerCase" computerName="mac" duration="00:00:00.0000357" startTime="2026-01-11T22:07:47.1389500-05:00" endTime="2026-01-11T22:07:47.1390390-05:00" testType="13cdc9d9-ddb5-4fa4-a97d-d965ccfc6d4b" outcome="Passed" testListId="8c84fa94-04c1-424b-9868-57a2d4851a1d" relativeResultsDirectory="46b8d787-4b8d-4d2b-83bf-e6a4138a73fe" />
    <UnitTestResult executionId="4c391fe6-9408-44f0-94b0-2b098fa47ce9" testId="2e02eba8-661d-c372-ab92-7feb06b582a8" testName="Sharpy.Core.Tests.List_Tests.List_Reversed_Empty" computerName="mac" duration="00:00:00.0000511" startTime="2026-01-11T22:07:47.1512500-05:00" endTime="2026-01-11T22:07:47.1513040-05:00" testType="13cdc9d9-ddb5-4fa4-a97d-d965ccfc6d4b" outcome="Passed" testListId="8c84fa94-04c1-424b-9868-57a2d4851a1d" relativeResultsDirectory="4c391fe6-9408-44f0-94b0-2b098fa47ce9" />
    <UnitTestResult executionId="11c72f52-faf2-46f0-8f8d-76dee7cc8b18" testId="100fa874-1df1-df56-a2fa-95da51bee93b" testName="Sharpy.Core.Tests.List_Tests.List_Count_Empty" computerName="mac" duration="00:00:00.0002334" startTime="2026-01-11T22:07:47.1544540-05:00" endTime="2026-01-11T22:07:47.1546210-05:00" testType="13cdc9d9-ddb5-4fa4-a97d-d965ccfc6d4b" outcome="Passed" testListId="8c84fa94-04c1-424b-9868-57a2d4851a1d" relativeResultsDirectory="11c72f52-faf2-46f0-8f8d-76dee7cc8b18" />
    <UnitTestResult executionId="4d78608c-a8da-4616-86cf-4e311998f0d8" testId="e1eb255e-b622-6bbd-7483-3bf19251c3f3" testName="Sharpy.Core.Tests.List_Tests.List_Right_Multiplication_Operator_Negative" computerName="mac" duration="00:00:00.0000452" startTime="2026-01-11T22:07:47.1588990-05:00" endTime="2026-01-11T22:07:47.1589130-05:00" testType="13cdc9d9-ddb5-4fa4-a97d-d965ccfc6d4b" outcome="Passed" testListId="8c84fa94-04c1-424b-9868-57a2d4851a1d" relativeResultsDirectory="4d78608c-a8da-4616-86cf-4e311998f0d8" />
    <UnitTestResult executionId="908943ec-5501-4e0b-b23e-5d3f4f1932aa" testId="75ae12fb-3420-3b33-bc60-ceea9d4de9b6" testName="Sharpy.Core.Tests.IntConversionTests.Int_FromFloat_NaN_ThrowsValueError" computerName="mac" duration="00:00:00.0001544" startTime="2026-01-11T22:07:47.1260460-05:00" endTime="2026-01-11T22:07:47.1264510-05:00" testType="13cdc9d9-ddb5-4fa4-a97d-d965ccfc6d4b" outcome="Passed" testListId="8c84fa94-04c1-424b-9868-57a2d4851a1d" relativeResultsDirectory="908943ec-5501-4e0b-b23e-5d3f4f1932aa" />
    <UnitTestResult executionId="9a0cea37-c8aa-4564-a101-edaee463aa87" testId="08a3f4b2-9c46-6776-e23a-57993d494edb" testName="Sharpy.Core.Tests.All_Tests.All_NonZeroIntegers_ReturnsTrue" computerName="mac" duration="00:00:00.0000770" startTime="2026-01-11T22:07:47.1110470-05:00" endTime="2026-01-11T22:07:47.1111000-05:00" testType="13cdc9d9-ddb5-4fa4-a97d-d965ccfc6d4b" outcome="Passed" testListId="8c84fa94-04c1-424b-9868-57a2d4851a1d" relativeResultsDirectory="9a0cea37-c8aa-4564-a101-edaee463aa87" />
    <UnitTestResult executionId="67839f8d-d598-41b0-9818-f604beaeef94" testId="f09ad78d-871c-b2c4-4e59-4158a757556d" testName="Sharpy.Core.Tests.Str_Tests.IsLower_ReturnsTrueForLowercase" computerName="mac" duration="00:00:00.0001957" startTime="2026-01-11T22:07:47.1280020-05:00" endTime="2026-01-11T22:07:47.1284530-05:00" testType="13cdc9d9-ddb5-4fa4-a97d-d965ccfc6d4b" outcome="Passed" testListId="8c84fa94-04c1-424b-9868-57a2d4851a1d" relativeResultsDirectory="67839f8d-d598-41b0-9818-f604beaeef94" />
    <UnitTestResult executionId="5957890f-875f-4e80-a42b-89921d72cfcb" testId="e24448c6-85e5-9db1-a17d-4bf10dbff380" testName="Sharpy.Core.Tests.Set_Tests.Set_Union_WithStrings_WorksCorrectly" computerName="mac" duration="00:00:00.0006480" startTime="2026-01-11T22:07:47.1431120-05:00" endTime="2026-01-11T22:07:47.1440790-05:00" testType="13cdc9d9-ddb5-4fa4-a97d-d965ccfc6d4b" outcome="Passed" testListId="8c84fa94-04c1-424b-9868-57a2d4851a1d" relativeResultsDirectory="5957890f-875f-4e80-a42b-89921d72cfcb" />
    <UnitTestResult executionId="1f76b6bf-fdef-401a-b563-cbb0484f0f90" testId="81ca2514-84c1-84ae-eb66-507f1129b82b" testName="Sharpy.Core.Tests.IteratorInteropTests.Skip_NegativeCount_ReturnsAllElements" computerName="mac" duration="00:00:00.0000536" startTime="2026-01-11T22:07:47.1626830-05:00" endTime="2026-01-11T22:07:47.1627510-05:00" testType="13cdc9d9-ddb5-4fa4-a97d-d965ccfc6d4b" outcome="Passed" testListId="8c84fa94-04c1-424b-9868-57a2d4851a1d" relativeResultsDirectory="1f76b6bf-fdef-401a-b563-cbb0484f0f90" />
    <UnitTestResult executionId="227fe4a8-35d0-48ea-ac08-94562817eeee" testId="edff2305-c542-af26-021c-7154b577f82e" testName="Sharpy.Core.Tests.IteratorInteropTests.First_EmptyIterable_ThrowsInvalidOperationException" computerName="mac" duration="00:00:00.0001898" startTime="2026-01-11T22:07:47.1605770-05:00" endTime="2026-01-11T22:07:47.1605910-05:00" testType="13cdc9d9-ddb5-4fa4-a97d-d965ccfc6d4b" outcome="Passed" testListId="8c84fa94-04c1-424b-9868-57a2d4851a1d" relativeResultsDirectory="227fe4a8-35d0-48ea-ac08-94562817eeee" />
    <UnitTestResult executionId="d152903c-e416-48e3-b512-2efd4010bad7" testId="07be4fe7-1441-1173-c6f1-fc8aedb82aec" testName="Sharpy.Core.Tests.DivMod_Tests.DivMod_PositiveIntegers_ReturnsQuotientAndRemainder" computerName="mac" duration="00:00:00.0000384" startTime="2026-01-11T22:07:47.1194990-05:00" endTime="2026-01-11T22:07:47.1196050-05:00" testType="13cdc9d9-ddb5-4fa4-a97d-d965ccfc6d4b" outcome="Passed" testListId="8c84fa94-04c1-424b-9868-57a2d4851a1d" relativeResultsDirectory="d152903c-e416-48e3-b512-2efd4010bad7" />
    <UnitTestResult executionId="28434ed1-d6fd-4b3b-8044-94d3f8e30207" testId="cf4e7596-59a4-33f2-b75f-cce2f438f852" testName="Sharpy.Core.Tests.Str_Tests.IsAlnum_ReturnsTrueForAlphanumeric" computerName="mac" duration="00:00:00.0001064" startTime="2026-01-11T22:07:47.1426350-05:00" endTime="2026-01-11T22:07:47.1429800-05:00" testType="13cdc9d9-ddb5-4fa4-a97d-d965ccfc6d4b" outcome="Passed" testListId="8c84fa94-04c1-424b-9868-57a2d4851a1d" relativeResultsDirectory="28434ed1-d6fd-4b3b-8044-94d3f8e30207" />
    <UnitTestResult executionId="b3933f43-1eb8-4443-9332-6cb897eda422" testId="aba5ab83-b649-b3ca-3700-118d9cb97682" testName="Sharpy.Core.Tests.DoubleConversionTests.Double_FromDecimal_ReturnsDouble" computerName="mac" duration="00:00:00.0000682" startTime="2026-01-11T22:07:47.0941740-05:00" endTime="2026-01-11T22:07:47.0950300-05:00" testType="13cdc9d9-ddb5-4fa4-a97d-d965ccfc6d4b" outcome="Passed" testListId="8c84fa94-04c1-424b-9868-57a2d4851a1d" relativeResultsDirectory="b3933f43-1eb8-4443-9332-6cb897eda422" />
    <UnitTestResult executionId="a7a0478c-506b-45b6-bcae-7fddcf66438d" testId="a94bd3a5-3fd2-78fa-c857-8a1e310115f5" testName="Sharpy.Core.Tests.Str_Tests.Count_NotFound" computerName="mac" duration="00:00:00.0000345" startTime="2026-01-11T22:07:47.1415270-05:00" endTime="2026-01-11T22:07:47.1416090-05:00" testType="13cdc9d9-ddb5-4fa4-a97d-d965ccfc6d4b" outcome="Passed" testListId="8c84fa94-04c1-424b-9868-57a2d4851a1d" relativeResultsDirectory="a7a0478c-506b-45b6-bcae-7fddcf66438d" />
    <UnitTestResult executionId="829cb665-6bb0-4a2b-9ad0-63b016444589" testId="2d3e3344-2244-b460-52de-17110d3be507" testName="Sharpy.Core.Tests.Set_Tests.Set_Repr_Not_Empty" computerName="mac" duration="00:00:00.0000457" startTime="2026-01-11T22:07:47.1524270-05:00" endTime="2026-01-11T22:07:47.1524450-05:00" testType="13cdc9d9-ddb5-4fa4-a97d-d965ccfc6d4b" outcome="Passed" testListId="8c84fa94-04c1-424b-9868-57a2d4851a1d" relativeResultsDirectory="829cb665-6bb0-4a2b-9ad0-63b016444589" />
    <UnitTestResult executionId="94b313a5-1b70-4630-87b1-766181e4bc36" testId="7a75ff23-b129-8739-bcca-18ee8669ade0" testName="Sharpy.Core.Tests.Set_Tests.Set_IsSubset_TrueSubset_ReturnsTrue" computerName="mac" duration="00:00:00.0000609" startTime="2026-01-11T22:07:47.1279730-05:00" endTime="2026-01-11T22:07:47.1281210-05:00" testType="13cdc9d9-ddb5-4fa4-a97d-d965ccfc6d4b" outcome="Passed" testListId="8c84fa94-04c1-424b-9868-57a2d4851a1d" relativeResultsDirectory="94b313a5-1b70-4630-87b1-766181e4bc36" />
    <UnitTestResult executionId="a8539422-28f3-4ab1-b9df-a5bc0a22a29d" testId="858f7a91-e223-ad76-20f7-1fbd5eaa354a" testName="Sharpy.Core.Tests.StrMethods_Tests.IsPrintable_WithPrintableChars_ReturnsTrue" computerName="mac" duration="00:00:00.0000307" startTime="2026-01-11T22:07:47.1465340-05:00" endTime="2026-01-11T22:07:47.1465570-05:00" testType="13cdc9d9-ddb5-4fa4-a97d-d965ccfc6d4b" outcome="Passed" testListId="8c84fa94-04c1-424b-9868-57a2d4851a1d" relativeResultsDirectory="a8539422-28f3-4ab1-b9df-a5bc0a22a29d" />
    <UnitTestResult executionId="d72f1d60-b06c-4ad4-8595-a95127372d63" testId="f4c492ae-7ee1-1002-dd20-3cecff56de10" testName="Sharpy.Core.Tests.IntConversionTests.Int_FromBool_False_Returns0" computerName="mac" duration="00:00:00.0000630" startTime="2026-01-11T22:07:47.1171330-05:00" endTime="2026-01-11T22:07:47.1171860-05:00" testType="13cdc9d9-ddb5-4fa4-a97d-d965ccfc6d4b" outcome="Passed" testListId="8c84fa94-04c1-424b-9868-57a2d4851a1d" relativeResultsDirectory="d72f1d60-b06c-4ad4-8595-a95127372d63" />
    <UnitTestResult executionId="10fa797a-632c-4c6b-ba81-52aee048a934" testId="ecb08a20-f31f-905c-0875-3d55093bfff6" testName="Sharpy.Core.Tests.List_Tests.List_DotNet_Remove_At_End_Object_Equality_Not_Same" computerName="mac" duration="00:00:00.0028333" startTime="2026-01-11T22:07:47.1314440-05:00" endTime="2026-01-11T22:07:47.1381050-05:00" testType="13cdc9d9-ddb5-4fa4-a97d-d965ccfc6d4b" outcome="Passed" testListId="8c84fa94-04c1-424b-9868-57a2d4851a1d" relativeResultsDirectory="10fa797a-632c-4c6b-ba81-52aee048a934" />
    <UnitTestResult executionId="70b3d67f-92cd-4775-99b9-2f6bc3b7d35d" testId="962cbfa5-6131-3623-08be-6ed41b8dda5b" testName="Sharpy.Core.Tests.StrMethods_Tests.Partition_WithNullSeparator_ThrowsArgumentNullException" computerName="mac" duration="00:00:00.0009592" startTime="2026-01-11T22:07:47.1199000-05:00" endTime="2026-01-11T22:07:47.1211130-05:00" testType="13cdc9d9-ddb5-4fa4-a97d-d965ccfc6d4b" outcome="Passed" testListId="8c84fa94-04c1-424b-9868-57a2d4851a1d" relativeResultsDirectory="70b3d67f-92cd-4775-99b9-2f6bc3b7d35d" />
    <UnitTestResult executionId="a9df49d5-d402-4e49-aa86-04a81fb6180e" testId="10b5a4c0-3e2d-6e84-9d2d-76f915a055cf" testName="Sharpy.Core.Tests.Dict_Tests.Indexer_Set_WithNullKey_ThrowsArgumentNullException" computerName="mac" duration="00:00:00.0009438" startTime="2026-01-11T22:07:47.1374090-05:00" endTime="2026-01-11T22:07:47.1394520-05:00" testType="13cdc9d9-ddb5-4fa4-a97d-d965ccfc6d4b" outcome="Passed" testListId="8c84fa94-04c1-424b-9868-57a2d4851a1d" relativeResultsDirectory="a9df49d5-d402-4e49-aa86-04a81fb6180e" />
    <UnitTestResult executionId="41b7bf0e-b89a-49be-b794-37e3305c6de7" testId="6b8807b4-e530-1dd0-7e2d-bc645dde99c2" testName="Sharpy.Core.Tests.List_Tests.List_Multiplication_Operator_Zero_Dunder" computerName="mac" duration="00:00:00.0000609" startTime="2026-01-11T22:07:47.1504050-05:00" endTime="2026-01-11T22:07:47.1504730-05:00" testType="13cdc9d9-ddb5-4fa4-a97d-d965ccfc6d4b" outcome="Passed" testListId="8c84fa94-04c1-424b-9868-57a2d4851a1d" relativeResultsDirectory="41b7bf0e-b89a-49be-b794-37e3305c6de7" />
    <UnitTestResult executionId="40d109ad-4be3-4798-a48c-fa4cdcfeea9b" testId="04b6bb2b-4f60-88db-ef4b-4f0508c6d4ed" testName="Sharpy.Core.Tests.List_Tests.List_Bool_Non_Empty" computerName="mac" duration="00:00:00.0000606" startTime="2026-01-11T22:07:47.1582080-05:00" endTime="2026-01-11T22:07:47.1582250-05:00" testType="13cdc9d9-ddb5-4fa4-a97d-d965ccfc6d4b" outcome="Passed" testListId="8c84fa94-04c1-424b-9868-57a2d4851a1d" relativeResultsDirectory="40d109ad-4be3-4798-a48c-fa4cdcfeea9b" />
    <UnitTestResult executionId="64b2f9e1-e324-4909-84e7-d154fa79aa4e" testId="38f590f3-ec18-ee43-af8f-7368bb0c1871" testName="Sharpy.Core.Tests.Str_Tests.Find_FindsSubstringAtStart" computerName="mac" duration="00:00:00.0001214" startTime="2026-01-11T22:07:47.1314950-05:00" endTime="2026-01-11T22:07:47.1318990-05:00" testType="13cdc9d9-ddb5-4fa4-a97d-d965ccfc6d4b" outcome="Passed" testListId="8c84fa94-04c1-424b-9868-57a2d4851a1d" relativeResultsDirectory="64b2f9e1-e324-4909-84e7-d154fa79aa4e" />
    <UnitTestResult executionId="e356c5f9-89d5-4d99-9fd9-57c5a27df921" testId="3fdcf9e6-6ea7-f96f-d9d7-4db7afd192d2" testName="Sharpy.Core.Tests.IteratorInteropTests.SharpyIterable_Where_Works" computerName="mac" duration="00:00:00.0002271" startTime="2026-01-11T22:07:47.1576250-05:00" endTime="2026-01-11T22:07:47.1577950-05:00" testType="13cdc9d9-ddb5-4fa4-a97d-d965ccfc6d4b" outcome="Passed" testListId="8c84fa94-04c1-424b-9868-57a2d4851a1d" relativeResultsDirectory="e356c5f9-89d5-4d99-9fd9-57c5a27df921" />
    <UnitTestResult executionId="186cd9df-7e69-4f7f-a6bf-9fc25588f516" testId="42fd128a-62e5-7998-3270-9640d61a74ff" testName="Sharpy.Core.Tests.StrMethods_Tests.IsDecimal_WithDecimalDigits_ReturnsTrue" computerName="mac" duration="00:00:00.0000384" startTime="2026-01-11T22:07:47.1431910-05:00" endTime="2026-01-11T22:07:47.1432050-05:00" testType="13cdc9d9-ddb5-4fa4-a97d-d965ccfc6d4b" outcome="Passed" testListId="8c84fa94-04c1-424b-9868-57a2d4851a1d" relativeResultsDirectory="186cd9df-7e69-4f7f-a6bf-9fc25588f516" />
    <UnitTestResult executionId="f845541e-806c-462f-b288-005221d0e882" testId="a5b1c575-3f48-4516-2dbe-b846ce5b310e" testName="Sharpy.Core.Tests.Sorted_Tests.Sorted_EmptyList_ReturnsEmptyList" computerName="mac" duration="00:00:00.0005855" startTime="2026-01-11T22:07:47.1028470-05:00" endTime="2026-01-11T22:07:47.1035880-05:00" testType="13cdc9d9-ddb5-4fa4-a97d-d965ccfc6d4b" outcome="Passed" testListId="8c84fa94-04c1-424b-9868-57a2d4851a1d" relativeResultsDirectory="f845541e-806c-462f-b288-005221d0e882" />
    <UnitTestResult executionId="4ad37c9a-9d9e-4e89-ab9d-ef37a72f3db6" testId="98ed5deb-2882-13c2-310b-b3143b8a90f7" testName="Sharpy.Core.Tests.List_Tests.List_Iterator_Iteration_Dunder" computerName="mac" duration="00:00:00.0000844" startTime="2026-01-11T22:07:47.1645990-05:00" endTime="2026-01-11T22:07:47.1646170-05:00" testType="13cdc9d9-ddb5-4fa4-a97d-d965ccfc6d4b" outcome="Passed" testListId="8c84fa94-04c1-424b-9868-57a2d4851a1d" relativeResultsDirectory="4ad37c9a-9d9e-4e89-ab9d-ef37a72f3db6" />
    <UnitTestResult executionId="cf262107-10e4-4e48-848f-6316499ee31c" testId="0702f95c-3b41-2061-d540-700bf300373e" testName="Sharpy.Core.Tests.Dict_Tests.PopItem_ThrowsInvalidOperationOnEmptyDict" computerName="mac" duration="00:00:00.0006370" startTime="2026-01-11T22:07:47.1418690-05:00" endTime="2026-01-11T22:07:47.1430230-05:00" testType="13cdc9d9-ddb5-4fa4-a97d-d965ccfc6d4b" outcome="Passed" testListId="8c84fa94-04c1-424b-9868-57a2d4851a1d" relativeResultsDirectory="cf262107-10e4-4e48-848f-6316499ee31c" />
    <UnitTestResult executionId="ac61f5f8-435e-4289-9ce8-e64fe12fd2d8" testId="dbd1e6dc-722f-3e0c-dc14-80613ba84e97" testName="Sharpy.Core.Tests.List_Tests.List_Equality_Null_Reverse" computerName="mac" duration="00:00:00.0000577" startTime="2026-01-11T22:07:47.1654150-05:00" endTime="2026-01-11T22:07:47.1654320-05:00" testType="13cdc9d9-ddb5-4fa4-a97d-d965ccfc6d4b" outcome="Passed" testListId="8c84fa94-04c1-424b-9868-57a2d4851a1d" relativeResultsDirectory="ac61f5f8-435e-4289-9ce8-e64fe12fd2d8" />
    <UnitTestResult executionId="4bc02bec-9e44-4342-9f47-4cbece002aa8" testId="587cba9c-fe74-f670-d87e-19b0154d5cb4" testName="Sharpy.Core.Tests.Isinstance_Tests.IsInstance_MultipleTypes_MatchesNone_ReturnsFalse" computerName="mac" duration="00:00:00.0000742" startTime="2026-01-11T22:07:47.1107650-05:00" endTime="2026-01-11T22:07:47.1110620-05:00" testType="13cdc9d9-ddb5-4fa4-a97d-d965ccfc6d4b" outcome="Passed" testListId="8c84fa94-04c1-424b-9868-57a2d4851a1d" relativeResultsDirectory="4bc02bec-9e44-4342-9f47-4cbece002aa8" />
    <UnitTestResult executionId="d42b8d73-325d-4dda-915c-9a5902129da5" testId="7bce6995-6fcd-5e30-2514-c0fb38f1b13a" testName="Sharpy.Core.Tests.List_Tests.List_Implements_Addition_Interfaces" computerName="mac" duration="00:00:00.0001501" startTime="2026-01-11T22:07:47.1581100-05:00" endTime="2026-01-11T22:07:47.1581730-05:00" testType="13cdc9d9-ddb5-4fa4-a97d-d965ccfc6d4b" outcome="Passed" testListId="8c84fa94-04c1-424b-9868-57a2d4851a1d" relativeResultsDirectory="d42b8d73-325d-4dda-915c-9a5902129da5" />
    <UnitTestResult executionId="4c3f8146-3a70-460e-af54-d99103a223f6" testId="91d8c8ce-245e-a04e-6854-b9bcdae6249b" testName="Sharpy.Core.Tests.Min_Tests.Min_List_Non_Empty" computerName="mac" duration="00:00:00.0033140" startTime="2026-01-11T22:07:47.1112740-05:00" endTime="2026-01-11T22:07:47.1126250-05:00" testType="13cdc9d9-ddb5-4fa4-a97d-d965ccfc6d4b" outcome="Passed" testListId="8c84fa94-04c1-424b-9868-57a2d4851a1d" relativeResultsDirectory="4c3f8146-3a70-460e-af54-d99103a223f6" />
    <UnitTestResult executionId="0532215d-9ffe-4ce8-8ced-bd2ddcb2a2d0" testId="2081a974-279c-e5d0-3dc1-54cd9a928fc5" testName="Sharpy.Core.Tests.IteratorInteropTests.ToIterator_EmptyEnumerable_ReturnsEmptyIterator" computerName="mac" duration="00:00:00.0003451" startTime="2026-01-11T22:07:47.1639410-05:00" endTime="2026-01-11T22:07:47.1640620-05:00" testType="13cdc9d9-ddb5-4fa4-a97d-d965ccfc6d4b" outcome="Passed" testListId="8c84fa94-04c1-424b-9868-57a2d4851a1d" relativeResultsDirectory="0532215d-9ffe-4ce8-8ced-bd2ddcb2a2d0" />
    <UnitTestResult executionId="21488f0b-54b2-4c87-a73b-4f22fbcbb3cf" testId="0394ced1-707f-e3a1-99d2-c8bf626e58db" testName="Sharpy.Core.Tests.List_Tests.List_Addition_Dunder" computerName="mac" duration="00:00:00.0000748" startTime="2026-01-11T22:07:47.1586460-05:00" endTime="2026-01-11T22:07:47.1586610-05:00" testType="13cdc9d9-ddb5-4fa4-a97d-d965ccfc6d4b" outcome="Passed" testListId="8c84fa94-04c1-424b-9868-57a2d4851a1d" relativeResultsDirectory="21488f0b-54b2-4c87-a73b-4f22fbcbb3cf" />
    <UnitTestResult executionId="c0915add-63af-478f-9ba8-9b2343411efe" testId="4b722451-1575-ffad-c99f-d075b3f738dd" testName="Sharpy.Core.Tests.Set_Tests.Set_SymmetricDifference_WithIdenticalSets_ReturnsEmptySet" computerName="mac" duration="00:00:00.0000691" startTime="2026-01-11T22:07:47.1503050-05:00" endTime="2026-01-11T22:07:47.1504190-05:00" testType="13cdc9d9-ddb5-4fa4-a97d-d965ccfc6d4b" outcome="Passed" testListId="8c84fa94-04c1-424b-9868-57a2d4851a1d" relativeResultsDirectory="c0915add-63af-478f-9ba8-9b2343411efe" />
    <UnitTestResult executionId="5ee8035b-234a-4a76-b502-488fbbf18c2b" testId="9e43d7a0-51a0-9036-3e89-411749b77256" testName="Sharpy.Core.Tests.IteratorInteropTests.SharpyList_CanBeUsedInCSharpForeach" computerName="mac" duration="00:00:00.0000761" startTime="2026-01-11T22:07:47.1636210-05:00" endTime="2026-01-11T22:07:47.1639020-05:00" testType="13cdc9d9-ddb5-4fa4-a97d-d965ccfc6d4b" outcome="Passed" testListId="8c84fa94-04c1-424b-9868-57a2d4851a1d" relativeResultsDirectory="5ee8035b-234a-4a76-b502-488fbbf18c2b" />
    <UnitTestResult executionId="b14473c1-440b-4ed6-b1b8-5a34fb35caa7" testId="29acf665-864a-5241-f0f8-14713347b1fc" testName="Sharpy.Core.Tests.IteratorInteropTests.First_WithPredicate_NoMatch_ThrowsInvalidOperationException" computerName="mac" duration="00:00:00.0001306" startTime="2026-01-11T22:07:47.1621020-05:00" endTime="2026-01-11T22:07:47.1621720-05:00" testType="13cdc9d9-ddb5-4fa4-a97d-d965ccfc6d4b" outcome="Passed" testListId="8c84fa94-04c1-424b-9868-57a2d4851a1d" relativeResultsDirectory="b14473c1-440b-4ed6-b1b8-5a34fb35caa7" />
    <UnitTestResult executionId="3eda0689-8d19-413d-8e76-c296df239cd3" testId="550a1271-dc46-2417-a4dc-f62dab53e9c8" testName="Sharpy.Core.Tests.ListTests+Comparison.GreaterThanOrEqual_LexicographicallyGreater_ReturnsTrue" computerName="mac" duration="00:00:00.0000958" startTime="2026-01-11T22:07:47.1087300-05:00" endTime="2026-01-11T22:07:47.1087940-05:00" testType="13cdc9d9-ddb5-4fa4-a97d-d965ccfc6d4b" outcome="Passed" testListId="8c84fa94-04c1-424b-9868-57a2d4851a1d" relativeResultsDirectory="3eda0689-8d19-413d-8e76-c296df239cd3" />
    <UnitTestResult executionId="0c88fcc3-d369-4aab-b274-748f4c5748eb" testId="ce2301fc-66ca-2d19-f067-e70eb05306c6" testName="Sharpy.Core.Tests.Set_Tests.Set_Intersection_WithDisjointSets_ReturnsEmptySet" computerName="mac" duration="00:00:00.0000616" startTime="2026-01-11T22:07:47.1509240-05:00" endTime="2026-01-11T22:07:47.1509570-05:00" testType="13cdc9d9-ddb5-4fa4-a97d-d965ccfc6d4b" outcome="Passed" testListId="8c84fa94-04c1-424b-9868-57a2d4851a1d" relativeResultsDirectory="0c88fcc3-d369-4aab-b274-748f4c5748eb" />
    <UnitTestResult executionId="b3992560-fe71-40e1-8340-d3394e9b6b9f" testId="44613e1f-47b0-532d-3705-14219631bc15" testName="Sharpy.Core.Tests.StrMethods_Tests.SwapCase_WithEmptyString_ReturnsEmptyString" computerName="mac" duration="00:00:00.0000307" startTime="2026-01-11T22:07:47.1445920-05:00" endTime="2026-01-11T22:07:47.1446900-05:00" testType="13cdc9d9-ddb5-4fa4-a97d-d965ccfc6d4b" outcome="Passed" testListId="8c84fa94-04c1-424b-9868-57a2d4851a1d" relativeResultsDirectory="b3992560-fe71-40e1-8340-d3394e9b6b9f" />
    <UnitTestResult executionId="91f98cf5-61b7-4d99-bb6c-7b8883e351bd" testId="1f78070d-abf9-8ac1-f06c-7508ec6838b2" testName="Sharpy.Core.Tests.Set_Tests.Set_Union_WithAnotherSet_ReturnsCorrectUnion" computerName="mac" duration="00:00:00.0001338" startTime="2026-01-11T22:07:47.1499150-05:00" endTime="2026-01-11T22:07:47.1501610-05:00" testType="13cdc9d9-ddb5-4fa4-a97d-d965ccfc6d4b" outcome="Passed" testListId="8c84fa94-04c1-424b-9868-57a2d4851a1d" relativeResultsDirectory="91f98cf5-61b7-4d99-bb6c-7b8883e351bd" />
    <UnitTestResult executionId="811382c9-e6a2-464e-bdf6-8a8ed0a44379" testId="c9b9fc1c-35d9-872e-78b6-61350bf78bc8" testName="Sharpy.Core.Tests.List_Tests.List_Dunder_Replace_Slice_Single_Step_Same_New_Elems" computerName="mac" duration="00:00:00.0000740" startTime="2026-01-11T22:07:47.1651200-05:00" endTime="2026-01-11T22:07:47.1651370-05:00" testType="13cdc9d9-ddb5-4fa4-a97d-d965ccfc6d4b" outcome="Passed" testListId="8c84fa94-04c1-424b-9868-57a2d4851a1d" relativeResultsDirectory="811382c9-e6a2-464e-bdf6-8a8ed0a44379" />
    <UnitTestResult executionId="77afd39f-78a7-4418-ab46-5ab39592cf2a" testId="de230ee8-2f0e-f730-65e0-899f536fe73e" testName="Sharpy.Core.Tests.List_Tests.List_IsReadOnly" computerName="mac" duration="00:00:00.0000417" startTime="2026-01-11T22:07:47.1549320-05:00" endTime="2026-01-11T22:07:47.1549470-05:00" testType="13cdc9d9-ddb5-4fa4-a97d-d965ccfc6d4b" outcome="Passed" testListId="8c84fa94-04c1-424b-9868-57a2d4851a1d" relativeResultsDirectory="77afd39f-78a7-4418-ab46-5ab39592cf2a" />
    <UnitTestResult executionId="dbd588c0-0801-4820-8c36-c418ba8a065a" testId="398b8b30-cbb6-0be2-e0da-38f35bd6f821" testName="Sharpy.Core.Tests.StrMethods_Tests.IsDecimal_WithEmptyString_ReturnsFalse" computerName="mac" duration="00:00:00.0000323" startTime="2026-01-11T22:07:47.1482470-05:00" endTime="2026-01-11T22:07:47.1482640-05:00" testType="13cdc9d9-ddb5-4fa4-a97d-d965ccfc6d4b" outcome="Passed" testListId="8c84fa94-04c1-424b-9868-57a2d4851a1d" relativeResultsDirectory="dbd588c0-0801-4820-8c36-c418ba8a065a" />
    <UnitTestResult executionId="2bcec92b-7709-4571-b4a8-bd1a10d7947f" testId="98db17f3-ec75-a14b-7b46-d8874be8d4f7" testName="Sharpy.Core.Tests.List_Tests.List_Index_Non_Empty" computerName="mac" duration="00:00:00.0001239" startTime="2026-01-11T22:07:47.1618810-05:00" endTime="2026-01-11T22:07:47.1621170-05:00" testType="13cdc9d9-ddb5-4fa4-a97d-d965ccfc6d4b" outcome="Passed" testListId="8c84fa94-04c1-424b-9868-57a2d4851a1d" relativeResultsDirectory="2bcec92b-7709-4571-b4a8-bd1a10d7947f" />
    <UnitTestResult executionId="bda80608-7862-440c-9981-45bf79f0d1d5" testId="242b899e-fda7-f0eb-3c34-222dcb60dcac" testName="Sharpy.Core.Tests.List_Tests.List_Right_Multiplication_Operator_More_Than_One_Dunder" computerName="mac" duration="00:00:00.0000842" startTime="2026-01-11T22:07:47.1609940-05:00" endTime="2026-01-11T22:07:47.1610580-05:00" testType="13cdc9d9-ddb5-4fa4-a97d-d965ccfc6d4b" outcome="Passed" testListId="8c84fa94-04c1-424b-9868-57a2d4851a1d" relativeResultsDirectory="bda80608-7862-440c-9981-45bf79f0d1d5" />
    <UnitTestResult executionId="467e86ec-706e-4e19-83f1-83cff65b083d" testId="4ae6f1b5-afa7-e2c0-9ab3-dacdffaeb895" testName="Sharpy.Core.Tests.List_Tests.List_Dunder_Replace_Slice_Same_Start_And_End_Less_New_Elems" computerName="mac" duration="00:00:00.0000961" startTime="2026-01-11T22:07:47.1601480-05:00" endTime="2026-01-11T22:07:47.1603860-05:00" testType="13cdc9d9-ddb5-4fa4-a97d-d965ccfc6d4b" outcome="Passed" testListId="8c84fa94-04c1-424b-9868-57a2d4851a1d" relativeResultsDirectory="467e86ec-706e-4e19-83f1-83cff65b083d" />
    <UnitTestResult executionId="28e97619-127a-4c7c-a7a3-5e108c84228a" testId="7e49bc00-1fea-9ab1-690b-8e7f7415e587" testName="Sharpy.Core.Tests.List_Tests.List_Remove_At_End" computerName="mac" duration="00:00:00.0000556" startTime="2026-01-11T22:07:47.1633630-05:00" endTime="2026-01-11T22:07:47.1633770-05:00" testType="13cdc9d9-ddb5-4fa4-a97d-d965ccfc6d4b" outcome="Passed" testListId="8c84fa94-04c1-424b-9868-57a2d4851a1d" relativeResultsDirectory="28e97619-127a-4c7c-a7a3-5e108c84228a" />
    <UnitTestResult executionId="2a0b1fd0-78af-49c1-8590-654980aa30f5" testId="4da1c2e7-ddea-fae9-4c48-1c26b4ad687d" testName="Sharpy.Core.Tests.IteratorInteropTests.Iter_CSharpEnumerable_ReturnsIterator" computerName="mac" duration="00:00:00.0000599" startTime="2026-01-11T22:07:47.1492190-05:00" endTime="2026-01-11T22:07:47.1492340-05:00" testType="13cdc9d9-ddb5-4fa4-a97d-d965ccfc6d4b" outcome="Passed" testListId="8c84fa94-04c1-424b-9868-57a2d4851a1d" relativeResultsDirectory="2a0b1fd0-78af-49c1-8590-654980aa30f5" />
    <UnitTestResult executionId="4424bb34-dbc8-4b36-9e4d-3b4cfffb7074" testId="aba2182e-d0de-4e47-6f5f-ee9e27ee31e5" testName="Sharpy.Core.Tests.List_Tests.List_Iterator_Iteration" computerName="mac" duration="00:00:00.0001122" startTime="2026-01-11T22:07:47.1393340-05:00" endTime="2026-01-11T22:07:47.1395020-05:00" testType="13cdc9d9-ddb5-4fa4-a97d-d965ccfc6d4b" outcome="Passed" testListId="8c84fa94-04c1-424b-9868-57a2d4851a1d" relativeResultsDirectory="4424bb34-dbc8-4b36-9e4d-3b4cfffb7074" />
    <UnitTestResult executionId="1edf30ba-2f2f-451a-9a2a-9112c4578281" testId="8640a81f-df0d-e087-1670-fb38422b34cc" testName="Sharpy.Core.Tests.ListTests+Comparison.LessThan_NonEmptyVsEmpty_ReturnsFalse" computerName="mac" duration="00:00:00.0001254" startTime="2026-01-11T22:07:47.1079180-05:00" endTime="2026-01-11T22:07:47.1085070-05:00" testType="13cdc9d9-ddb5-4fa4-a97d-d965ccfc6d4b" outcome="Passed" testListId="8c84fa94-04c1-424b-9868-57a2d4851a1d" relativeResultsDirectory="1edf30ba-2f2f-451a-9a2a-9112c4578281" />
    <UnitTestResult executionId="330e831b-b851-4d87-a57b-5071d66afcb3" testId="ff2e558c-acab-5e18-b2c9-feff7d47f0a2" testName="Sharpy.Core.Tests.Set_Tests.Set_Copy_Empty" computerName="mac" duration="00:00:00.0021124" startTime="2026-01-11T22:07:47.1224840-05:00" endTime="2026-01-11T22:07:47.1260920-05:00" testType="13cdc9d9-ddb5-4fa4-a97d-d965ccfc6d4b" outcome="Passed" testListId="8c84fa94-04c1-424b-9868-57a2d4851a1d" relativeResultsDirectory="330e831b-b851-4d87-a57b-5071d66afcb3" />
    <UnitTestResult executionId="fa08c2e2-6541-4fbf-aea4-d577256524b3" testId="93931799-2f94-6b24-f667-eec2dacf0724" testName="Sharpy.Core.Tests.List_Tests.List_Multiplication_Assignment_Operator_More_Than_One" computerName="mac" duration="00:00:00.0000747" startTime="2026-01-11T22:07:47.1583150-05:00" endTime="2026-01-11T22:07:47.1583290-05:00" testType="13cdc9d9-ddb5-4fa4-a97d-d965ccfc6d4b" outcome="Passed" testListId="8c84fa94-04c1-424b-9868-57a2d4851a1d" relativeResultsDirectory="fa08c2e2-6541-4fbf-aea4-d577256524b3" />
    <UnitTestResult executionId="4406ce4e-1916-4103-94bb-8157b470b7fe" testId="146e6a3b-079d-ff47-5344-dd89ec4f4f33" testName="Sharpy.Core.Tests.IteratorInteropTests.SharpyIterable_Last_Works" computerName="mac" duration="00:00:00.0001226" startTime="2026-01-11T22:07:47.1616770-05:00" endTime="2026-01-11T22:07:47.1617420-05:00" testType="13cdc9d9-ddb5-4fa4-a97d-d965ccfc6d4b" outcome="Passed" testListId="8c84fa94-04c1-424b-9868-57a2d4851a1d" relativeResultsDirectory="4406ce4e-1916-4103-94bb-8157b470b7fe" />
    <UnitTestResult executionId="822b72ac-64dc-459a-9035-8f9604ef1a8a" testId="6461d1f0-1b4f-70cd-d200-197239471e0b" testName="Sharpy.Core.Tests.Set_Tests.Set_IsDisjoint_WithStrings_WorksCorrectly" computerName="mac" duration="00:00:00.0002448" startTime="2026-01-11T22:07:47.1309170-05:00" endTime="2026-01-11T22:07:47.1310810-05:00" testType="13cdc9d9-ddb5-4fa4-a97d-d965ccfc6d4b" outcome="Passed" testListId="8c84fa94-04c1-424b-9868-57a2d4851a1d" relativeResultsDirectory="822b72ac-64dc-459a-9035-8f9604ef1a8a" />
    <UnitTestResult executionId="74798d7b-186a-4bb1-b40b-251fe8c50f75" testId="e077e25b-b302-111a-34a4-28a3702235b1" testName="Sharpy.Core.Tests.Dict_Tests.SetDefault_ReturnsExistingValue" computerName="mac" duration="00:00:00.0000972" startTime="2026-01-11T22:07:47.1368010-05:00" endTime="2026-01-11T22:07:47.1368700-05:00" testType="13cdc9d9-ddb5-4fa4-a97d-d965ccfc6d4b" outcome="Passed" testListId="8c84fa94-04c1-424b-9868-57a2d4851a1d" relativeResultsDirectory="74798d7b-186a-4bb1-b40b-251fe8c50f75" />
    <UnitTestResult executionId="5e84a298-a9a9-401d-8eea-c3e757e7b408" testId="ba4330c8-f026-7fc0-6a39-30954aacf76d" testName="Sharpy.Core.Tests.StrMethods_Tests.MakeTrans_WithTwoStrings_CreatesTable" computerName="mac" duration="00:00:00.0039203" startTime="2026-01-11T22:07:47.1122870-05:00" endTime="2026-01-11T22:07:47.1162770-05:00" testType="13cdc9d9-ddb5-4fa4-a97d-d965ccfc6d4b" outcome="Passed" testListId="8c84fa94-04c1-424b-9868-57a2d4851a1d" relativeResultsDirectory="5e84a298-a9a9-401d-8eea-c3e757e7b408" />
    <UnitTestResult executionId="ba954e22-90ba-4a9f-80af-70667c688e08" testId="e7439dcb-140c-cf9f-d17c-2b65cbdd5de5" testName="Sharpy.Core.Tests.IteratorInteropTests.Iter_CSharpLinqQuery_ReturnsIterator" computerName="mac" duration="00:00:00.0002542" startTime="2026-01-11T22:07:47.1481400-05:00" endTime="2026-01-11T22:07:47.1487610-05:00" testType="13cdc9d9-ddb5-4fa4-a97d-d965ccfc6d4b" outcome="Passed" testListId="8c84fa94-04c1-424b-9868-57a2d4851a1d" relativeResultsDirectory="ba954e22-90ba-4a9f-80af-70667c688e08" />
    <UnitTestResult executionId="1808fa9c-6c4a-4b9f-a105-002c0325b73a" testId="329d43b7-17e0-2fc1-3263-b874a616eeea" testName="Sharpy.Core.Tests.StrMethods_Tests.RJust_WithWidthLargerThanString_PadsWithSpaces" computerName="mac" duration="00:00:00.0000677" startTime="2026-01-11T22:07:47.1413890-05:00" endTime="2026-01-11T22:07:47.1415040-05:00" testType="13cdc9d9-ddb5-4fa4-a97d-d965ccfc6d4b" outcome="Passed" testListId="8c84fa94-04c1-424b-9868-57a2d4851a1d" relativeResultsDirectory="1808fa9c-6c4a-4b9f-a105-002c0325b73a" />
    <UnitTestResult executionId="20833e39-6df0-4f01-b11d-713b67d7b330" testId="646f3102-050d-6b0a-f325-504ce96ddaa4" testName="Sharpy.Core.Tests.List_Tests.List_Reverse_Empty" computerName="mac" duration="00:00:00.0000319" startTime="2026-01-11T22:07:47.1615170-05:00" endTime="2026-01-11T22:07:47.1615620-05:00" testType="13cdc9d9-ddb5-4fa4-a97d-d965ccfc6d4b" outcome="Passed" testListId="8c84fa94-04c1-424b-9868-57a2d4851a1d" relativeResultsDirectory="20833e39-6df0-4f01-b11d-713b67d7b330" />
    <UnitTestResult executionId="4e7404c5-7e6e-4ac1-82de-7a9837fdca07" testId="5b569a33-8e07-75a4-6b95-513c735aafd6" testName="Sharpy.Core.Tests.StrMethods_Tests.IsPrintable_WithControlChars_ReturnsFalse" computerName="mac" duration="00:00:00.0000272" startTime="2026-01-11T22:07:47.1437200-05:00" endTime="2026-01-11T22:07:47.1437340-05:00" testType="13cdc9d9-ddb5-4fa4-a97d-d965ccfc6d4b" outcome="Passed" testListId="8c84fa94-04c1-424b-9868-57a2d4851a1d" relativeResultsDirectory="4e7404c5-7e6e-4ac1-82de-7a9837fdca07" />
    <UnitTestResult executionId="76ec1d8d-2961-42fd-a695-e5732803595c" testId="a7729cc4-1575-a1e2-c280-17c85a9ec1d1" testName="Sharpy.Core.Tests.Wrapper_Tests.Wrapper_Bool_Convertible" computerName="mac" duration="00:00:00.0001011" startTime="2026-01-11T22:07:47.1204610-05:00" endTime="2026-01-11T22:07:47.1205750-05:00" testType="13cdc9d9-ddb5-4fa4-a97d-d965ccfc6d4b" outcome="Passed" testListId="8c84fa94-04c1-424b-9868-57a2d4851a1d" relativeResultsDirectory="76ec1d8d-2961-42fd-a695-e5732803595c" />
    <UnitTestResult executionId="12c24bd6-2f1c-43bc-9476-0b9cf2d9c4bb" testId="d5b55eb8-7b68-fd18-d84a-da6fb248fb87" testName="Sharpy.Core.Tests.Str_Tests.Add_ConcatenatesTwoStrings" computerName="mac" duration="00:00:00.0001303" startTime="2026-01-11T22:07:47.1266320-05:00" endTime="2026-01-11T22:07:47.1271070-05:00" testType="13cdc9d9-ddb5-4fa4-a97d-d965ccfc6d4b" outcome="Passed" testListId="8c84fa94-04c1-424b-9868-57a2d4851a1d" relativeResultsDirectory="12c24bd6-2f1c-43bc-9476-0b9cf2d9c4bb" />
    <UnitTestResult executionId="021ae585-39d0-4b25-9eef-ccd68d6d692e" testId="03cc80cc-6247-3222-47f0-672cbe8e902e" testName="Sharpy.Core.Tests.StrMethods_Tests.SplitLines_WithCRLFKeepEnds_KeepsBoth" computerName="mac" duration="00:00:00.0000801" startTime="2026-01-11T22:07:47.1483360-05:00" endTime="2026-01-11T22:07:47.1484180-05:00" testType="13cdc9d9-ddb5-4fa4-a97d-d965ccfc6d4b" outcome="Passed" testListId="8c84fa94-04c1-424b-9868-57a2d4851a1d" relativeResultsDirectory="021ae585-39d0-4b25-9eef-ccd68d6d692e" />
    <UnitTestResult executionId="030cc4ad-5a4b-4f47-8423-5494d0e065cf" testId="f6c978cf-fee9-411a-b42a-c8a461ad8044" testName="Sharpy.Core.Tests.List_Tests.List_Multiplication_Operator_One_Dunder" computerName="mac" duration="00:00:00.0000600" startTime="2026-01-11T22:07:47.1624610-05:00" endTime="2026-01-11T22:07:47.1626980-05:00" testType="13cdc9d9-ddb5-4fa4-a97d-d965ccfc6d4b" outcome="Passed" testListId="8c84fa94-04c1-424b-9868-57a2d4851a1d" relativeResultsDirectory="030cc4ad-5a4b-4f47-8423-5494d0e065cf" />
    <UnitTestResult executionId="48d28ab6-eba7-4774-8060-1e83b1567127" testId="a77566eb-707c-76d3-b63c-ccc922f153d9" testName="Sharpy.Core.Tests.Set_Tests.Set_Inequality_Different_Type" computerName="mac" duration="00:00:00.0011895" startTime="2026-01-11T22:07:47.1366960-05:00" endTime="2026-01-11T22:07:47.1383810-05:00" testType="13cdc9d9-ddb5-4fa4-a97d-d965ccfc6d4b" outcome="Passed" testListId="8c84fa94-04c1-424b-9868-57a2d4851a1d" relativeResultsDirectory="48d28ab6-eba7-4774-8060-1e83b1567127" />
    <UnitTestResult executionId="fadf0fe6-779d-4f3c-ab37-64e4ab2f6bee" testId="bc727573-1410-bdad-d1af-1a520a00b8a5" testName="Sharpy.Core.Tests.Range_Tests.Range_EmptyRange_ReturnsEmptyIterator" computerName="mac" duration="00:00:00.0002190" startTime="2026-01-11T22:07:47.1113590-05:00" endTime="2026-01-11T22:07:47.1117120-05:00" testType="13cdc9d9-ddb5-4fa4-a97d-d965ccfc6d4b" outcome="Passed" testListId="8c84fa94-04c1-424b-9868-57a2d4851a1d" relativeResultsDirectory="fadf0fe6-779d-4f3c-ab37-64e4ab2f6bee" />
    <UnitTestResult executionId="1ff30cc0-22e5-4bc0-8b21-af3bb14851de" testId="52eccc26-5b54-89f2-2f85-2da01b478ada" testName="Sharpy.Core.Tests.Set_Tests.Set_Clear_Non_Empty" computerName="mac" duration="00:00:00.0000498" startTime="2026-01-11T22:07:47.1514910-05:00" endTime="2026-01-11T22:07:47.1515140-05:00" testType="13cdc9d9-ddb5-4fa4-a97d-d965ccfc6d4b" outcome="Passed" testListId="8c84fa94-04c1-424b-9868-57a2d4851a1d" relativeResultsDirectory="1ff30cc0-22e5-4bc0-8b21-af3bb14851de" />
    <UnitTestResult executionId="913b0cbe-ba21-4151-bcc7-75ea474b467a" testId="1e091f66-a7b3-4c0f-8a1b-7b743411f5ed" testName="Sharpy.Core.Tests.Set_Tests.Set_SymmetricDifference_WithDisjointSets_ReturnsAllElements" computerName="mac" duration="00:00:00.0001448" startTime="2026-01-11T22:07:47.1460610-05:00" endTime="2026-01-11T22:07:47.1462130-05:00" testType="13cdc9d9-ddb5-4fa4-a97d-d965ccfc6d4b" outcome="Passed" testListId="8c84fa94-04c1-424b-9868-57a2d4851a1d" relativeResultsDirectory="913b0cbe-ba21-4151-bcc7-75ea474b467a" />
    <UnitTestResult executionId="4fc68502-6f65-4db5-8ae1-1c2214df84d2" testId="08985883-a236-e3bc-bdcb-d31437c50f39" testName="Sharpy.Core.Tests.Str_Tests.Replace_ReplacesAllOccurrences" computerName="mac" duration="00:00:00.0000626" startTime="2026-01-11T22:07:47.1404650-05:00" endTime="2026-01-11T22:07:47.1405110-05:00" testType="13cdc9d9-ddb5-4fa4-a97d-d965ccfc6d4b" outcome="Passed" testListId="8c84fa94-04c1-424b-9868-57a2d4851a1d" relativeResultsDirectory="4fc68502-6f65-4db5-8ae1-1c2214df84d2" />
    <UnitTestResult executionId="f52c3e90-6712-4c93-88d2-424770217a74" testId="45ad2b1d-79ee-fbee-ad5e-084e878c2375" testName="Sharpy.Core.Tests.Issubclass_Tests.Issubclass_UnrelatedClass_ReturnsFalse" computerName="mac" duration="00:00:00.0001435" startTime="2026-01-11T22:07:47.1171720-05:00" endTime="2026-01-11T22:07:47.1179650-05:00" testType="13cdc9d9-ddb5-4fa4-a97d-d965ccfc6d4b" outcome="Passed" testListId="8c84fa94-04c1-424b-9868-57a2d4851a1d" relativeResultsDirectory="f52c3e90-6712-4c93-88d2-424770217a74" />
    <UnitTestResult executionId="6ce0a4fe-619c-43f6-b7e5-0269c64800a8" testId="b7a1dad9-50cc-3aaa-bb93-c97a91095618" testName="Sharpy.Core.Tests.Sorted_Tests.Sorted_WithKeyFunction_SortsByKey" computerName="mac" duration="00:00:00.0014168" startTime="2026-01-11T22:07:47.1036520-05:00" endTime="2026-01-11T22:07:47.1078740-05:00" testType="13cdc9d9-ddb5-4fa4-a97d-d965ccfc6d4b" outcome="Passed" testListId="8c84fa94-04c1-424b-9868-57a2d4851a1d" relativeResultsDirectory="6ce0a4fe-619c-43f6-b7e5-0269c64800a8" />
    <UnitTestResult executionId="4f9e8360-32f8-4c2d-b88c-6f6846801a91" testId="30422154-12fb-32d1-0bd1-11f30c5a1266" testName="Sharpy.Core.Tests.List_Tests.List_Pop_Empty" computerName="mac" duration="00:00:00.0002585" startTime="2026-01-11T22:07:47.1442670-05:00" endTime="2026-01-11T22:07:47.1446600-05:00" testType="13cdc9d9-ddb5-4fa4-a97d-d965ccfc6d4b" outcome="Passed" testListId="8c84fa94-04c1-424b-9868-57a2d4851a1d" relativeResultsDirectory="4f9e8360-32f8-4c2d-b88c-6f6846801a91" />
    <UnitTestResult executionId="2939d6be-677b-4b3a-847a-3581f7d2d7f3" testId="1f7c62e6-fbbf-2943-9197-e0f2c757e058" testName="Sharpy.Core.Tests.List_Tests.List_Inequality_Null_Reverse" computerName="mac" duration="00:00:00.0000685" startTime="2026-01-11T22:07:47.1476030-05:00" endTime="2026-01-11T22:07:47.1476670-05:00" testType="13cdc9d9-ddb5-4fa4-a97d-d965ccfc6d4b" outcome="Passed" testListId="8c84fa94-04c1-424b-9868-57a2d4851a1d" relativeResultsDirectory="2939d6be-677b-4b3a-847a-3581f7d2d7f3" />
    <UnitTestResult executionId="12d3c9f4-5be6-4712-b2e1-88c685f37b64" testId="8e19a2f0-4c1f-95a2-3846-736f54c538de" testName="Sharpy.Core.Tests.Print_Tests.Print_MultipleArgs_SeparatesWithSpace" computerName="mac" duration="00:00:00.0000430" startTime="2026-01-11T22:07:47.1531140-05:00" endTime="2026-01-11T22:07:47.1533870-05:00" testType="13cdc9d9-ddb5-4fa4-a97d-d965ccfc6d4b" outcome="Passed" testListId="8c84fa94-04c1-424b-9868-57a2d4851a1d" relativeResultsDirectory="12d3c9f4-5be6-4712-b2e1-88c685f37b64" />
    <UnitTestResult executionId="5a11fd55-606b-4247-b52f-83122bffed9c" testId="2ab9920e-3049-be1e-cc81-fae1b4bfa4a8" testName="Sharpy.Core.Tests.List_Tests.List_Sort_With_Key_And_Reverse" computerName="mac" duration="00:00:00.0000948" startTime="2026-01-11T22:07:47.1670370-05:00" endTime="2026-01-11T22:07:47.1670520-05:00" testType="13cdc9d9-ddb5-4fa4-a97d-d965ccfc6d4b" outcome="Passed" testListId="8c84fa94-04c1-424b-9868-57a2d4851a1d" relativeResultsDirectory="5a11fd55-606b-4247-b52f-83122bffed9c" />
    <UnitTestResult executionId="cce6709f-5e7a-4d87-8d22-c5d67324827a" testId="4dd47c65-1c72-c7de-ea60-0f18be3a99f7" testName="Sharpy.Core.Tests.List_Tests.List_Inplace_Addition_Dunder_Null" computerName="mac" duration="00:00:00.0001346" startTime="2026-01-11T22:07:47.1671830-05:00" endTime="2026-01-11T22:07:47.1672010-05:00" testType="13cdc9d9-ddb5-4fa4-a97d-d965ccfc6d4b" outcome="Passed" testListId="8c84fa94-04c1-424b-9868-57a2d4851a1d" relativeResultsDirectory="cce6709f-5e7a-4d87-8d22-c5d67324827a" />
    <UnitTestResult executionId="c68a7fb7-6388-4656-9aac-05d117c331d8" testId="84af0189-f0c8-5a6b-ee05-40a4c4c2a4e9" testName="Sharpy.Core.Tests.List_Tests.List_Indexer_Int_Get_By_Negative_Index" computerName="mac" duration="00:00:00.0000835" startTime="2026-01-11T22:07:47.1546550-05:00" endTime="2026-01-11T22:07:47.1547160-05:00" testType="13cdc9d9-ddb5-4fa4-a97d-d965ccfc6d4b" outcome="Passed" testListId="8c84fa94-04c1-424b-9868-57a2d4851a1d" relativeResultsDirectory="c68a7fb7-6388-4656-9aac-05d117c331d8" />
    <UnitTestResult executionId="4376b0f5-7727-469a-92db-c4189aff59f1" testId="50e2d084-6883-48ff-21cf-88d5dfe0f85c" testName="Sharpy.Core.Tests.List_Tests.List_Initializer_List" computerName="mac" duration="00:00:00.0000688" startTime="2026-01-11T22:07:47.1628350-05:00" endTime="2026-01-11T22:07:47.1629020-05:00" testType="13cdc9d9-ddb5-4fa4-a97d-d965ccfc6d4b" outcome="Passed" testListId="8c84fa94-04c1-424b-9868-57a2d4851a1d" relativeResultsDirectory="4376b0f5-7727-469a-92db-c4189aff59f1" />
    <UnitTestResult executionId="c45e1615-0806-4df3-8ad0-f6f842740bb4" testId="1aa874dc-975d-cae4-837f-9729a0d37b21" testName="Sharpy.Core.Tests.List_Tests.List_Dunder_Replace_Slice_Single_Step_Less_New_Elems" computerName="mac" duration="00:00:00.0000684" startTime="2026-01-11T22:07:47.1624130-05:00" endTime="2026-01-11T22:07:47.1624270-05:00" testType="13cdc9d9-ddb5-4fa4-a97d-d965ccfc6d4b" outcome="Passed" testListId="8c84fa94-04c1-424b-9868-57a2d4851a1d" relativeResultsDirectory="c45e1615-0806-4df3-8ad0-f6f842740bb4" />
    <UnitTestResult executionId="1a13a7a4-1e7f-4254-a820-c8126f8ff836" testId="7f4cd5aa-00db-9525-e800-970f7875bdf7" testName="Sharpy.Core.Tests.StrMethods_Tests.ZFill_WithZeroWidth_ReturnsOriginalString" computerName="mac" duration="00:00:00.0000355" startTime="2026-01-11T22:07:47.1378380-05:00" endTime="2026-01-11T22:07:47.1379020-05:00" testType="13cdc9d9-ddb5-4fa4-a97d-d965ccfc6d4b" outcome="Passed" testListId="8c84fa94-04c1-424b-9868-57a2d4851a1d" relativeResultsDirectory="1a13a7a4-1e7f-4254-a820-c8126f8ff836" />
    <UnitTestResult executionId="e7e09c5d-5b34-47f0-bf50-7e5e1c4fa0f1" testId="155d46d4-436c-e34d-86ce-ddcf9120c22c" testName="Sharpy.Core.Tests.Dict_Tests.Pop_ReturnsDefaultForMissingKey" computerName="mac" duration="00:00:00.0001000" startTime="2026-01-11T22:07:47.1357450-05:00" endTime="2026-01-11T22:07:47.1358690-05:00" testType="13cdc9d9-ddb5-4fa4-a97d-d965ccfc6d4b" outcome="Passed" testListId="8c84fa94-04c1-424b-9868-57a2d4851a1d" relativeResultsDirectory="e7e09c5d-5b34-47f0-bf50-7e5e1c4fa0f1" />
    <UnitTestResult executionId="f35b3ffc-ff82-459a-9d7e-e0d34e78cf81" testId="80904131-ba29-0a56-ae8a-e4636063c42b" testName="Sharpy.Core.Tests.Dict_Tests.Get_ReturnsValueForExistingKey" computerName="mac" duration="00:00:00.0000705" startTime="2026-01-11T22:07:47.1336700-05:00" endTime="2026-01-11T22:07:47.1337440-05:00" testType="13cdc9d9-ddb5-4fa4-a97d-d965ccfc6d4b" outcome="Passed" testListId="8c84fa94-04c1-424b-9868-57a2d4851a1d" relativeResultsDirectory="f35b3ffc-ff82-459a-9d7e-e0d34e78cf81" />
    <UnitTestResult executionId="69ba2102-1fd1-4219-a3f0-9f0c36433b4b" testId="cfa32801-a73c-a638-ca86-7b4c0763c7cc" testName="Sharpy.Core.Tests.StrMethods_Tests.SplitLines_WithEmptyString_ReturnsEmptyList" computerName="mac" duration="00:00:00.0008032" startTime="2026-01-11T22:07:47.1466530-05:00" endTime="2026-01-11T22:07:47.1482070-05:00" testType="13cdc9d9-ddb5-4fa4-a97d-d965ccfc6d4b" outcome="Passed" testListId="8c84fa94-04c1-424b-9868-57a2d4851a1d" relativeResultsDirectory="69ba2102-1fd1-4219-a3f0-9f0c36433b4b" />
    <UnitTestResult executionId="777cdf68-83d5-43e4-aa35-7161ced8f9ae" testId="ac05e8c6-00c2-b274-c0b5-cea56abbc22a" testName="Sharpy.Core.Tests.StrMethods_Tests.RPartition_WithNullSeparator_ThrowsArgumentNullException" computerName="mac" duration="00:00:00.0001369" startTime="2026-01-11T22:07:47.1368550-05:00" endTime="2026-01-11T22:07:47.1370200-05:00" testType="13cdc9d9-ddb5-4fa4-a97d-d965ccfc6d4b" outcome="Passed" testListId="8c84fa94-04c1-424b-9868-57a2d4851a1d" relativeResultsDirectory="777cdf68-83d5-43e4-aa35-7161ced8f9ae" />
    <UnitTestResult executionId="e468f1c2-d06b-48a5-8273-c56718e3b70e" testId="62f6288d-7184-5dcc-ae22-a263a81305c7" testName="Sharpy.Core.Tests.Set_Tests.Set_IsDisjoint_BothEmpty_ReturnsTrue" computerName="mac" duration="00:00:00.0000319" startTime="2026-01-11T22:07:47.1544050-05:00" endTime="2026-01-11T22:07:47.1544680-05:00" testType="13cdc9d9-ddb5-4fa4-a97d-d965ccfc6d4b" outcome="Passed" testListId="8c84fa94-04c1-424b-9868-57a2d4851a1d" relativeResultsDirectory="e468f1c2-d06b-48a5-8273-c56718e3b70e" />
    <UnitTestResult executionId="56cd1360-95d9-4861-a10a-979ab2b9214b" testId="65df3c75-f2b8-65ef-c077-835ca90cd2f1" testName="Sharpy.Core.Tests.Set_Tests.Set_IsSubset_EmptySetOfNonEmpty_ReturnsTrue" computerName="mac" duration="00:00:00.0000429" startTime="2026-01-11T22:07:47.1504580-05:00" endTime="2026-01-11T22:07:47.1507250-05:00" testType="13cdc9d9-ddb5-4fa4-a97d-d965ccfc6d4b" outcome="Passed" testListId="8c84fa94-04c1-424b-9868-57a2d4851a1d" relativeResultsDirectory="56cd1360-95d9-4861-a10a-979ab2b9214b" />
    <UnitTestResult executionId="2f22a727-56c8-4417-b478-51b2757c60d0" testId="4d651e1e-76a4-5ea3-1719-79d453fa9882" testName="Sharpy.Core.Tests.IntConversionTests.Int_FromLong_ValidValue_ReturnsInt" computerName="mac" duration="00:00:00.0000791" startTime="2026-01-11T22:07:47.1301270-05:00" endTime="2026-01-11T22:07:47.1304630-05:00" testType="13cdc9d9-ddb5-4fa4-a97d-d965ccfc6d4b" outcome="Passed" testListId="8c84fa94-04c1-424b-9868-57a2d4851a1d" relativeResultsDirectory="2f22a727-56c8-4417-b478-51b2757c60d0" />
    <UnitTestResult executionId="8ec132e1-b09b-45ce-a345-27f78947ec18" testId="67040bc4-0a2a-ae66-25b2-d66abf6c6789" testName="Sharpy.Core.Tests.Str_Tests.Strip_RemovesWhitespace" computerName="mac" duration="00:00:00.0000864" startTime="2026-01-11T22:07:47.1384380-05:00" endTime="2026-01-11T22:07:47.1385190-05:00" testType="13cdc9d9-ddb5-4fa4-a97d-d965ccfc6d4b" outcome="Passed" testListId="8c84fa94-04c1-424b-9868-57a2d4851a1d" relativeResultsDirectory="8ec132e1-b09b-45ce-a345-27f78947ec18" />
    <UnitTestResult executionId="311dd153-ee2a-458c-92e5-41a1af2159eb" testId="23cd5866-f58c-f1fa-1f4a-2c9aee1f6e8a" testName="Sharpy.Core.Tests.Dict_Tests.Indexer_Get_ThrowsKeyErrorForMissingKey" computerName="mac" duration="00:00:00.0005750" startTime="2026-01-11T22:07:47.1195460-05:00" endTime="2026-01-11T22:07:47.1201380-05:00" testType="13cdc9d9-ddb5-4fa4-a97d-d965ccfc6d4b" outcome="Passed" testListId="8c84fa94-04c1-424b-9868-57a2d4851a1d" relativeResultsDirectory="311dd153-ee2a-458c-92e5-41a1af2159eb" />
    <UnitTestResult executionId="674b23ee-f9ad-4444-9492-cae99813c1e5" testId="b741e12f-5474-2e79-fa7c-36ab544f2350" testName="Sharpy.Core.Tests.DivMod_Tests.DivMod_NegativeDividend_ReturnsCorrectQuotientAndRemainder" computerName="mac" duration="00:00:00.0000624" startTime="2026-01-11T22:07:47.1194540-05:00" endTime="2026-01-11T22:07:47.1194670-05:00" testType="13cdc9d9-ddb5-4fa4-a97d-d965ccfc6d4b" outcome="Passed" testListId="8c84fa94-04c1-424b-9868-57a2d4851a1d" relativeResultsDirectory="674b23ee-f9ad-4444-9492-cae99813c1e5" />
    <UnitTestResult executionId="ce1790c9-c1db-4c7e-be63-d199aedd155b" testId="6d593232-7845-a772-726a-73c4ed339d28" testName="Sharpy.Core.Tests.Range_Tests.Range_TwoArguments_GeneratesStartToStop" computerName="mac" duration="00:00:00.0004619" startTime="2026-01-11T22:07:47.1106620-05:00" endTime="2026-01-11T22:07:47.1113210-05:00" testType="13cdc9d9-ddb5-4fa4-a97d-d965ccfc6d4b" outcome="Passed" testListId="8c84fa94-04c1-424b-9868-57a2d4851a1d" relativeResultsDirectory="ce1790c9-c1db-4c7e-be63-d199aedd155b" />
    <UnitTestResult executionId="a82eb90b-d8f4-4528-ae15-98cee52ce82d" testId="a8559612-13e3-ca2e-b7f1-faf850c4ff66" testName="Sharpy.Core.Tests.List_Tests.List_Native_Equality_Different_Object_Reverse" computerName="mac" duration="00:00:00.0002252" startTime="2026-01-11T22:07:47.1672820-05:00" endTime="2026-01-11T22:07:47.1672960-05:00" testType="13cdc9d9-ddb5-4fa4-a97d-d965ccfc6d4b" outcome="Passed" testListId="8c84fa94-04c1-424b-9868-57a2d4851a1d" relativeResultsDirectory="a82eb90b-d8f4-4528-ae15-98cee52ce82d" />
    <UnitTestResult executionId="ac647112-6b7d-4893-b86c-283d3f80ac4a" testId="211cffdb-98ba-95bc-77d5-dd592794b00f" testName="Sharpy.Core.Tests.List_Tests.List_Insert_Into_Non_Empty" computerName="mac" duration="00:00:00.0000670" startTime="2026-01-11T22:07:47.1563220-05:00" endTime="2026-01-11T22:07:47.1563370-05:00" testType="13cdc9d9-ddb5-4fa4-a97d-d965ccfc6d4b" outcome="Passed" testListId="8c84fa94-04c1-424b-9868-57a2d4851a1d" relativeResultsDirectory="ac647112-6b7d-4893-b86c-283d3f80ac4a" />
    <UnitTestResult executionId="28038c3f-5ed1-45c6-a427-6170052b2b53" testId="50c869db-9e42-e91b-c67f-f7340868ee0e" testName="Sharpy.Core.Tests.List_Tests.List_Index_Non_Empty_Object_Equal" computerName="mac" duration="00:00:00.0000550" startTime="2026-01-11T22:07:47.1589470-05:00" endTime="2026-01-11T22:07:47.1590100-05:00" testType="13cdc9d9-ddb5-4fa4-a97d-d965ccfc6d4b" outcome="Passed" testListId="8c84fa94-04c1-424b-9868-57a2d4851a1d" relativeResultsDirectory="28038c3f-5ed1-45c6-a427-6170052b2b53" />
    <UnitTestResult executionId="134945dd-f752-4888-aec7-1ed42a7babd2" testId="bf4103c3-0426-be6a-5790-b0cec2610f32" testName="Sharpy.Core.Tests.Issubclass_Tests.Issubclass_MultipleTypes_MatchesOne_ReturnsTrue" computerName="mac" duration="00:00:00.0002405" startTime="2026-01-11T22:07:47.1165120-05:00" endTime="2026-01-11T22:07:47.1169040-05:00" testType="13cdc9d9-ddb5-4fa4-a97d-d965ccfc6d4b" outcome="Passed" testListId="8c84fa94-04c1-424b-9868-57a2d4851a1d" relativeResultsDirectory="134945dd-f752-4888-aec7-1ed42a7babd2" />
    <UnitTestResult executionId="235f08d0-bcdd-4391-b0f2-ae8589283f60" testId="5c2937ae-9550-9d77-dc20-f03a3cd71275" testName="Sharpy.Core.Tests.Str_Tests.Gt_ComparesLexicographically" computerName="mac" duration="00:00:00.0000520" startTime="2026-01-11T22:07:47.1290350-05:00" endTime="2026-01-11T22:07:47.1291030-05:00" testType="13cdc9d9-ddb5-4fa4-a97d-d965ccfc6d4b" outcome="Passed" testListId="8c84fa94-04c1-424b-9868-57a2d4851a1d" relativeResultsDirectory="235f08d0-bcdd-4391-b0f2-ae8589283f60" />
    <UnitTestResult executionId="357a303d-d8bf-40d3-a0f5-2c831f45fbaa" testId="8e9629a9-3558-cc4e-2a43-bd22465c8822" testName="Sharpy.Core.Tests.List_Tests.List_Pop_Negative" computerName="mac" duration="00:00:00.0000511" startTime="2026-01-11T22:07:47.1571460-05:00" endTime="2026-01-11T22:07:47.1571600-05:00" testType="13cdc9d9-ddb5-4fa4-a97d-d965ccfc6d4b" outcome="Passed" testListId="8c84fa94-04c1-424b-9868-57a2d4851a1d" relativeResultsDirectory="357a303d-d8bf-40d3-a0f5-2c831f45fbaa" />
    <UnitTestResult executionId="e23dae82-5054-4f71-83b2-1564c3537e06" testId="240d9f79-caa1-470f-ec89-c3f3dc2e2e13" testName="Sharpy.Core.Tests.Sorted_Tests.Sorted_WithReverseTrue_ReturnsSortedDescending" computerName="mac" duration="00:00:00.0003424" startTime="2026-01-11T22:07:47.1015290-05:00" endTime="2026-01-11T22:07:47.1026030-05:00" testType="13cdc9d9-ddb5-4fa4-a97d-d965ccfc6d4b" outcome="Passed" testListId="8c84fa94-04c1-424b-9868-57a2d4851a1d" relativeResultsDirectory="e23dae82-5054-4f71-83b2-1564c3537e06" />
    <UnitTestResult executionId="02e8ca53-e0ba-40dc-b708-addbb5853b1a" testId="2679b192-096d-a1c0-c711-a07938955e01" testName="Sharpy.Core.Tests.Dict_Tests.Update_WithNullMapping_ThrowsArgumentNullException" computerName="mac" duration="00:00:00.0009010" startTime="2026-01-11T22:07:47.1163730-05:00" endTime="2026-01-11T22:07:47.1177350-05:00" testType="13cdc9d9-ddb5-4fa4-a97d-d965ccfc6d4b" outcome="Passed" testListId="8c84fa94-04c1-424b-9868-57a2d4851a1d" relativeResultsDirectory="02e8ca53-e0ba-40dc-b708-addbb5853b1a" />
    <UnitTestResult executionId="8bddaa54-c780-4330-90b9-e6a2d02e2e41" testId="9f73d953-8d41-79a4-a9d5-f4e0d4e3d7ea" testName="Sharpy.Core.Tests.List_Tests.List_Multiplication_Assignment_Operator_One" computerName="mac" duration="00:00:00.0000733" startTime="2026-01-11T22:07:47.1604210-05:00" endTime="2026-01-11T22:07:47.1604860-05:00" testType="13cdc9d9-ddb5-4fa4-a97d-d965ccfc6d4b" outcome="Passed" testListId="8c84fa94-04c1-424b-9868-57a2d4851a1d" relativeResultsDirectory="8bddaa54-c780-4330-90b9-e6a2d02e2e41" />
    <UnitTestResult executionId="17010a9a-9790-4d06-a497-46b61a601035" testId="655cdc58-7542-2c45-fa13-ee1e15c7b46e" testName="Sharpy.Core.Tests.Set_Tests.Set_Difference_Right_Empty" computerName="mac" duration="00:00:00.0000904" startTime="2026-01-11T22:07:47.1311170-05:00" endTime="2026-01-11T22:07:47.1316090-05:00" testType="13cdc9d9-ddb5-4fa4-a97d-d965ccfc6d4b" outcome="Passed" testListId="8c84fa94-04c1-424b-9868-57a2d4851a1d" relativeResultsDirectory="17010a9a-9790-4d06-a497-46b61a601035" />
    <UnitTestResult executionId="770d1598-f6e7-4d52-bd94-5354e6b52162" testId="e18cb4cd-e43d-6848-334a-ba0e83397d80" testName="Sharpy.Core.Tests.IteratorInteropTests.SharpyDict_LinqSelect_OnKeys_Works" computerName="mac" duration="00:00:00.0353858" startTime="2026-01-11T22:07:47.0828180-05:00" endTime="2026-01-11T22:07:47.1446080-05:00" testType="13cdc9d9-ddb5-4fa4-a97d-d965ccfc6d4b" outcome="Passed" testListId="8c84fa94-04c1-424b-9868-57a2d4851a1d" relativeResultsDirectory="770d1598-f6e7-4d52-bd94-5354e6b52162" />
    <UnitTestResult executionId="954132a5-0681-49f7-b7f9-ef8dbdc01967" testId="66310939-f42d-8e77-19a2-82997d84d11f" testName="Sharpy.Core.Tests.Enumerate_Tests.Enumerate_NullIterable_ThrowsTypeError" computerName="mac" duration="00:00:00.0009299" startTime="2026-01-11T22:07:47.1130600-05:00" endTime="2026-01-11T22:07:47.1157880-05:00" testType="13cdc9d9-ddb5-4fa4-a97d-d965ccfc6d4b" outcome="Passed" testListId="8c84fa94-04c1-424b-9868-57a2d4851a1d" relativeResultsDirectory="954132a5-0681-49f7-b7f9-ef8dbdc01967" />
    <UnitTestResult executionId="32da6d22-1ffb-4123-8b1b-072dec0fc545" testId="2678ac7d-a8d8-b6f3-c90e-b7cc0c54de52" testName="Sharpy.Core.Tests.Dict_Tests.Copy_ModifyingOriginal_DoesNotAffectCopy" computerName="mac" duration="00:00:00.0008923" startTime="2026-01-11T22:07:47.1179490-05:00" endTime="2026-01-11T22:07:47.1195140-05:00" testType="13cdc9d9-ddb5-4fa4-a97d-d965ccfc6d4b" outcome="Passed" testListId="8c84fa94-04c1-424b-9868-57a2d4851a1d" relativeResultsDirectory="32da6d22-1ffb-4123-8b1b-072dec0fc545" />
    <UnitTestResult executionId="30733124-0a64-43b4-866b-c7778dd5328a" testId="a467ca06-4a44-eeff-792d-9736afe7444a" testName="Sharpy.Core.Tests.ListTests+Comparison.GreaterThan_OtherIsPrefixOfThis_ReturnsTrue" computerName="mac" duration="00:00:00.0000521" startTime="2026-01-11T22:07:47.1037610-05:00" endTime="2026-01-11T22:07:47.1037990-05:00" testType="13cdc9d9-ddb5-4fa4-a97d-d965ccfc6d4b" outcome="Passed" testListId="8c84fa94-04c1-424b-9868-57a2d4851a1d" relativeResultsDirectory="30733124-0a64-43b4-866b-c7778dd5328a" />
    <UnitTestResult executionId="1eb927ec-47f8-4665-bb2c-c7684702a778" testId="746c0fe4-acb8-264c-e134-aab838c90307" testName="Sharpy.Core.Tests.Set_Tests.Set_Union_EmptyWithNonEmpty_ReturnsSecondSet" computerName="mac" duration="00:00:00.0000906" startTime="2026-01-11T22:07:47.1441150-05:00" endTime="2026-01-11T22:07:47.1441810-05:00" testType="13cdc9d9-ddb5-4fa4-a97d-d965ccfc6d4b" outcome="Passed" testListId="8c84fa94-04c1-424b-9868-57a2d4851a1d" relativeResultsDirectory="1eb927ec-47f8-4665-bb2c-c7684702a778" />
    <UnitTestResult executionId="e3c844f5-7993-4460-80f4-cf3656f7f2bc" testId="516d40ec-f26d-52d8-45e1-38580f92013f" testName="Sharpy.Core.Tests.DoubleConversionTests.Double_FromString_WithWhitespace_ReturnsDouble" computerName="mac" duration="00:00:00.0000839" startTime="2026-01-11T22:07:47.1115980-05:00" endTime="2026-01-11T22:07:47.1116130-05:00" testType="13cdc9d9-ddb5-4fa4-a97d-d965ccfc6d4b" outcome="Passed" testListId="8c84fa94-04c1-424b-9868-57a2d4851a1d" relativeResultsDirectory="e3c844f5-7993-4460-80f4-cf3656f7f2bc" />
    <UnitTestResult executionId="5114c219-3663-413e-93b3-1e40b65e9f63" testId="fa41bb25-0e87-56e9-2fdb-e39856a092fe" testName="Sharpy.Core.Tests.Format_Tests.Format_SimpleString_ReturnsString" computerName="mac" duration="00:00:00.0000355" startTime="2026-01-11T22:07:47.1325720-05:00" endTime="2026-01-11T22:07:47.1325910-05:00" testType="13cdc9d9-ddb5-4fa4-a97d-d965ccfc6d4b" outcome="Passed" testListId="8c84fa94-04c1-424b-9868-57a2d4851a1d" relativeResultsDirectory="5114c219-3663-413e-93b3-1e40b65e9f63" />
    <UnitTestResult executionId="7862cc1a-8e19-4b5d-8489-18cbe8e7ce83" testId="4e3c0def-ca3a-7ae8-784d-d3b142815645" testName="Sharpy.Core.Tests.TupleConversionTests.Tuple_FromIterable_WrongCountThreeElements_ThrowsValueError" computerName="mac" duration="00:00:00.0001390" startTime="2026-01-11T22:07:47.1233760-05:00" endTime="2026-01-11T22:07:47.1233940-05:00" testType="13cdc9d9-ddb5-4fa4-a97d-d965ccfc6d4b" outcome="Passed" testListId="8c84fa94-04c1-424b-9868-57a2d4851a1d" relativeResultsDirectory="7862cc1a-8e19-4b5d-8489-18cbe8e7ce83" />
    <UnitTestResult executionId="4a33c938-6283-4b6b-83df-d21a509f2117" testId="b19ff27f-f813-d10b-6d05-a5c9f8a10142" testName="Sharpy.Core.Tests.IteratorInteropTests.SharpyIterable_Select_Works" computerName="mac" duration="00:00:00.0003029" startTime="2026-01-11T22:07:47.1593320-05:00" endTime="2026-01-11T22:07:47.1595190-05:00" testType="13cdc9d9-ddb5-4fa4-a97d-d965ccfc6d4b" outcome="Passed" testListId="8c84fa94-04c1-424b-9868-57a2d4851a1d" relativeResultsDirectory="4a33c938-6283-4b6b-83df-d21a509f2117" />
    <UnitTestResult executionId="a0a468f3-e77e-4d9c-a7ce-4494c3b425b1" testId="28a073ec-53f0-e18f-92db-ef765af0d6a7" testName="Sharpy.Core.Tests.StrMethods_Tests.RFind_WithNotFoundSubstring_ReturnsMinusOne" computerName="mac" duration="00:00:00.0000462" startTime="2026-01-11T22:07:47.1465920-05:00" endTime="2026-01-11T22:07:47.1466070-05:00" testType="13cdc9d9-ddb5-4fa4-a97d-d965ccfc6d4b" outcome="Passed" testListId="8c84fa94-04c1-424b-9868-57a2d4851a1d" relativeResultsDirectory="a0a468f3-e77e-4d9c-a7ce-4494c3b425b1" />
    <UnitTestResult executionId="7accb231-f6be-48d8-accd-6ea8d41b69a5" testId="6ffc3712-da06-e1c6-fe91-54da4f391099" testName="Sharpy.Core.Tests.IteratorInteropTests.Next_ExhaustedIterator_ThrowsStopIteration" computerName="mac" duration="00:00:00.0001140" startTime="2026-01-11T22:07:47.1465270-05:00" endTime="2026-01-11T22:07:47.1467100-05:00" testType="13cdc9d9-ddb5-4fa4-a97d-d965ccfc6d4b" outcome="Passed" testListId="8c84fa94-04c1-424b-9868-57a2d4851a1d" relativeResultsDirectory="7accb231-f6be-48d8-accd-6ea8d41b69a5" />
    <UnitTestResult executionId="4e4bf7ce-c2e1-4577-a38d-fc82c536b5f1" testId="640fa00e-05c2-4325-60d0-67838d316a64" testName="Sharpy.Core.Tests.Str_Tests.Replace_WithCount_ReplacesLimitedOccurrences" computerName="mac" duration="00:00:00.0001537" startTime="2026-01-11T22:07:47.1349540-05:00" endTime="2026-01-11T22:07:47.1351910-05:00" testType="13cdc9d9-ddb5-4fa4-a97d-d965ccfc6d4b" outcome="Passed" testListId="8c84fa94-04c1-424b-9868-57a2d4851a1d" relativeResultsDirectory="4e4bf7ce-c2e1-4577-a38d-fc82c536b5f1" />
    <UnitTestResult executionId="5c3f6b58-2a91-4f8c-ae95-0f96f177c6e2" testId="63fd5e80-e1f2-7c2b-3f39-3af7adf1b6f8" testName="Sharpy.Core.Tests.List_Tests.List_Multiplication_Assignment_Operator_Zero" computerName="mac" duration="00:00:00.0000371" startTime="2026-01-11T22:07:47.1588510-05:00" endTime="2026-01-11T22:07:47.1588650-05:00" testType="13cdc9d9-ddb5-4fa4-a97d-d965ccfc6d4b" outcome="Passed" testListId="8c84fa94-04c1-424b-9868-57a2d4851a1d" relativeResultsDirectory="5c3f6b58-2a91-4f8c-ae95-0f96f177c6e2" />
    <UnitTestResult executionId="6f9a3a71-492d-4924-83c1-970f60629fb7" testId="1f760eff-e24e-4fd3-c2fb-d4516f476f8c" testName="Sharpy.Core.Tests.Set_Tests.Set_IsSuperset_NotSuperset_ReturnsFalse" computerName="mac" duration="00:00:00.0000558" startTime="2026-01-11T22:07:47.1483540-05:00" endTime="2026-01-11T22:07:47.1483690-05:00" testType="13cdc9d9-ddb5-4fa4-a97d-d965ccfc6d4b" outcome="Passed" testListId="8c84fa94-04c1-424b-9868-57a2d4851a1d" relativeResultsDirectory="6f9a3a71-492d-4924-83c1-970f60629fb7" />
    <UnitTestResult executionId="b03f78d1-4438-4e7b-9f4f-528edfaf718f" testId="88cc37ae-7cab-556f-7178-b0386e3ac837" testName="Sharpy.Core.Tests.List_Tests.List_Dunder_Slice_Negative_Step" computerName="mac" duration="00:00:00.0000503" startTime="2026-01-11T22:07:47.1570450-05:00" endTime="2026-01-11T22:07:47.1570590-05:00" testType="13cdc9d9-ddb5-4fa4-a97d-d965ccfc6d4b" outcome="Passed" testListId="8c84fa94-04c1-424b-9868-57a2d4851a1d" relativeResultsDirectory="b03f78d1-4438-4e7b-9f4f-528edfaf718f" />
    <UnitTestResult executionId="54591fe7-1c4c-456c-867d-7165cf6422f1" testId="8521b1b5-4565-b382-a428-06ea7ec0d39f" testName="Sharpy.Core.Tests.DictViews_Tests.Values_ReflectsChangesToDict" computerName="mac" duration="00:00:00.0042312" startTime="2026-01-11T22:07:47.1100260-05:00" endTime="2026-01-11T22:07:47.1128350-05:00" testType="13cdc9d9-ddb5-4fa4-a97d-d965ccfc6d4b" outcome="Passed" testListId="8c84fa94-04c1-424b-9868-57a2d4851a1d" relativeResultsDirectory="54591fe7-1c4c-456c-867d-7165cf6422f1" />
    <UnitTestResult executionId="33f2f286-005d-4e66-8878-206d77018c52" testId="ee530dc8-ddf2-c8ba-5acf-f688a6c4fc3f" testName="Sharpy.Core.Tests.List_Tests.List_Dunder_Replace_Slice_Same_Start_And_End_More_New_Elems" computerName="mac" duration="00:00:00.0000922" startTime="2026-01-11T22:07:47.1650710-05:00" endTime="2026-01-11T22:07:47.1650860-05:00" testType="13cdc9d9-ddb5-4fa4-a97d-d965ccfc6d4b" outcome="Passed" testListId="8c84fa94-04c1-424b-9868-57a2d4851a1d" relativeResultsDirectory="33f2f286-005d-4e66-8878-206d77018c52" />
    <UnitTestResult executionId="2a07aac0-e71d-41de-ba7f-bdcbc7206739" testId="203187f8-8acc-7cb2-efe5-795f2110901d" testName="Sharpy.Core.Tests.Set_Tests.Set_Inequality_Null" computerName="mac" duration="00:00:00.0004091" startTime="2026-01-11T22:07:47.1201230-05:00" endTime="2026-01-11T22:07:47.1206270-05:00" testType="13cdc9d9-ddb5-4fa4-a97d-d965ccfc6d4b" outcome="Passed" testListId="8c84fa94-04c1-424b-9868-57a2d4851a1d" relativeResultsDirectory="2a07aac0-e71d-41de-ba7f-bdcbc7206739" />
    <UnitTestResult executionId="fd194d88-555d-48f7-a2cd-b2c979582b4c" testId="ce28f671-042c-a05f-f667-6602b54be3f2" testName="Sharpy.Core.Tests.Dict_Tests.Contains_ReturnsTrueForExistingKey" computerName="mac" duration="00:00:00.0000466" startTime="2026-01-11T22:07:47.1430620-05:00" endTime="2026-01-11T22:07:47.1431260-05:00" testType="13cdc9d9-ddb5-4fa4-a97d-d965ccfc6d4b" outcome="Passed" testListId="8c84fa94-04c1-424b-9868-57a2d4851a1d" relativeResultsDirectory="fd194d88-555d-48f7-a2cd-b2c979582b4c" />
    <UnitTestResult executionId="366d8981-5de2-45a6-b9fd-01d192e8e3e8" testId="3b26c8fa-9be2-25fe-70dc-2fed9dfb2776" testName="Sharpy.Core.Tests.Filter_Tests.Filter_NullIterable_ThrowsTypeError" computerName="mac" duration="00:00:00.0002859" startTime="2026-01-11T22:07:47.1158810-05:00" endTime="2026-01-11T22:07:47.1163890-05:00" testType="13cdc9d9-ddb5-4fa4-a97d-d965ccfc6d4b" outcome="Passed" testListId="8c84fa94-04c1-424b-9868-57a2d4851a1d" relativeResultsDirectory="366d8981-5de2-45a6-b9fd-01d192e8e3e8" />
    <UnitTestResult executionId="56b56379-78a2-483c-a847-84d0cd9fdd67" testId="6fb1e60e-7edf-08ba-6878-2a72f611b822" testName="Sharpy.Core.Tests.Str_Tests.EndsWith_WithEndParameter" computerName="mac" duration="00:00:00.0000402" startTime="2026-01-11T22:07:47.1311660-05:00" endTime="2026-01-11T22:07:47.1314580-05:00" testType="13cdc9d9-ddb5-4fa4-a97d-d965ccfc6d4b" outcome="Passed" testListId="8c84fa94-04c1-424b-9868-57a2d4851a1d" relativeResultsDirectory="56b56379-78a2-483c-a847-84d0cd9fdd67" />
    <UnitTestResult executionId="25c7715a-2652-463c-836b-ee03d8fb3377" testId="41a9755e-3cf8-6a42-c36c-860fa41c5a1b" testName="Sharpy.Core.Tests.Set_Tests.Set_Inequality_Same_Object" computerName="mac" duration="00:00:00.0000993" startTime="2026-01-11T22:07:47.1472320-05:00" endTime="2026-01-11T22:07:47.1472960-05:00" testType="13cdc9d9-ddb5-4fa4-a97d-d965ccfc6d4b" outcome="Passed" testListId="8c84fa94-04c1-424b-9868-57a2d4851a1d" relativeResultsDirectory="25c7715a-2652-463c-836b-ee03d8fb3377" />
    <UnitTestResult executionId="af295897-df01-4b92-9e7e-23ee79cc3b65" testId="2d218c2a-c19d-4252-69fc-e291b6628668" testName="Sharpy.Core.Tests.IteratorInteropTests.Iter_SharpyIterable_ReturnsSameIterator" computerName="mac" duration="00:00:00.0001222" startTime="2026-01-11T22:07:47.1634650-05:00" endTime="2026-01-11T22:07:47.1635810-05:00" testType="13cdc9d9-ddb5-4fa4-a97d-d965ccfc6d4b" outcome="Passed" testListId="8c84fa94-04c1-424b-9868-57a2d4851a1d" relativeResultsDirectory="af295897-df01-4b92-9e7e-23ee79cc3b65" />
    <UnitTestResult executionId="0d3967ba-917a-4dd4-8693-437c9e0828b0" testId="d9d6ada9-7061-b9a2-40ac-cdc5533b490e" testName="Sharpy.Core.Tests.List_Tests.List_DotNet_Remove_Present_Once" computerName="mac" duration="00:00:00.0000512" startTime="2026-01-11T22:07:47.1677540-05:00" endTime="2026-01-11T22:07:47.1677680-05:00" testType="13cdc9d9-ddb5-4fa4-a97d-d965ccfc6d4b" outcome="Passed" testListId="8c84fa94-04c1-424b-9868-57a2d4851a1d" relativeResultsDirectory="0d3967ba-917a-4dd4-8693-437c9e0828b0" />
    <UnitTestResult executionId="8ce3f92c-c6d5-4cba-9464-1f0e10b6cb96" testId="64b9f5fb-bbf8-d668-28cd-78c1d231d9b8" testName="Sharpy.Core.Tests.IteratorInteropTests.SharpyIterable_Take_Works" computerName="mac" duration="00:00:00.0006133" startTime="2026-01-11T22:07:47.1509920-05:00" endTime="2026-01-11T22:07:47.1518990-05:00" testType="13cdc9d9-ddb5-4fa4-a97d-d965ccfc6d4b" outcome="Passed" testListId="8c84fa94-04c1-424b-9868-57a2d4851a1d" relativeResultsDirectory="8ce3f92c-c6d5-4cba-9464-1f0e10b6cb96" />
    <UnitTestResult executionId="f8e4525c-cb5f-4946-b1f5-5c43de3c6ac8" testId="c0456046-2b47-f88d-35bd-c4d6cf3f1c94" testName="Sharpy.Core.Tests.Str_Tests.CaseFold_LowersCaseInsensitive" computerName="mac" duration="00:00:00.0000617" startTime="2026-01-11T22:07:47.1370050-05:00" endTime="2026-01-11T22:07:47.1372620-05:00" testType="13cdc9d9-ddb5-4fa4-a97d-d965ccfc6d4b" outcome="Passed" testListId="8c84fa94-04c1-424b-9868-57a2d4851a1d" relativeResultsDirectory="f8e4525c-cb5f-4946-b1f5-5c43de3c6ac8" />
    <UnitTestResult executionId="c12265dd-4f46-46d5-9a75-e3dcedd88dbb" testId="bdaf322f-88a4-7bf6-2531-d878cbee6732" testName="Sharpy.Core.Tests.ListTests+Comparison.LessThan_EmptyVsNonEmpty_ReturnsTrue" computerName="mac" duration="00:00:00.0000301" startTime="2026-01-11T22:07:47.1025310-05:00" endTime="2026-01-11T22:07:47.1025470-05:00" testType="13cdc9d9-ddb5-4fa4-a97d-d965ccfc6d4b" outcome="Passed" testListId="8c84fa94-04c1-424b-9868-57a2d4851a1d" relativeResultsDirectory="c12265dd-4f46-46d5-9a75-e3dcedd88dbb" />
    <UnitTestResult executionId="c3b61e53-8986-4c85-9962-970d47a0e32a" testId="001977a2-e155-aeb3-84f4-b2fe5edea280" testName="Sharpy.Core.Tests.List_Tests.List_DotNet_Remove_Present_Once_Object_Equal" computerName="mac" duration="00:00:00.0001016" startTime="2026-01-11T22:07:47.1622640-05:00" endTime="2026-01-11T22:07:47.1623270-05:00" testType="13cdc9d9-ddb5-4fa4-a97d-d965ccfc6d4b" outcome="Passed" testListId="8c84fa94-04c1-424b-9868-57a2d4851a1d" relativeResultsDirectory="c3b61e53-8986-4c85-9962-970d47a0e32a" />
    <UnitTestResult executionId="1cd7e6dd-9cc6-45d8-9acf-dd5a90896314" testId="f4f42564-7dcd-e965-0d33-4d84a301b366" testName="Sharpy.Core.Tests.List_Tests.List_Empty_Initializer_List" computerName="mac" duration="00:00:00.0000666" startTime="2026-01-11T22:07:47.1601000-05:00" endTime="2026-01-11T22:07:47.1601140-05:00" testType="13cdc9d9-ddb5-4fa4-a97d-d965ccfc6d4b" outcome="Passed" testListId="8c84fa94-04c1-424b-9868-57a2d4851a1d" relativeResultsDirectory="1cd7e6dd-9cc6-45d8-9acf-dd5a90896314" />
    <UnitTestResult executionId="1eba3f3e-9bea-4754-90d4-ac834d277e29" testId="e0681252-1c7b-38b5-44e6-851540700dcb" testName="Sharpy.Core.Tests.List_Tests.List_Multiplication_Operator_One" computerName="mac" duration="00:00:00.0001239" startTime="2026-01-11T22:07:47.1460110-05:00" endTime="2026-01-11T22:07:47.1461300-05:00" testType="13cdc9d9-ddb5-4fa4-a97d-d965ccfc6d4b" outcome="Passed" testListId="8c84fa94-04c1-424b-9868-57a2d4851a1d" relativeResultsDirectory="1eba3f3e-9bea-4754-90d4-ac834d277e29" />
    <UnitTestResult executionId="f5a45e41-e6ee-4cd7-a531-45f388493090" testId="45f88028-154b-b329-09c5-a46171dcb889" testName="Sharpy.Core.Tests.List_Tests.List_Sort_Empty_With_Key" computerName="mac" duration="00:00:00.0000562" startTime="2026-01-11T22:07:47.1644990-05:00" endTime="2026-01-11T22:07:47.1645130-05:00" testType="13cdc9d9-ddb5-4fa4-a97d-d965ccfc6d4b" outcome="Passed" testListId="8c84fa94-04c1-424b-9868-57a2d4851a1d" relativeResultsDirectory="f5a45e41-e6ee-4cd7-a531-45f388493090" />
[...]
    <TestEntry testId="6c240ecf-f5ee-225f-5fa9-1fdae51e9f73" executionId="1b9624c0-497e-48eb-ad54-918e4a65f922" testListId="8c84fa94-04c1-424b-9868-57a2d4851a1d" />
    <TestEntry testId="724d20b5-5baf-3230-6226-791a98c8f221" executionId="4bfd059a-fe17-42b4-bef0-e4d32bf6e712" testListId="8c84fa94-04c1-424b-9868-57a2d4851a1d" />
    <TestEntry testId="9f9e2e7d-f854-a7f0-fa13-252a922a3a99" executionId="f15a9402-0b3b-4ae1-8916-0b591ea65db6" testListId="8c84fa94-04c1-424b-9868-57a2d4851a1d" />
    <TestEntry testId="c3a3ec47-e18b-5645-496b-68b851318f56" executionId="a4af1e15-bce3-411c-900f-80b255af426b" testListId="8c84fa94-04c1-424b-9868-57a2d4851a1d" />
    <TestEntry testId="258d12f4-1d6c-fe6d-db14-5e02bf9cdc52" executionId="65a386a8-af12-47b6-822e-909e46c19831" testListId="8c84fa94-04c1-424b-9868-57a2d4851a1d" />
    <TestEntry testId="3439234c-c1d2-6ebf-9373-f59f784248b6" executionId="12e7eb99-b81f-4467-aedf-7c0fae75a04f" testListId="8c84fa94-04c1-424b-9868-57a2d4851a1d" />
    <TestEntry testId="7c0f63bf-20f3-bbed-e080-a0fadebd7481" executionId="eadcab5c-1316-4bd1-b708-98ae9b18000e" testListId="8c84fa94-04c1-424b-9868-57a2d4851a1d" />
    <TestEntry testId="135046d6-79b3-f5ae-10ac-7a25ad86d077" executionId="b0ba3f96-05a8-4f2d-be75-95f86c67fc7c" testListId="8c84fa94-04c1-424b-9868-57a2d4851a1d" />
    <TestEntry testId="b8f52f9e-668b-4f6a-7fdf-ced1c402a777" executionId="4c0ad8b7-b55d-49a7-a2f4-1b1411fd73f4" testListId="8c84fa94-04c1-424b-9868-57a2d4851a1d" />
    <TestEntry testId="514493be-d522-024c-f2cd-bc768bac49c9" executionId="612e105e-28a0-4385-9e7c-1cbe83cfa04a" testListId="8c84fa94-04c1-424b-9868-57a2d4851a1d" />
    <TestEntry testId="99ceee1f-3dfe-d839-c945-3e07fae9f062" executionId="476582c3-07b3-4ce7-83d0-7993df0de339" testListId="8c84fa94-04c1-424b-9868-57a2d4851a1d" />
    <TestEntry testId="4ade44cd-d5b1-880c-06ec-a4447ba00586" executionId="1571d37c-1469-4b5f-b0a2-6072957365ca" testListId="8c84fa94-04c1-424b-9868-57a2d4851a1d" />
    <TestEntry testId="57c70d3e-7c81-ddf6-0837-33a1d385a8bd" executionId="a63f759b-ea7a-4b17-9390-7e4faf5174cd" testListId="8c84fa94-04c1-424b-9868-57a2d4851a1d" />
    <TestEntry testId="99149fae-7ed8-cee6-1af3-d8fe7746ef36" executionId="c713a871-4b20-4a7d-9887-1447469fe0c2" testListId="8c84fa94-04c1-424b-9868-57a2d4851a1d" />
    <TestEntry testId="d22640e4-8b1c-b339-d9f9-e1772b5c6656" executionId="57a01246-3522-4117-9277-f1594496230c" testListId="8c84fa94-04c1-424b-9868-57a2d4851a1d" />
    <TestEntry testId="83c8d725-eff4-3278-0d6f-6c5e2907e9ac" executionId="02214a3f-b9d6-46fa-b431-d480b52cfea7" testListId="8c84fa94-04c1-424b-9868-57a2d4851a1d" />
    <TestEntry testId="150200c1-abce-5e8b-8429-b39c7470957d" executionId="99fcbb44-4feb-40f5-9a4d-bf0c9a12118d" testListId="8c84fa94-04c1-424b-9868-57a2d4851a1d" />
    <TestEntry testId="f14d815a-853a-2bcb-22cc-b3047aa92f28" executionId="7f0391dc-fa40-4891-a0c1-62a6ef824e15" testListId="8c84fa94-04c1-424b-9868-57a2d4851a1d" />
    <TestEntry testId="8212dd2e-ebf1-201c-8f8b-0b34240a2e9c" executionId="8f4b3dd0-8fe3-4030-b86a-baf54ea22cbc" testListId="8c84fa94-04c1-424b-9868-57a2d4851a1d" />
    <TestEntry testId="e01c831a-c91c-a782-1f8f-c4c1a86b0dcb" executionId="e4885448-f7fc-4912-9a26-1efa22e5917d" testListId="8c84fa94-04c1-424b-9868-57a2d4851a1d" />
    <TestEntry testId="d9443031-510c-292b-fede-383607e7f1d6" executionId="858d695c-e2c0-4fa3-b385-0060800f51cd" testListId="8c84fa94-04c1-424b-9868-57a2d4851a1d" />
    <TestEntry testId="2438f6bd-f9e3-dd68-2a12-2d44ab1ff858" executionId="09b0e8a2-9182-41cc-9d06-631c0f53eacf" testListId="8c84fa94-04c1-424b-9868-57a2d4851a1d" />
    <TestEntry testId="00889096-cb31-8942-54ab-127e4e0cf650" executionId="50101b44-5ca2-4213-9f09-5a2509019aa5" testListId="8c84fa94-04c1-424b-9868-57a2d4851a1d" />
    <TestEntry testId="d8b3b783-1208-f303-7c74-20556ed41c48" executionId="7d169999-e63a-4b83-b56e-4ab25b1dc3ae" testListId="8c84fa94-04c1-424b-9868-57a2d4851a1d" />
    <TestEntry testId="d800493d-e958-c3d6-51e6-1e7f74cabda5" executionId="19759ef7-8e36-4766-9463-d8601e8e9ab5" testListId="8c84fa94-04c1-424b-9868-57a2d4851a1d" />
    <TestEntry testId="c67b46ba-57f1-a41d-ec48-86d1e0c33f13" executionId="9dbd4500-09ae-4a12-9870-fa64a2f0a73c" testListId="8c84fa94-04c1-424b-9868-57a2d4851a1d" />
    <TestEntry testId="9ae1daad-54be-9289-5768-d72b0471097b" executionId="5b51e96f-8e96-4727-be24-36b4e1505cbd" testListId="8c84fa94-04c1-424b-9868-57a2d4851a1d" />
    <TestEntry testId="16995c1d-c9ab-1c58-5c62-ab5cc5de7c22" executionId="1f8d304c-2286-4abc-a287-f9d11b325856" testListId="8c84fa94-04c1-424b-9868-57a2d4851a1d" />
    <TestEntry testId="f573f2c4-ae67-9c0e-8c1b-bd09ca773133" executionId="ee46ba62-3657-4b48-aef8-eeaf00e865e7" testListId="8c84fa94-04c1-424b-9868-57a2d4851a1d" />
    <TestEntry testId="a283ee48-649f-3e85-350f-a72cd7229df6" executionId="c5fc1e77-1098-4fe3-9cf8-64db5f26af4f" testListId="8c84fa94-04c1-424b-9868-57a2d4851a1d" />
    <TestEntry testId="8ef19c17-dc32-333a-6de6-efad9734c638" executionId="1a5b6bd3-7c1b-468d-87f7-12b93cb88e22" testListId="8c84fa94-04c1-424b-9868-57a2d4851a1d" />
    <TestEntry testId="6b78e3b6-4e41-30b8-bd7d-986d6a93b9bd" executionId="a7693d4b-6947-42c8-9f44-985d2a6ed8c3" testListId="8c84fa94-04c1-424b-9868-57a2d4851a1d" />
    <TestEntry testId="354ee2d3-5077-6ab3-0677-ce3c94634ac2" executionId="5a70b09e-088f-4a69-8298-30e9eac2962a" testListId="8c84fa94-04c1-424b-9868-57a2d4851a1d" />
    <TestEntry testId="11653332-8c9c-8368-a3ae-26716d4a7479" executionId="2d324b49-da55-4b34-b084-4c8779dc6cec" testListId="8c84fa94-04c1-424b-9868-57a2d4851a1d" />
    <TestEntry testId="8967572f-6a07-1236-8aae-5b4bbdbc66aa" executionId="552d0c8c-993d-4671-bcb0-542974660911" testListId="8c84fa94-04c1-424b-9868-57a2d4851a1d" />
    <TestEntry testId="d887d914-c90a-c3dd-7a0d-65dddb1c854c" executionId="43094187-041b-45cf-87a2-382e7ba0de22" testListId="8c84fa94-04c1-424b-9868-57a2d4851a1d" />
    <TestEntry testId="837f240b-2188-16b1-ef90-f1eaba2b8329" executionId="5d5e5a15-d6f2-4441-90c8-699c645ca20a" testListId="8c84fa94-04c1-424b-9868-57a2d4851a1d" />
    <TestEntry testId="14d48e2e-2c73-d4e7-583e-ac0d243df2ea" executionId="9d611dd5-e977-4f42-acba-d6c10913fd1f" testListId="8c84fa94-04c1-424b-9868-57a2d4851a1d" />
    <TestEntry testId="225a3257-e97a-493f-4e3e-5b1838139182" executionId="3513197d-41a7-40ee-99f7-dd62401d7ce9" testListId="8c84fa94-04c1-424b-9868-57a2d4851a1d" />
    <TestEntry testId="87d487e4-1d60-262a-badd-957d4ae872c1" executionId="234d1cee-f5bd-4d55-9c29-da06d5fd5a40" testListId="8c84fa94-04c1-424b-9868-57a2d4851a1d" />
    <TestEntry testId="398304ab-5629-33b8-6856-bf0e00a3cacd" executionId="344e10ae-e643-4ad4-a3a6-4ae873794101" testListId="8c84fa94-04c1-424b-9868-57a2d4851a1d" />
    <TestEntry testId="1d58e339-c1d4-1cd7-323b-26432bd751f2" executionId="4ca80348-d029-4cce-95f9-ef851fe34c23" testListId="8c84fa94-04c1-424b-9868-57a2d4851a1d" />
    <TestEntry testId="eb563784-d245-af9b-4779-e196a9437b0a" executionId="ef983c7e-f8a9-4b92-9f47-bc674d3c5c61" testListId="8c84fa94-04c1-424b-9868-57a2d4851a1d" />
    <TestEntry testId="34d243c6-cc88-f3de-82b6-9dda1eb3a341" executionId="1fe160bb-0a2d-42a4-9d5b-dbc235b04aff" testListId="8c84fa94-04c1-424b-9868-57a2d4851a1d" />
    <TestEntry testId="9aeba580-b415-ec01-27dc-fbcb648201e3" executionId="ed69975d-9420-4f5a-9053-719bb46dd677" testListId="8c84fa94-04c1-424b-9868-57a2d4851a1d" />
    <TestEntry testId="6d92a1fa-cad3-5841-366e-41c5e4b434d1" executionId="8e00b1d4-dc0d-4cc9-accd-b5549a774261" testListId="8c84fa94-04c1-424b-9868-57a2d4851a1d" />
    <TestEntry testId="dbb6f0ca-b7c0-4ce1-967a-08e40793ad30" executionId="2936d62b-a9c2-4e9c-bc48-d4eefbaad2c4" testListId="8c84fa94-04c1-424b-9868-57a2d4851a1d" />
    <TestEntry testId="7af5d7aa-f3e1-9f33-558d-48d319298aeb" executionId="8405021f-f7b3-466f-9a00-98a703e0f53b" testListId="8c84fa94-04c1-424b-9868-57a2d4851a1d" />
    <TestEntry testId="6bbe5108-2396-9b9c-967b-3682dcf6cdd1" executionId="72b4f73e-7b34-4b15-aaaa-5f5c916d052b" testListId="8c84fa94-04c1-424b-9868-57a2d4851a1d" />
    <TestEntry testId="e86eb9c1-a6b6-1c04-7473-16896dbf3c99" executionId="9cc93dfc-1f9e-45a2-b6f1-ec9f003dc178" testListId="8c84fa94-04c1-424b-9868-57a2d4851a1d" />
    <TestEntry testId="7b6703d2-0ca1-06bf-c3b5-b0097c2c3a80" executionId="ca5f446c-c8ba-4cda-9167-94d090018f6a" testListId="8c84fa94-04c1-424b-9868-57a2d4851a1d" />
    <TestEntry testId="8677a202-6485-3f2b-4ef3-f95a2dc75f3a" executionId="6eb23d68-6a90-4810-9d2e-9a8157e7d006" testListId="8c84fa94-04c1-424b-9868-57a2d4851a1d" />
    <TestEntry testId="e3d4c5e6-e01a-06d3-1505-ba84f8f4095f" executionId="b771f7a6-5bfb-4c8b-b358-b48429c83f3b" testListId="8c84fa94-04c1-424b-9868-57a2d4851a1d" />
    <TestEntry testId="24dad697-fa56-556b-ddb4-c6013f8f30a6" executionId="4b1d5b11-9c3f-49a9-9cc9-637126536a7a" testListId="8c84fa94-04c1-424b-9868-57a2d4851a1d" />
    <TestEntry testId="8ff87c71-3a5f-49dd-3e09-fc67973e6840" executionId="3eec1e9e-ceb0-401b-989b-dbd3ca4222b6" testListId="8c84fa94-04c1-424b-9868-57a2d4851a1d" />
    <TestEntry testId="a3438310-dc36-bbf2-f61f-516ee2c4819c" executionId="7223622f-b4bd-4f04-8609-7b8277666d23" testListId="8c84fa94-04c1-424b-9868-57a2d4851a1d" />
    <TestEntry testId="e128132f-c196-f592-92bd-e100ea5a30da" executionId="ca0d9339-7e38-4d46-bc92-99c0e1ec14a4" testListId="8c84fa94-04c1-424b-9868-57a2d4851a1d" />
    <TestEntry testId="f62f8b1d-d6ad-f152-9297-62f9acc774a0" executionId="798f98ef-e973-44dd-a89a-642d54f306f6" testListId="8c84fa94-04c1-424b-9868-57a2d4851a1d" />
    <TestEntry testId="539b34ee-2170-25c3-f3c7-e5f9f11da12b" executionId="73fe7c3b-5ca1-4d98-be55-fd6744355e64" testListId="8c84fa94-04c1-424b-9868-57a2d4851a1d" />
    <TestEntry testId="c623079a-b45d-d2a2-ca33-1a69010b467e" executionId="b8ec58d4-8edf-4de4-a20c-1fb25d78e85b" testListId="8c84fa94-04c1-424b-9868-57a2d4851a1d" />
    <TestEntry testId="6ad9c520-8636-fc83-e525-ea21d32dcc5b" executionId="ff1302cd-778b-4065-9c7f-900be32b0e62" testListId="8c84fa94-04c1-424b-9868-57a2d4851a1d" />
    <TestEntry testId="ffdbf91d-2d35-41fc-883e-4bcf487e3fa7" executionId="d5888e55-ab0f-49ed-ad30-20ee2d37b8b2" testListId="8c84fa94-04c1-424b-9868-57a2d4851a1d" />
    <TestEntry testId="94c2f28d-f681-5457-abc9-7dfa721efbbf" executionId="b4852b9b-9563-4909-a9fd-8938a03ec325" testListId="8c84fa94-04c1-424b-9868-57a2d4851a1d" />
    <TestEntry testId="5f58bf0f-be6d-48cf-7dd0-64faa859f150" executionId="b9970661-922a-4025-9cae-676200a30dc1" testListId="8c84fa94-04c1-424b-9868-57a2d4851a1d" />
    <TestEntry testId="09d4098c-aa0a-04c8-513f-1fe25ab859b5" executionId="52eeafe8-6392-48ce-9db7-ceafd5adf0df" testListId="8c84fa94-04c1-424b-9868-57a2d4851a1d" />
    <TestEntry testId="a4dbdc5e-04b2-d68f-3081-fd97cb6e1fa7" executionId="63d91487-022e-4380-aea1-c6410e59cbad" testListId="8c84fa94-04c1-424b-9868-57a2d4851a1d" />
    <TestEntry testId="f8e31848-2a81-32b4-5b47-c6f778c0190b" executionId="2d3b036e-bec8-43fa-b590-9dd8088865da" testListId="8c84fa94-04c1-424b-9868-57a2d4851a1d" />
    <TestEntry testId="0746d52b-4062-68b4-2e0d-39f7a267160f" executionId="4bbb6c5c-be87-4b3d-aa31-437abcfb99bb" testListId="8c84fa94-04c1-424b-9868-57a2d4851a1d" />
    <TestEntry testId="375c40b2-0c1b-41b2-87cd-192d0066c090" executionId="f8b0e3dd-558d-4049-8d60-512df53ee90b" testListId="8c84fa94-04c1-424b-9868-57a2d4851a1d" />
    <TestEntry testId="37c4f289-9b39-dc86-5e4a-71468d35a002" executionId="ebfd63b1-9cdd-44a0-8d7f-f40e5dc7c3b1" testListId="8c84fa94-04c1-424b-9868-57a2d4851a1d" />
    <TestEntry testId="c48febe1-09a3-04c3-22f0-521869cb56c2" executionId="5f5a1b14-c2b0-4b79-b7d5-b9a2717d3040" testListId="8c84fa94-04c1-424b-9868-57a2d4851a1d" />
    <TestEntry testId="96ce2759-869c-b854-f6b0-01922c913a08" executionId="a6786caa-3ffd-4837-b3ef-595e738fe659" testListId="8c84fa94-04c1-424b-9868-57a2d4851a1d" />
    <TestEntry testId="78550660-7620-1821-e818-4f801461b9c9" executionId="bb3b9941-fb7c-415d-9a0d-7610c09c128d" testListId="8c84fa94-04c1-424b-9868-57a2d4851a1d" />
    <TestEntry testId="77e13293-445e-59ce-0a1d-0dbdc477ff51" executionId="acd47d0c-2422-4340-95f3-350b40e0bb27" testListId="8c84fa94-04c1-424b-9868-57a2d4851a1d" />
    <TestEntry testId="30578d16-ed6b-deec-e628-5bee5e3d35b1" executionId="a7ae86ba-5df7-48b5-a5c5-b1df35b4938c" testListId="8c84fa94-04c1-424b-9868-57a2d4851a1d" />
    <TestEntry testId="81399829-2518-5870-8189-34808b2368aa" executionId="e0e408c2-98b3-4469-986b-f18f4205e814" testListId="8c84fa94-04c1-424b-9868-57a2d4851a1d" />
    <TestEntry testId="466284d2-2e95-53ab-3069-22fbe1d6fa90" executionId="613be31f-56c1-406a-951b-5887cc341d1c" testListId="8c84fa94-04c1-424b-9868-57a2d4851a1d" />
    <TestEntry testId="3f91c13c-f03a-43b3-ab88-77bc5dd1f305" executionId="7fdb6c9a-6b48-4bb8-a7dc-065b5714a05d" testListId="8c84fa94-04c1-424b-9868-57a2d4851a1d" />
    <TestEntry testId="ac3f3ec4-b345-aeac-c6a1-c0e4720cff39" executionId="732e1b9c-d888-46e3-b71c-0336cc6b9117" testListId="8c84fa94-04c1-424b-9868-57a2d4851a1d" />
    <TestEntry testId="3451cec2-11cc-5e55-a241-9a27e3a08f7e" executionId="916aeceb-afe4-45b6-af66-e08945630c80" testListId="8c84fa94-04c1-424b-9868-57a2d4851a1d" />
    <TestEntry testId="026bc120-d16a-7adb-29d2-dc6fef5db212" executionId="2fd414ad-e4a3-45aa-ac9c-cae59e3ec8e7" testListId="8c84fa94-04c1-424b-9868-57a2d4851a1d" />
    <TestEntry testId="9db37862-17ed-f5b6-29e8-ed40a2135382" executionId="8613d4b4-b6ea-4a8f-8fcb-fa12cada0eb5" testListId="8c84fa94-04c1-424b-9868-57a2d4851a1d" />
    <TestEntry testId="9e01813e-57d4-23b3-59f0-7bcbc7dbc8c4" executionId="267f4c7f-7136-4065-b6bc-b660ae75fdd6" testListId="8c84fa94-04c1-424b-9868-57a2d4851a1d" />
    <TestEntry testId="33fa3612-ff9a-05ca-c17e-82decbd3386e" executionId="30801635-61bf-4849-8a91-df590ac96646" testListId="8c84fa94-04c1-424b-9868-57a2d4851a1d" />
    <TestEntry testId="7c8bde0a-dbf7-6c0e-4c87-198c6c188df0" executionId="151afae2-b795-4d4c-8be6-575eb724454e" testListId="8c84fa94-04c1-424b-9868-57a2d4851a1d" />
    <TestEntry testId="27e9279d-5321-8dfa-1485-62ee62e6a2bf" executionId="d930b896-60dd-49a6-8b07-117dd04c5f89" testListId="8c84fa94-04c1-424b-9868-57a2d4851a1d" />
    <TestEntry testId="17095b9d-557a-21e0-5a35-604aab654639" executionId="07453c97-b8bc-4466-bfc1-9098ffaf1e6b" testListId="8c84fa94-04c1-424b-9868-57a2d4851a1d" />
    <TestEntry testId="1f71b061-f62e-c0a8-99df-7df225e3441d" executionId="b6f4f258-012e-4a0d-b5cf-7514ba6e9651" testListId="8c84fa94-04c1-424b-9868-57a2d4851a1d" />
    <TestEntry testId="683b0e5f-fdca-e00f-742b-d6ba49753c29" executionId="447a35bd-405e-4a09-b3e4-33a957b98ea8" testListId="8c84fa94-04c1-424b-9868-57a2d4851a1d" />
    <TestEntry testId="00bf7df4-0cbd-74f5-d87f-959c48600124" executionId="f3bb1f75-3a31-4ce6-9d1d-1a1b9b4c6d97" testListId="8c84fa94-04c1-424b-9868-57a2d4851a1d" />
    <TestEntry testId="4620ad81-9855-7a6e-2d7c-5dfa4512ba46" executionId="ebdd01c4-0383-4b20-ae31-c0386f349397" testListId="8c84fa94-04c1-424b-9868-57a2d4851a1d" />
    <TestEntry testId="33a2b5d6-481a-8a63-9094-d4a2cbb9e4d9" executionId="845223b2-05a4-4b41-a8a6-6ab328e25594" testListId="8c84fa94-04c1-424b-9868-57a2d4851a1d" />
    <TestEntry testId="3be91fbc-b773-45a9-c85e-7b5aac0ec81b" executionId="b2eb77eb-225b-4f1d-baad-f5eb41ea2ac3" testListId="8c84fa94-04c1-424b-9868-57a2d4851a1d" />
    <TestEntry testId="188dc0a4-113f-dab7-4d17-6f39da15a348" executionId="f6f70f45-d006-42ae-858c-c4a90272e429" testListId="8c84fa94-04c1-424b-9868-57a2d4851a1d" />
    <TestEntry testId="4073307b-a193-a077-25da-2c7c9e6f7e68" executionId="650797fd-660e-4617-bbd1-7eb76a2cd255" testListId="8c84fa94-04c1-424b-9868-57a2d4851a1d" />
    <TestEntry testId="d2321112-3aef-67cb-f4ad-a827e8cefa37" executionId="f8236a66-84cc-499d-b353-4f2486f03adf" testListId="8c84fa94-04c1-424b-9868-57a2d4851a1d" />
    <TestEntry testId="576bbef2-2ae5-e2d0-3242-1b7557f0ea0b" executionId="b5fcafcd-d61d-4e8f-aabe-1563b9f9a94a" testListId="8c84fa94-04c1-424b-9868-57a2d4851a1d" />
    <TestEntry testId="4d358b55-a8ad-b0bb-a061-3583888ebfe2" executionId="0c1143ba-170c-480b-a6dc-386f3dc59851" testListId="8c84fa94-04c1-424b-9868-57a2d4851a1d" />
    <TestEntry testId="da93f4d1-8a22-3785-c993-d99d31537567" executionId="11dc682a-d2d6-4cea-8a2b-0753f67cab10" testListId="8c84fa94-04c1-424b-9868-57a2d4851a1d" />
    <TestEntry testId="34b52d4c-c3b2-53be-5377-28119681f29e" executionId="946e52f3-75f7-4bb9-9ae3-a547ca6a48c9" testListId="8c84fa94-04c1-424b-9868-57a2d4851a1d" />
    <TestEntry testId="c08fd57e-d6ec-0cc4-763d-e4b54bd0fbf8" executionId="5c5735f8-70f5-4f89-93de-600a12ef27ad" testListId="8c84fa94-04c1-424b-9868-57a2d4851a1d" />
    <TestEntry testId="1f702130-0200-2cca-9d39-bb4c15106537" executionId="f37fe7f4-5b5c-4359-9363-e6d8817b13d0" testListId="8c84fa94-04c1-424b-9868-57a2d4851a1d" />
    <TestEntry testId="9e0f6479-93fc-e079-7b0f-9ae64f176801" executionId="e6c1fee2-99b8-45c3-a64c-47902dbc47a9" testListId="8c84fa94-04c1-424b-9868-57a2d4851a1d" />
    <TestEntry testId="32c7b297-3c6e-8f49-f90f-42f8a009b844" executionId="63fd38a4-6978-4b4b-afde-8108e875a5d2" testListId="8c84fa94-04c1-424b-9868-57a2d4851a1d" />
    <TestEntry testId="1c5ff8b5-128a-70f9-66b4-403af2069355" executionId="78c56f88-3947-49e5-8149-b3711cce40fc" testListId="8c84fa94-04c1-424b-9868-57a2d4851a1d" />
    <TestEntry testId="0de4be30-c0ae-a5a1-3cec-03156e13a319" executionId="9b96d338-60c9-4991-9846-8443170ab1b3" testListId="8c84fa94-04c1-424b-9868-57a2d4851a1d" />
    <TestEntry testId="22da01ed-b7da-ea72-ecb9-03d85991ab91" executionId="83b8ad33-f1f5-4ccf-9bd2-15cc5085b089" testListId="8c84fa94-04c1-424b-9868-57a2d4851a1d" />
    <TestEntry testId="d7762f1c-a2c9-4c03-9327-d0bc1c0e2656" executionId="4bd479c5-fb4f-4798-884c-e8c3592e12d9" testListId="8c84fa94-04c1-424b-9868-57a2d4851a1d" />
    <TestEntry testId="db57f529-1336-d135-a9bb-3d85bd810bc2" executionId="7b888897-14c8-4e33-89fc-deb54534c080" testListId="8c84fa94-04c1-424b-9868-57a2d4851a1d" />
    <TestEntry testId="a1ca8019-2886-e223-56bd-33f67bd42424" executionId="0e3efdca-5f05-4a93-9cbc-c96c7789d5b3" testListId="8c84fa94-04c1-424b-9868-57a2d4851a1d" />
    <TestEntry testId="8b6cff21-0a5a-db2f-37d6-5c157b0d1e49" executionId="3ede8675-80c0-4b15-9b5f-ba9563e6bfda" testListId="8c84fa94-04c1-424b-9868-57a2d4851a1d" />
  </TestEntries>
  <TestLists>
    <TestList name="Results Not in a List" id="8c84fa94-04c1-424b-9868-57a2d4851a1d" />
    <TestList name="All Loaded Results" id="19431567-8539-422a-85d7-44ee4e166bda" />
  </TestLists>
  <ResultSummary outcome="Completed">
    <Counters total="735" executed="735" passed="735" failed="0" error="0" timeout="0" aborted="0" inconclusive="0" passedButRunAborted="0" notRunnable="0" notExecuted="0" disconnected="0" warning="0" completed="0" inProgress="0" pending="0" />
    <Output>
      <StdOut>[xUnit.net 00:00:00.00] xUnit.net VSTest Adapter v3.1.5+1b188a7b0a (64-bit .NET 10.0.1)
[xUnit.net 00:00:00.03]   Discovering: Sharpy.Core.Tests
[xUnit.net 00:00:00.06]   Discovered:  Sharpy.Core.Tests
[xUnit.net 00:00:00.08]   Starting:    Sharpy.Core.Tests
     Warning:
     The component "Fluent Assertions" is governed by the rules defined in the Xceed License Agreement and
     the Xceed Fluent Assertions Community License. You may use Fluent Assertions free of charge for
     non-commercial use only. An active subscription is required to use Fluent Assertions for commercial use.
     Please contact Xceed Sales mailto:sales@xceed.com to acquire a subscription at a very low cost.
     A paid commercial license supports the development and continued increasing support of
     Fluent Assertions users under both commercial and community licenses. Help us
     keep Fluent Assertions at the forefront of unit testing.
     For more information, visit https://xceed.com/products/unit-testing/fluent-assertions/
[xUnit.net 00:00:00.19]   Finished:    Sharpy.Core.Tests
</StdOut>
    </Output>
  </ResultSummary>
</TestRun>